# JRE version: OpenJDK Runtime Environment (11.0.13) (build 11.0.13+0-b1751.21-8125866)
# Java VM: OpenJDK 64-Bit Server VM (11.0.13+0-b1751.21-8125866, mixed mode, tiered, compressed oops, g1 gc, windows-amd64)
Heap:
 garbage-first heap   total 355328K, used 165295K [0x0000000080000000, 0x0000000100000000)
  region size 1024K, 2 young (2048K), 2 survivors (2048K)
 Metaspace       used 97804K, capacity 100225K, committed 100560K, reserved 1136640K
  class space    used 12778K, capacity 13679K, committed 13824K, reserved 1048576K
GC Heap History (20 events):
Event: 11.605 GC heap after
{Heap after GC invocations=20 (full 0):
 garbage-first heap   total 163840K, used 94964K [0x0000000080000000, 0x0000000100000000)
  region size 1024K, 4 young (4096K), 4 survivors (4096K)
 Metaspace       used 87306K, capacity 89767K, committed 89936K, reserved 1126400K
  class space    used 11366K, capacity 12292K, committed 12416K, reserved 1048576K
}
Event: 11.793 GC heap before
{Heap before GC invocations=20 (full 0):
 garbage-first heap   total 163840K, used 129780K [0x0000000080000000, 0x0000000100000000)
  region size 1024K, 39 young (39936K), 4 survivors (4096K)
 Metaspace       used 87643K, capacity 90080K, committed 90448K, reserved 1128448K
  class space    used 11394K, capacity 12301K, committed 12416K, reserved 1048576K
}
Event: 11.798 GC heap after
{Heap after GC invocations=21 (full 0):
 garbage-first heap   total 197632K, used 96520K [0x0000000080000000, 0x0000000100000000)
  region size 1024K, 5 young (5120K), 5 survivors (5120K)
 Metaspace       used 87643K, capacity 90080K, committed 90448K, reserved 1128448K
  class space    used 11394K, capacity 12301K, committed 12416K, reserved 1048576K
}
Event: 12.119 GC heap before
{Heap before GC invocations=22 (full 0):
 garbage-first heap   total 197632K, used 130755K [0x0000000080000000, 0x0000000100000000)
  region size 1024K, 54 young (55296K), 5 survivors (5120K)
 Metaspace       used 88297K, capacity 90465K, committed 91344K, reserved 1128448K
  class space    used 11338K, capacity 12133K, committed 12544K, reserved 1048576K
}
Event: 12.127 GC heap after
{Heap after GC invocations=23 (full 0):
 garbage-first heap   total 197632K, used 84561K [0x0000000080000000, 0x0000000100000000)
  region size 1024K, 6 young (6144K), 6 survivors (6144K)
 Metaspace       used 88297K, capacity 90465K, committed 91344K, reserved 1128448K
  class space    used 11338K, capacity 12133K, committed 12544K, reserved 1048576K
}
Event: 12.139 GC heap before
{Heap before GC invocations=23 (full 0):
 garbage-first heap   total 197632K, used 87633K [0x0000000080000000, 0x0000000100000000)
  region size 1024K, 9 young (9216K), 6 survivors (6144K)
 Metaspace       used 88382K, capacity 90532K, committed 91600K, reserved 1128448K
  class space    used 11347K, capacity 12134K, committed 12544K, reserved 1048576K
}
Event: 12.145 GC heap after
{Heap after GC invocations=24 (full 0):
 garbage-first heap   total 197632K, used 83279K [0x0000000080000000, 0x0000000100000000)
  region size 1024K, 1 young (1024K), 1 survivors (1024K)
 Metaspace       used 88382K, capacity 90532K, committed 91600K, reserved 1128448K
  class space    used 11347K, capacity 12134K, committed 12544K, reserved 1048576K
}
Event: 12.187 GC heap before
{Heap before GC invocations=24 (full 0):
 garbage-first heap   total 197632K, used 94543K [0x0000000080000000, 0x0000000100000000)
  region size 1024K, 8 young (8192K), 1 survivors (1024K)
 Metaspace       used 88672K, capacity 90844K, committed 91856K, reserved 1128448K
  class space    used 11390K, capacity 12170K, committed 12544K, reserved 1048576K
}
Event: 12.190 GC heap after
{Heap after GC invocations=25 (full 0):
 garbage-first heap   total 197632K, used 91271K [0x0000000080000000, 0x0000000100000000)
  region size 1024K, 3 young (3072K), 3 survivors (3072K)
 Metaspace       used 88672K, capacity 90844K, committed 91856K, reserved 1128448K
  class space    used 11390K, capacity 12170K, committed 12544K, reserved 1048576K
}
Event: 12.414 GC heap before
{Heap before GC invocations=26 (full 0):
 garbage-first heap   total 197632K, used 126087K [0x0000000080000000, 0x0000000100000000)
  region size 1024K, 34 young (34816K), 3 survivors (3072K)
 Metaspace       used 92715K, capacity 94918K, committed 95696K, reserved 1132544K
  class space    used 11944K, capacity 12740K, committed 13056K, reserved 1048576K
}
Event: 12.418 GC heap after
{Heap after GC invocations=27 (full 0):
 garbage-first heap   total 197632K, used 97806K [0x0000000080000000, 0x0000000100000000)
  region size 1024K, 5 young (5120K), 5 survivors (5120K)
 Metaspace       used 92715K, capacity 94918K, committed 95696K, reserved 1132544K
  class space    used 11944K, capacity 12740K, committed 13056K, reserved 1048576K
}
Event: 12.676 GC heap before
{Heap before GC invocations=28 (full 0):
 garbage-first heap   total 197632K, used 179726K [0x0000000080000000, 0x0000000100000000)
  region size 1024K, 59 young (60416K), 5 survivors (5120K)
 Metaspace       used 94290K, capacity 96447K, committed 97232K, reserved 1132544K
  class space    used 12156K, capacity 12974K, committed 13312K, reserved 1048576K
}
Event: 12.725 GC heap after
{Heap after GC invocations=29 (full 0):
 garbage-first heap   total 201728K, used 123841K [0x0000000080000000, 0x0000000100000000)
  region size 1024K, 8 young (8192K), 8 survivors (8192K)
 Metaspace       used 94290K, capacity 96447K, committed 97232K, reserved 1132544K
  class space    used 12156K, capacity 12974K, committed 13312K, reserved 1048576K
}
Event: 13.041 GC heap before
{Heap before GC invocations=30 (full 0):
 garbage-first heap   total 201728K, used 162753K [0x0000000080000000, 0x0000000100000000)
  region size 1024K, 45 young (46080K), 8 survivors (8192K)
 Metaspace       used 97552K, capacity 100002K, committed 100304K, reserved 1136640K
  class space    used 12768K, capacity 13674K, committed 13824K, reserved 1048576K
}
Event: 13.057 GC heap after
{Heap after GC invocations=31 (full 0):
 garbage-first heap   total 201728K, used 135236K [0x0000000080000000, 0x0000000100000000)
  region size 1024K, 6 young (6144K), 6 survivors (6144K)
 Metaspace       used 97552K, capacity 100002K, committed 100304K, reserved 1136640K
  class space    used 12768K, capacity 13674K, committed 13824K, reserved 1048576K
}
Event: 13.164 GC heap before
{Heap before GC invocations=31 (full 0):
 garbage-first heap   total 201728K, used 163908K [0x0000000080000000, 0x0000000100000000)
  region size 1024K, 34 young (34816K), 6 survivors (6144K)
 Metaspace       used 97764K, capacity 100222K, committed 100560K, reserved 1136640K
  class space    used 12778K, capacity 13679K, committed 13824K, reserved 1048576K
}
Event: 13.181 GC heap after
{Heap after GC invocations=32 (full 0):
 garbage-first heap   total 201728K, used 149837K [0x0000000080000000, 0x0000000100000000)
  region size 1024K, 5 young (5120K), 5 survivors (5120K)
 Metaspace       used 97764K, capacity 100222K, committed 100560K, reserved 1136640K
  class space    used 12778K, capacity 13679K, committed 13824K, reserved 1048576K
}
Event: 13.238 GC heap before
{Heap before GC invocations=32 (full 0):
 garbage-first heap   total 201728K, used 166221K [0x0000000080000000, 0x0000000100000000)
  region size 1024K, 21 young (21504K), 5 survivors (5120K)
 Metaspace       used 97786K, capacity 100222K, committed 100560K, reserved 1136640K
  class space    used 12778K, capacity 13679K, committed 13824K, reserved 1048576K
}
Event: 13.248 GC heap after
{Heap after GC invocations=33 (full 0):
 garbage-first heap   total 201728K, used 159237K [0x0000000080000000, 0x0000000100000000)
  region size 1024K, 3 young (3072K), 3 survivors (3072K)
 Metaspace       used 97786K, capacity 100222K, committed 100560K, reserved 1136640K
  class space    used 12778K, capacity 13679K, committed 13824K, reserved 1048576K
}
Event: 13.275 GC heap before
{Heap before GC invocations=33 (full 0):
 garbage-first heap   total 201728K, used 169477K [0x0000000080000000, 0x0000000100000000)
  region size 1024K, 13 young (13312K), 3 survivors (3072K)
 Metaspace       used 97804K, capacity 100225K, committed 100560K, reserved 1136640K
  class space    used 12778K, capacity 13679K, committed 13824K, reserved 1048576K
}

