# JRE version: OpenJDK Runtime Environment (11.0.13) (build 11.0.13+0-b1751.21-8125866)
# Java VM: OpenJDK 64-Bit Server VM (11.0.13+0-b1751.21-8125866, mixed mode, tiered, compressed oops, g1 gc, windows-amd64)
Heap:
 garbage-first heap   total 500736K, used 119623K [0x0000000080000000, 0x0000000100000000)
  region size 1024K, 3 young (3072K), 3 survivors (3072K)
 Metaspace       used 104343K, capacity 106904K, committed 107416K, reserved 1142784K
  class space    used 13203K, capacity 14154K, committed 14336K, reserved 1048576K
GC Heap History (20 events):
Event: 13.823 GC heap after
{Heap after GC invocations=30 (full 0):
 garbage-first heap   total 231424K, used 188416K [0x0000000080000000, 0x0000000100000000)
  region size 1024K, 2 young (2048K), 2 survivors (2048K)
 Metaspace       used 101597K, capacity 103991K, committed 104856K, reserved 1140736K
  class space    used 12922K, capacity 13835K, committed 14080K, reserved 1048576K
}
Event: 13.843 GC heap before
{Heap before GC invocations=30 (full 0):
 garbage-first heap   total 231424K, used 197632K [0x0000000080000000, 0x0000000100000000)
  region size 1024K, 11 young (11264K), 2 survivors (2048K)
 Metaspace       used 101597K, capacity 103991K, committed 104856K, reserved 1140736K
  class space    used 12922K, capacity 13835K, committed 14080K, reserved 1048576K
}
Event: 13.851 GC heap after
{Heap after GC invocations=31 (full 0):
 garbage-first heap   total 278528K, used 195584K [0x0000000080000000, 0x0000000100000000)
  region size 1024K, 2 young (2048K), 2 survivors (2048K)
 Metaspace       used 101597K, capacity 103991K, committed 104856K, reserved 1140736K
  class space    used 12922K, capacity 13835K, committed 14080K, reserved 1048576K
}
Event: 13.978 GC heap before
{Heap before GC invocations=31 (full 0):
 garbage-first heap   total 278528K, used 216064K [0x0000000080000000, 0x0000000100000000)
  region size 1024K, 22 young (22528K), 2 survivors (2048K)
 Metaspace       used 101688K, capacity 104062K, committed 104856K, reserved 1140736K
  class space    used 12922K, capacity 13835K, committed 14080K, reserved 1048576K
}
Event: 13.986 GC heap after
{Heap after GC invocations=32 (full 0):
 garbage-first heap   total 278528K, used 208760K [0x0000000080000000, 0x0000000100000000)
  region size 1024K, 3 young (3072K), 3 survivors (3072K)
 Metaspace       used 101688K, capacity 104062K, committed 104856K, reserved 1140736K
  class space    used 12922K, capacity 13835K, committed 14080K, reserved 1048576K
}
Event: 14.022 GC heap before
{Heap before GC invocations=33 (full 0):
 garbage-first heap   total 278528K, used 224120K [0x0000000080000000, 0x0000000100000000)
  region size 1024K, 18 young (18432K), 3 survivors (3072K)
 Metaspace       used 101688K, capacity 104062K, committed 104856K, reserved 1140736K
  class space    used 12922K, capacity 13835K, committed 14080K, reserved 1048576K
}
Event: 14.031 GC heap after
{Heap after GC invocations=34 (full 0):
 garbage-first heap   total 278528K, used 223851K [0x0000000080000000, 0x0000000100000000)
  region size 1024K, 3 young (3072K), 3 survivors (3072K)
 Metaspace       used 101688K, capacity 104062K, committed 104856K, reserved 1140736K
  class space    used 12922K, capacity 13835K, committed 14080K, reserved 1048576K
}
Event: 14.048 GC heap before
{Heap before GC invocations=34 (full 0):
 garbage-first heap   total 278528K, used 234091K [0x0000000080000000, 0x0000000100000000)
  region size 1024K, 13 young (13312K), 3 survivors (3072K)
 Metaspace       used 101688K, capacity 104062K, committed 104856K, reserved 1140736K
  class space    used 12922K, capacity 13835K, committed 14080K, reserved 1048576K
}
Event: 14.055 GC heap after
{Heap after GC invocations=35 (full 0):
 garbage-first heap   total 278528K, used 232447K [0x0000000080000000, 0x0000000100000000)
  region size 1024K, 2 young (2048K), 2 survivors (2048K)
 Metaspace       used 101688K, capacity 104062K, committed 104856K, reserved 1140736K
  class space    used 12922K, capacity 13835K, committed 14080K, reserved 1048576K
}
Event: 14.078 GC heap before
{Heap before GC invocations=35 (full 0):
 garbage-first heap   total 278528K, used 243711K [0x0000000080000000, 0x0000000100000000)
  region size 1024K, 13 young (13312K), 2 survivors (2048K)
 Metaspace       used 101688K, capacity 104062K, committed 104856K, reserved 1140736K
  class space    used 12922K, capacity 13835K, committed 14080K, reserved 1048576K
}
Event: 14.085 GC heap after
{Heap after GC invocations=36 (full 0):
 garbage-first heap   total 278528K, used 241591K [0x0000000080000000, 0x0000000100000000)
  region size 1024K, 2 young (2048K), 2 survivors (2048K)
 Metaspace       used 101688K, capacity 104062K, committed 104856K, reserved 1140736K
  class space    used 12922K, capacity 13835K, committed 14080K, reserved 1048576K
}
Event: 14.109 GC heap before
{Heap before GC invocations=36 (full 0):
 garbage-first heap   total 278528K, used 252855K [0x0000000080000000, 0x0000000100000000)
  region size 1024K, 13 young (13312K), 2 survivors (2048K)
 Metaspace       used 101688K, capacity 104062K, committed 104856K, reserved 1140736K
  class space    used 12922K, capacity 13835K, committed 14080K, reserved 1048576K
}
Event: 14.118 GC heap after
{Heap after GC invocations=37 (full 0):
 garbage-first heap   total 334848K, used 249505K [0x0000000080000000, 0x0000000100000000)
  region size 1024K, 2 young (2048K), 2 survivors (2048K)
 Metaspace       used 101688K, capacity 104062K, committed 104856K, reserved 1140736K
  class space    used 12922K, capacity 13835K, committed 14080K, reserved 1048576K
}
Event: 14.382 GC heap before
{Heap before GC invocations=38 (full 0):
 garbage-first heap   total 334848K, used 229025K [0x0000000080000000, 0x0000000100000000)
  region size 1024K, 19 young (19456K), 2 survivors (2048K)
 Metaspace       used 102824K, capacity 105264K, committed 106008K, reserved 1140736K
  class space    used 13051K, capacity 13979K, committed 14208K, reserved 1048576K
}
Event: 14.387 GC heap after
{Heap after GC invocations=39 (full 0):
 garbage-first heap   total 334848K, used 213922K [0x0000000080000000, 0x0000000100000000)
  region size 1024K, 2 young (2048K), 2 survivors (2048K)
 Metaspace       used 102824K, capacity 105264K, committed 106008K, reserved 1140736K
  class space    used 13051K, capacity 13979K, committed 14208K, reserved 1048576K
}
Event: 14.520 GC heap before
{Heap before GC invocations=39 (full 0):
 garbage-first heap   total 334848K, used 228258K [0x0000000080000000, 0x0000000100000000)
  region size 1024K, 16 young (16384K), 2 survivors (2048K)
 Metaspace       used 103084K, capacity 105528K, committed 106264K, reserved 1140736K
  class space    used 13053K, capacity 13980K, committed 14208K, reserved 1048576K
}
Event: 14.524 GC heap after
{Heap after GC invocations=40 (full 0):
 garbage-first heap   total 334848K, used 204025K [0x0000000080000000, 0x0000000100000000)
  region size 1024K, 1 young (1024K), 1 survivors (1024K)
 Metaspace       used 103084K, capacity 105528K, committed 106264K, reserved 1140736K
  class space    used 13053K, capacity 13980K, committed 14208K, reserved 1048576K
}
Event: 14.953 GC heap before
{Heap before GC invocations=40 (full 0):
 garbage-first heap   total 334848K, used 237817K [0x0000000080000000, 0x0000000100000000)
  region size 1024K, 35 young (35840K), 1 survivors (1024K)
 Metaspace       used 104079K, capacity 106594K, committed 107160K, reserved 1142784K
  class space    used 13161K, capacity 14101K, committed 14336K, reserved 1048576K
}
Event: 14.961 GC heap after
{Heap after GC invocations=41 (full 0):
 garbage-first heap   total 334848K, used 209113K [0x0000000080000000, 0x0000000100000000)
  region size 1024K, 5 young (5120K), 5 survivors (5120K)
 Metaspace       used 104079K, capacity 106594K, committed 107160K, reserved 1142784K
  class space    used 13161K, capacity 14101K, committed 14336K, reserved 1048576K
}
Event: 15.171 GC heap before
{Heap before GC invocations=42 (full 0):
 garbage-first heap   total 334848K, used 152793K [0x0000000080000000, 0x0000000100000000)
  region size 1024K, 40 young (40960K), 5 survivors (5120K)
 Metaspace       used 104343K, capacity 106904K, committed 107416K, reserved 1142784K
  class space    used 13203K, capacity 14154K, committed 14336K, reserved 1048576K
}

