# JRE version: OpenJDK Runtime Environment (11.0.13) (build 11.0.13+0-b1751.21-8125866)
# Java VM: OpenJDK 64-Bit Server VM (11.0.13+0-b1751.21-8125866, mixed mode, tiered, compressed oops, g1 gc, windows-amd64)
Heap:
 garbage-first heap   total 719872K, used 132927K [0x0000000080000000, 0x0000000100000000)
  region size 1024K, 3 young (3072K), 3 survivors (3072K)
 Metaspace       used 105873K, capacity 108527K, committed 108968K, reserved 1144832K
  class space    used 13431K, capacity 14423K, committed 14592K, reserved 1048576K
GC Heap History (20 events):
Event: 14.133 GC heap after
{Heap after GC invocations=30 (full 0):
 garbage-first heap   total 225280K, used 191867K [0x0000000080000000, 0x0000000100000000)
  region size 1024K, 2 young (2048K), 2 survivors (2048K)
 Metaspace       used 101553K, capacity 103977K, committed 105000K, reserved 1140736K
  class space    used 12921K, capacity 13836K, committed 14208K, reserved 1048576K
}
Event: 14.152 GC heap before
{Heap before GC invocations=30 (full 0):
 garbage-first heap   total 225280K, used 201083K [0x0000000080000000, 0x0000000100000000)
  region size 1024K, 11 young (11264K), 2 survivors (2048K)
 Metaspace       used 101555K, capacity 103977K, committed 105000K, reserved 1140736K
  class space    used 12921K, capacity 13836K, committed 14208K, reserved 1048576K
}
Event: 14.158 GC heap after
{Heap after GC invocations=31 (full 0):
 garbage-first heap   total 225280K, used 198069K [0x0000000080000000, 0x0000000100000000)
  region size 1024K, 2 young (2048K), 2 survivors (2048K)
 Metaspace       used 101555K, capacity 103977K, committed 105000K, reserved 1140736K
  class space    used 12921K, capacity 13836K, committed 14208K, reserved 1048576K
}
Event: 14.245 GC heap before
{Heap before GC invocations=31 (full 0):
 garbage-first heap   total 225280K, used 207285K [0x0000000080000000, 0x0000000100000000)
  region size 1024K, 11 young (11264K), 2 survivors (2048K)
 Metaspace       used 101602K, capacity 104044K, committed 105000K, reserved 1140736K
  class space    used 12921K, capacity 13836K, committed 14208K, reserved 1048576K
}
Event: 14.250 GC heap after
{Heap after GC invocations=32 (full 0):
 garbage-first heap   total 270336K, used 200825K [0x0000000080000000, 0x0000000100000000)
  region size 1024K, 2 young (2048K), 2 survivors (2048K)
 Metaspace       used 101602K, capacity 104044K, committed 105000K, reserved 1140736K
  class space    used 12921K, capacity 13836K, committed 14208K, reserved 1048576K
}
Event: 14.311 GC heap before
{Heap before GC invocations=33 (full 0):
 garbage-first heap   total 270336K, used 217209K [0x0000000080000000, 0x0000000100000000)
  region size 1024K, 18 young (18432K), 2 survivors (2048K)
 Metaspace       used 101608K, capacity 104044K, committed 105000K, reserved 1140736K
  class space    used 12921K, capacity 13836K, committed 14208K, reserved 1048576K
}
Event: 14.318 GC heap after
{Heap after GC invocations=34 (full 0):
 garbage-first heap   total 270336K, used 217046K [0x0000000080000000, 0x0000000100000000)
  region size 1024K, 3 young (3072K), 3 survivors (3072K)
 Metaspace       used 101608K, capacity 104044K, committed 105000K, reserved 1140736K
  class space    used 12921K, capacity 13836K, committed 14208K, reserved 1048576K
}
Event: 14.334 GC heap before
{Heap before GC invocations=34 (full 0):
 garbage-first heap   total 270336K, used 226262K [0x0000000080000000, 0x0000000100000000)
  region size 1024K, 13 young (13312K), 3 survivors (3072K)
 Metaspace       used 101608K, capacity 104044K, committed 105000K, reserved 1140736K
  class space    used 12921K, capacity 13836K, committed 14208K, reserved 1048576K
}
Event: 14.339 GC heap after
{Heap after GC invocations=35 (full 0):
 garbage-first heap   total 270336K, used 226677K [0x0000000080000000, 0x0000000100000000)
  region size 1024K, 2 young (2048K), 2 survivors (2048K)
 Metaspace       used 101608K, capacity 104044K, committed 105000K, reserved 1140736K
  class space    used 12921K, capacity 13836K, committed 14208K, reserved 1048576K
}
Event: 14.357 GC heap before
{Heap before GC invocations=35 (full 0):
 garbage-first heap   total 270336K, used 237941K [0x0000000080000000, 0x0000000100000000)
  region size 1024K, 13 young (13312K), 2 survivors (2048K)
 Metaspace       used 101608K, capacity 104044K, committed 105000K, reserved 1140736K
  class space    used 12921K, capacity 13836K, committed 14208K, reserved 1048576K
}
Event: 14.365 GC heap after
{Heap after GC invocations=36 (full 0):
 garbage-first heap   total 270336K, used 235901K [0x0000000080000000, 0x0000000100000000)
  region size 1024K, 2 young (2048K), 2 survivors (2048K)
 Metaspace       used 101608K, capacity 104044K, committed 105000K, reserved 1140736K
  class space    used 12921K, capacity 13836K, committed 14208K, reserved 1048576K
}
Event: 14.381 GC heap before
{Heap before GC invocations=36 (full 0):
 garbage-first heap   total 270336K, used 247165K [0x0000000080000000, 0x0000000100000000)
  region size 1024K, 13 young (13312K), 2 survivors (2048K)
 Metaspace       used 101608K, capacity 104044K, committed 105000K, reserved 1140736K
  class space    used 12921K, capacity 13836K, committed 14208K, reserved 1048576K
}
Event: 14.390 GC heap after
{Heap after GC invocations=37 (full 0):
 garbage-first heap   total 377856K, used 244713K [0x0000000080000000, 0x0000000100000000)
  region size 1024K, 2 young (2048K), 2 survivors (2048K)
 Metaspace       used 101608K, capacity 104044K, committed 105000K, reserved 1140736K
  class space    used 12921K, capacity 13836K, committed 14208K, reserved 1048576K
}
Event: 14.793 GC heap before
{Heap before GC invocations=38 (full 0):
 garbage-first heap   total 377856K, used 244713K [0x0000000080000000, 0x0000000100000000)
  region size 1024K, 34 young (34816K), 2 survivors (2048K)
 Metaspace       used 102915K, capacity 105315K, committed 106152K, reserved 1140736K
  class space    used 13050K, capacity 13980K, committed 14336K, reserved 1048576K
}
Event: 14.803 GC heap after
{Heap after GC invocations=39 (full 0):
 garbage-first heap   total 377856K, used 219459K [0x0000000080000000, 0x0000000100000000)
  region size 1024K, 5 young (5120K), 5 survivors (5120K)
 Metaspace       used 102915K, capacity 105315K, committed 106152K, reserved 1140736K
  class space    used 13050K, capacity 13980K, committed 14336K, reserved 1048576K
}
Event: 14.952 GC heap before
{Heap before GC invocations=39 (full 0):
 garbage-first heap   total 377856K, used 232771K [0x0000000080000000, 0x0000000100000000)
  region size 1024K, 18 young (18432K), 5 survivors (5120K)
 Metaspace       used 103320K, capacity 105772K, committed 106664K, reserved 1142784K
  class space    used 13083K, capacity 14025K, committed 14336K, reserved 1048576K
}
Event: 14.957 GC heap after
{Heap after GC invocations=40 (full 0):
 garbage-first heap   total 377856K, used 207219K [0x0000000080000000, 0x0000000100000000)
  region size 1024K, 2 young (2048K), 2 survivors (2048K)
 Metaspace       used 103320K, capacity 105772K, committed 106664K, reserved 1142784K
  class space    used 13083K, capacity 14025K, committed 14336K, reserved 1048576K
}
Event: 15.397 GC heap before
{Heap before GC invocations=40 (full 0):
 garbage-first heap   total 377856K, used 254323K [0x0000000080000000, 0x0000000100000000)
  region size 1024K, 49 young (50176K), 2 survivors (2048K)
 Metaspace       used 104298K, capacity 106755K, committed 107432K, reserved 1142784K
  class space    used 13194K, capacity 14132K, committed 14336K, reserved 1048576K
}
Event: 15.408 GC heap after
{Heap after GC invocations=41 (full 0):
 garbage-first heap   total 377856K, used 211847K [0x0000000080000000, 0x0000000100000000)
  region size 1024K, 6 young (6144K), 6 survivors (6144K)
 Metaspace       used 104298K, capacity 106755K, committed 107432K, reserved 1142784K
  class space    used 13194K, capacity 14132K, committed 14336K, reserved 1048576K
}
Event: 15.830 GC heap before
{Heap before GC invocations=42 (full 0):
 garbage-first heap   total 377856K, used 182151K [0x0000000080000000, 0x0000000100000000)
  region size 1024K, 57 young (58368K), 6 survivors (6144K)
 Metaspace       used 105873K, capacity 108527K, committed 108968K, reserved 1144832K
  class space    used 13431K, capacity 14423K, committed 14592K, reserved 1048576K
}

