# JRE version: OpenJDK Runtime Environment (11.0.13) (build 11.0.13+0-b1751.21-8125866)
# Java VM: OpenJDK 64-Bit Server VM (11.0.13+0-b1751.21-8125866, mixed mode, tiered, compressed oops, g1 gc, windows-amd64)
Heap:
 garbage-first heap   total 270336K, used 111982K [0x0000000080000000, 0x0000000100000000)
  region size 1024K, 10 young (10240K), 10 survivors (10240K)
 Metaspace       used 104949K, capacity 107461K, committed 107804K, reserved 1142784K
  class space    used 13168K, capacity 14101K, committed 14208K, reserved 1048576K
GC Heap History (20 events):
Event: 16.673 GC heap before
{Heap before GC invocations=38 (full 0):
 garbage-first heap   total 155648K, used 116690K [0x0000000080000000, 0x0000000100000000)
  region size 1024K, 24 young (24576K), 4 survivors (4096K)
 Metaspace       used 93526K, capacity 95649K, committed 96284K, reserved 1132544K
  class space    used 11865K, capacity 12675K, committed 12928K, reserved 1048576K
}
Event: 16.677 GC heap after
{Heap after GC invocations=39 (full 0):
 garbage-first heap   total 155648K, used 98316K [0x0000000080000000, 0x0000000100000000)
  region size 1024K, 2 young (2048K), 2 survivors (2048K)
 Metaspace       used 93526K, capacity 95649K, committed 96284K, reserved 1132544K
  class space    used 11865K, capacity 12675K, committed 12928K, reserved 1048576K
}
Event: 16.708 GC heap before
{Heap before GC invocations=39 (full 0):
 garbage-first heap   total 155648K, used 103436K [0x0000000080000000, 0x0000000100000000)
  region size 1024K, 7 young (7168K), 2 survivors (2048K)
 Metaspace       used 93572K, capacity 95717K, committed 96540K, reserved 1132544K
  class space    used 11866K, capacity 12676K, committed 12928K, reserved 1048576K
}
Event: 16.712 GC heap after
{Heap after GC invocations=40 (full 0):
 garbage-first heap   total 155648K, used 83980K [0x0000000080000000, 0x0000000100000000)
  region size 1024K, 1 young (1024K), 1 survivors (1024K)
 Metaspace       used 93572K, capacity 95717K, committed 96540K, reserved 1132544K
  class space    used 11866K, capacity 12676K, committed 12928K, reserved 1048576K
}
Event: 16.903 GC heap before
{Heap before GC invocations=40 (full 0):
 garbage-first heap   total 155648K, used 115724K [0x0000000080000000, 0x0000000100000000)
  region size 1024K, 32 young (32768K), 1 survivors (1024K)
 Metaspace       used 93906K, capacity 95979K, committed 96796K, reserved 1132544K
  class space    used 11883K, capacity 12677K, committed 12928K, reserved 1048576K
}
Event: 16.908 GC heap after
{Heap after GC invocations=41 (full 0):
 garbage-first heap   total 187392K, used 85549K [0x0000000080000000, 0x0000000100000000)
  region size 1024K, 3 young (3072K), 3 survivors (3072K)
 Metaspace       used 93906K, capacity 95979K, committed 96796K, reserved 1132544K
  class space    used 11883K, capacity 12677K, committed 12928K, reserved 1048576K
}
Event: 17.177 GC heap before
{Heap before GC invocations=42 (full 0):
 garbage-first heap   total 187392K, used 130605K [0x0000000080000000, 0x0000000100000000)
  region size 1024K, 47 young (48128K), 3 survivors (3072K)
 Metaspace       used 95115K, capacity 97213K, committed 97948K, reserved 1134592K
  class space    used 11996K, capacity 12809K, committed 13056K, reserved 1048576K
}
Event: 17.183 GC heap after
{Heap after GC invocations=43 (full 0):
 garbage-first heap   total 187392K, used 88919K [0x0000000080000000, 0x0000000100000000)
  region size 1024K, 6 young (6144K), 6 survivors (6144K)
 Metaspace       used 95115K, capacity 97213K, committed 97948K, reserved 1134592K
  class space    used 11996K, capacity 12809K, committed 13056K, reserved 1048576K
}
Event: 17.460 GC heap before
{Heap before GC invocations=43 (full 0):
 garbage-first heap   total 187392K, used 133975K [0x0000000080000000, 0x0000000100000000)
  region size 1024K, 51 young (52224K), 6 survivors (6144K)
 Metaspace       used 95940K, capacity 98140K, committed 98844K, reserved 1134592K
  class space    used 12075K, capacity 12876K, committed 13184K, reserved 1048576K
}
Event: 17.465 GC heap after
{Heap after GC invocations=44 (full 0):
 garbage-first heap   total 187392K, used 89238K [0x0000000080000000, 0x0000000100000000)
  region size 1024K, 2 young (2048K), 2 survivors (2048K)
 Metaspace       used 95940K, capacity 98140K, committed 98844K, reserved 1134592K
  class space    used 12075K, capacity 12876K, committed 13184K, reserved 1048576K
}
Event: 18.176 GC heap before
{Heap before GC invocations=44 (full 0):
 garbage-first heap   total 187392K, used 137366K [0x0000000080000000, 0x0000000100000000)
  region size 1024K, 50 young (51200K), 2 survivors (2048K)
 Metaspace       used 98327K, capacity 100554K, committed 101148K, reserved 1136640K
  class space    used 12384K, capacity 13209K, committed 13440K, reserved 1048576K
}
Event: 18.180 GC heap after
{Heap after GC invocations=45 (full 0):
 garbage-first heap   total 187392K, used 89889K [0x0000000080000000, 0x0000000100000000)
  region size 1024K, 3 young (3072K), 3 survivors (3072K)
 Metaspace       used 98327K, capacity 100554K, committed 101148K, reserved 1136640K
  class space    used 12384K, capacity 13209K, committed 13440K, reserved 1048576K
}
Event: 19.006 GC heap before
{Heap before GC invocations=46 (full 0):
 garbage-first heap   total 187392K, used 137803K [0x0000000080000000, 0x0000000100000000)
  region size 1024K, 53 young (54272K), 3 survivors (3072K)
 Metaspace       used 100383K, capacity 102505K, committed 103196K, reserved 1138688K
  class space    used 12610K, capacity 13406K, committed 13696K, reserved 1048576K
}
Event: 19.015 GC heap after
{Heap after GC invocations=47 (full 0):
 garbage-first heap   total 225280K, used 90863K [0x0000000080000000, 0x0000000100000000)
  region size 1024K, 6 young (6144K), 6 survivors (6144K)
 Metaspace       used 100383K, capacity 102505K, committed 103196K, reserved 1138688K
  class space    used 12610K, capacity 13406K, committed 13696K, reserved 1048576K
}
Event: 19.072 GC heap before
{Heap before GC invocations=47 (full 0):
 garbage-first heap   total 225280K, used 95983K [0x0000000080000000, 0x0000000100000000)
  region size 1024K, 11 young (11264K), 6 survivors (6144K)
 Metaspace       used 100521K, capacity 102731K, committed 103452K, reserved 1138688K
  class space    used 12628K, capacity 13438K, committed 13696K, reserved 1048576K
}
Event: 19.078 GC heap after
{Heap after GC invocations=48 (full 0):
 garbage-first heap   total 225280K, used 86987K [0x0000000080000000, 0x0000000100000000)
  region size 1024K, 1 young (1024K), 1 survivors (1024K)
 Metaspace       used 100521K, capacity 102731K, committed 103452K, reserved 1138688K
  class space    used 12628K, capacity 13438K, committed 13696K, reserved 1048576K
}
Event: 19.602 GC heap before
{Heap before GC invocations=48 (full 0):
 garbage-first heap   total 225280K, used 158667K [0x0000000080000000, 0x0000000100000000)
  region size 1024K, 71 young (72704K), 1 survivors (1024K)
 Metaspace       used 101860K, capacity 104221K, committed 104604K, reserved 1140736K
  class space    used 12746K, capacity 13617K, committed 13824K, reserved 1048576K
}
Event: 19.609 GC heap after
{Heap after GC invocations=49 (full 0):
 garbage-first heap   total 225280K, used 92369K [0x0000000080000000, 0x0000000100000000)
  region size 1024K, 7 young (7168K), 7 survivors (7168K)
 Metaspace       used 101860K, capacity 104221K, committed 104604K, reserved 1140736K
  class space    used 12746K, capacity 13617K, committed 13824K, reserved 1048576K
}
Event: 19.979 GC heap before
{Heap before GC invocations=49 (full 0):
 garbage-first heap   total 225280K, used 181457K [0x0000000080000000, 0x0000000100000000)
  region size 1024K, 77 young (78848K), 7 survivors (7168K)
 Metaspace       used 102840K, capacity 105220K, committed 105500K, reserved 1140736K
  class space    used 12874K, capacity 13773K, committed 13952K, reserved 1048576K
}
Event: 19.988 GC heap after
{Heap after GC invocations=50 (full 0):
 garbage-first heap   total 225280K, used 101861K [0x0000000080000000, 0x0000000100000000)
  region size 1024K, 8 young (8192K), 8 survivors (8192K)
 Metaspace       used 102840K, capacity 105220K, committed 105500K, reserved 1140736K
  class space    used 12874K, capacity 13773K, committed 13952K, reserved 1048576K
}

