# JRE version: OpenJDK Runtime Environment (11.0.13) (build 11.0.13+0-b1751.21-8125866)
# Java VM: OpenJDK 64-Bit Server VM (11.0.13+0-b1751.21-8125866, mixed mode, tiered, compressed oops, g1 gc, windows-amd64)
Heap:
 garbage-first heap   total 700416K, used 210168K [0x0000000080000000, 0x0000000100000000)
  region size 1024K, 4 young (4096K), 4 survivors (4096K)
 Metaspace       used 104026K, capacity 106544K, committed 107216K, reserved 1142784K
  class space    used 13182K, capacity 14101K, committed 14336K, reserved 1048576K
GC Heap History (20 events):
Event: 15.398 GC heap after
{Heap after GC invocations=37 (full 0):
 garbage-first heap   total 187392K, used 145665K [0x0000000080000000, 0x0000000100000000)
  region size 1024K, 2 young (2048K), 2 survivors (2048K)
 Metaspace       used 102006K, capacity 104379K, committed 105296K, reserved 1140736K
  class space    used 12986K, capacity 13883K, committed 14208K, reserved 1048576K
}
Event: 15.442 GC heap before
{Heap before GC invocations=37 (full 0):
 garbage-first heap   total 187392K, used 154881K [0x0000000080000000, 0x0000000100000000)
  region size 1024K, 11 young (11264K), 2 survivors (2048K)
 Metaspace       used 102039K, capacity 104444K, committed 105296K, reserved 1140736K
  class space    used 12986K, capacity 13883K, committed 14208K, reserved 1048576K
}
Event: 15.448 GC heap after
{Heap after GC invocations=38 (full 0):
 garbage-first heap   total 187392K, used 153713K [0x0000000080000000, 0x0000000100000000)
  region size 1024K, 2 young (2048K), 2 survivors (2048K)
 Metaspace       used 102039K, capacity 104444K, committed 105296K, reserved 1140736K
  class space    used 12986K, capacity 13883K, committed 14208K, reserved 1048576K
}
Event: 15.470 GC heap before
{Heap before GC invocations=38 (full 0):
 garbage-first heap   total 187392K, used 160881K [0x0000000080000000, 0x0000000100000000)
  region size 1024K, 9 young (9216K), 2 survivors (2048K)
 Metaspace       used 102039K, capacity 104444K, committed 105296K, reserved 1140736K
  class space    used 12986K, capacity 13883K, committed 14208K, reserved 1048576K
}
Event: 15.475 GC heap after
{Heap after GC invocations=39 (full 0):
 garbage-first heap   total 225280K, used 161282K [0x0000000080000000, 0x0000000100000000)
  region size 1024K, 2 young (2048K), 2 survivors (2048K)
 Metaspace       used 102039K, capacity 104444K, committed 105296K, reserved 1140736K
  class space    used 12986K, capacity 13883K, committed 14208K, reserved 1048576K
}
Event: 15.521 GC heap before
{Heap before GC invocations=39 (full 0):
 garbage-first heap   total 225280K, used 177666K [0x0000000080000000, 0x0000000100000000)
  region size 1024K, 18 young (18432K), 2 survivors (2048K)
 Metaspace       used 102040K, capacity 104445K, committed 105296K, reserved 1140736K
  class space    used 12986K, capacity 13883K, committed 14208K, reserved 1048576K
}
Event: 15.530 GC heap after
{Heap after GC invocations=40 (full 0):
 garbage-first heap   total 225280K, used 178429K [0x0000000080000000, 0x0000000100000000)
  region size 1024K, 3 young (3072K), 3 survivors (3072K)
 Metaspace       used 102040K, capacity 104445K, committed 105296K, reserved 1140736K
  class space    used 12986K, capacity 13883K, committed 14208K, reserved 1048576K
}
Event: 15.542 GC heap before
{Heap before GC invocations=40 (full 0):
 garbage-first heap   total 225280K, used 186621K [0x0000000080000000, 0x0000000100000000)
  region size 1024K, 11 young (11264K), 3 survivors (3072K)
 Metaspace       used 102040K, capacity 104445K, committed 105296K, reserved 1140736K
  class space    used 12986K, capacity 13883K, committed 14208K, reserved 1048576K
}
Event: 15.550 GC heap after
{Heap after GC invocations=41 (full 0):
 garbage-first heap   total 225280K, used 187906K [0x0000000080000000, 0x0000000100000000)
  region size 1024K, 2 young (2048K), 2 survivors (2048K)
 Metaspace       used 102040K, capacity 104445K, committed 105296K, reserved 1140736K
  class space    used 12986K, capacity 13883K, committed 14208K, reserved 1048576K
}
Event: 15.584 GC heap before
{Heap before GC invocations=41 (full 0):
 garbage-first heap   total 225280K, used 197122K [0x0000000080000000, 0x0000000100000000)
  region size 1024K, 11 young (11264K), 2 survivors (2048K)
 Metaspace       used 102042K, capacity 104445K, committed 105296K, reserved 1140736K
  class space    used 12986K, capacity 13883K, committed 14208K, reserved 1048576K
}
Event: 15.592 GC heap after
{Heap after GC invocations=42 (full 0):
 garbage-first heap   total 225280K, used 197201K [0x0000000080000000, 0x0000000100000000)
  region size 1024K, 2 young (2048K), 2 survivors (2048K)
 Metaspace       used 102042K, capacity 104445K, committed 105296K, reserved 1140736K
  class space    used 12986K, capacity 13883K, committed 14208K, reserved 1048576K
}
Event: 15.660 GC heap before
{Heap before GC invocations=43 (full 0):
 garbage-first heap   total 225280K, used 206417K [0x0000000080000000, 0x0000000100000000)
  region size 1024K, 11 young (11264K), 2 survivors (2048K)
 Metaspace       used 102090K, capacity 104511K, committed 105552K, reserved 1140736K
  class space    used 12986K, capacity 13883K, committed 14208K, reserved 1048576K
}
Event: 15.668 GC heap after
{Heap after GC invocations=44 (full 0):
 garbage-first heap   total 350208K, used 202072K [0x0000000080000000, 0x0000000100000000)
  region size 1024K, 2 young (2048K), 2 survivors (2048K)
 Metaspace       used 102090K, capacity 104511K, committed 105552K, reserved 1140736K
  class space    used 12986K, capacity 13883K, committed 14208K, reserved 1048576K
}
Event: 15.753 GC heap before
{Heap before GC invocations=44 (full 0):
 garbage-first heap   total 350208K, used 243032K [0x0000000080000000, 0x0000000100000000)
  region size 1024K, 42 young (43008K), 2 survivors (2048K)
 Metaspace       used 102090K, capacity 104511K, committed 105552K, reserved 1140736K
  class space    used 12986K, capacity 13883K, committed 14208K, reserved 1048576K
}
Event: 15.778 GC heap after
{Heap after GC invocations=45 (full 0):
 garbage-first heap   total 350208K, used 240943K [0x0000000080000000, 0x0000000100000000)
  region size 1024K, 6 young (6144K), 6 survivors (6144K)
 Metaspace       used 102090K, capacity 104511K, committed 105552K, reserved 1140736K
  class space    used 12986K, capacity 13883K, committed 14208K, reserved 1048576K
}
Event: 16.107 GC heap before
{Heap before GC invocations=46 (full 0):
 garbage-first heap   total 350208K, used 233775K [0x0000000080000000, 0x0000000100000000)
  region size 1024K, 29 young (29696K), 6 survivors (6144K)
 Metaspace       used 103389K, capacity 105912K, committed 106704K, reserved 1142784K
  class space    used 13119K, capacity 14028K, committed 14336K, reserved 1048576K
}
Event: 16.119 GC heap after
{Heap after GC invocations=47 (full 0):
 garbage-first heap   total 350208K, used 218623K [0x0000000080000000, 0x0000000100000000)
  region size 1024K, 4 young (4096K), 4 survivors (4096K)
 Metaspace       used 103389K, capacity 105912K, committed 106704K, reserved 1142784K
  class space    used 13119K, capacity 14028K, committed 14336K, reserved 1048576K
}
Event: 16.462 GC heap before
{Heap before GC invocations=47 (full 0):
 garbage-first heap   total 350208K, used 230911K [0x0000000080000000, 0x0000000100000000)
  region size 1024K, 17 young (17408K), 4 survivors (4096K)
 Metaspace       used 103931K, capacity 106465K, committed 107216K, reserved 1142784K
  class space    used 13181K, capacity 14100K, committed 14336K, reserved 1048576K
}
Event: 16.468 GC heap after
{Heap after GC invocations=48 (full 0):
 garbage-first heap   total 350208K, used 208171K [0x0000000080000000, 0x0000000100000000)
  region size 1024K, 2 young (2048K), 2 survivors (2048K)
 Metaspace       used 103931K, capacity 106465K, committed 107216K, reserved 1142784K
  class space    used 13181K, capacity 14100K, committed 14336K, reserved 1048576K
}
Event: 16.656 GC heap before
{Heap before GC invocations=48 (full 0):
 garbage-first heap   total 350208K, used 246059K [0x0000000080000000, 0x0000000100000000)
  region size 1024K, 40 young (40960K), 2 survivors (2048K)
 Metaspace       used 104026K, capacity 106544K, committed 107216K, reserved 1142784K
  class space    used 13182K, capacity 14101K, committed 14336K, reserved 1048576K
}

