# JRE version: OpenJDK Runtime Environment (11.0.13) (build 11.0.13+0-b1751.21-8125866)
# Java VM: OpenJDK 64-Bit Server VM (11.0.13+0-b1751.21-8125866, mixed mode, tiered, compressed oops, g1 gc, windows-amd64)
Heap:
 garbage-first heap   total 589824K, used 193098K [0x0000000080000000, 0x0000000100000000)
  region size 1024K, 7 young (7168K), 7 survivors (7168K)
 Metaspace       used 115051K, capacity 119270K, committed 119464K, reserved 1150976K
  class space    used 15299K, capacity 17129K, committed 17228K, reserved 1048576K
GC Heap History (20 events):
Event: 15.532 GC heap after
{Heap after GC invocations=37 (full 0):
 garbage-first heap   total 225280K, used 101550K [0x0000000080000000, 0x0000000100000000)
  region size 1024K, 10 young (10240K), 10 survivors (10240K)
 Metaspace       used 101175K, capacity 103419K, committed 103976K, reserved 1140736K
  class space    used 12718K, capacity 13554K, committed 13772K, reserved 1048576K
}
Event: 15.533 GC heap before
{Heap before GC invocations=37 (full 0):
 garbage-first heap   total 225280K, used 102574K [0x0000000080000000, 0x0000000100000000)
  region size 1024K, 11 young (11264K), 10 survivors (10240K)
 Metaspace       used 101178K, capacity 103419K, committed 103976K, reserved 1140736K
  class space    used 12718K, capacity 13554K, committed 13772K, reserved 1048576K
}
Event: 15.539 GC heap after
{Heap after GC invocations=38 (full 0):
 garbage-first heap   total 225280K, used 102841K [0x0000000080000000, 0x0000000100000000)
  region size 1024K, 2 young (2048K), 2 survivors (2048K)
 Metaspace       used 101178K, capacity 103419K, committed 103976K, reserved 1140736K
  class space    used 12718K, capacity 13554K, committed 13772K, reserved 1048576K
}
Event: 15.619 GC heap before
{Heap before GC invocations=38 (full 0):
 garbage-first heap   total 225280K, used 153017K [0x0000000080000000, 0x0000000100000000)
  region size 1024K, 52 young (53248K), 2 survivors (2048K)
 Metaspace       used 101909K, capacity 104248K, committed 104872K, reserved 1140736K
  class space    used 12830K, capacity 13701K, committed 13900K, reserved 1048576K
}
Event: 15.625 GC heap after
{Heap after GC invocations=39 (full 0):
 garbage-first heap   total 270336K, used 113374K [0x0000000080000000, 0x0000000100000000)
  region size 1024K, 7 young (7168K), 7 survivors (7168K)
 Metaspace       used 101909K, capacity 104248K, committed 104872K, reserved 1140736K
  class space    used 12830K, capacity 13701K, committed 13900K, reserved 1048576K
}
Event: 15.879 GC heap before
{Heap before GC invocations=39 (full 0):
 garbage-first heap   total 270336K, used 153310K [0x0000000080000000, 0x0000000100000000)
  region size 1024K, 47 young (48128K), 7 survivors (7168K)
 Metaspace       used 104814K, capacity 107424K, committed 107688K, reserved 1142784K
  class space    used 13299K, capacity 14325K, committed 14412K, reserved 1048576K
}
Event: 15.886 GC heap after
{Heap after GC invocations=40 (full 0):
 garbage-first heap   total 270336K, used 120657K [0x0000000080000000, 0x0000000100000000)
  region size 1024K, 6 young (6144K), 6 survivors (6144K)
 Metaspace       used 104814K, capacity 107424K, committed 107688K, reserved 1142784K
  class space    used 13299K, capacity 14325K, committed 14412K, reserved 1048576K
}
Event: 16.095 GC heap before
{Heap before GC invocations=40 (full 0):
 garbage-first heap   total 270336K, used 166737K [0x0000000080000000, 0x0000000100000000)
  region size 1024K, 51 young (52224K), 6 survivors (6144K)
 Metaspace       used 106176K, capacity 109071K, committed 109224K, reserved 1144832K
  class space    used 13539K, capacity 14620K, committed 14668K, reserved 1048576K
}
Event: 16.106 GC heap after
{Heap after GC invocations=41 (full 0):
 garbage-first heap   total 270336K, used 128261K [0x0000000080000000, 0x0000000100000000)
  region size 1024K, 7 young (7168K), 7 survivors (7168K)
 Metaspace       used 106176K, capacity 109071K, committed 109224K, reserved 1144832K
  class space    used 13539K, capacity 14620K, committed 14668K, reserved 1048576K
}
Event: 16.289 GC heap before
{Heap before GC invocations=41 (full 0):
 garbage-first heap   total 270336K, used 182533K [0x0000000080000000, 0x0000000100000000)
  region size 1024K, 60 young (61440K), 7 survivors (7168K)
 Metaspace       used 107805K, capacity 110822K, committed 111144K, reserved 1144832K
  class space    used 13780K, capacity 14929K, committed 15052K, reserved 1048576K
}
Event: 16.303 GC heap after
{Heap after GC invocations=42 (full 0):
 garbage-first heap   total 270336K, used 138475K [0x0000000080000000, 0x0000000100000000)
  region size 1024K, 8 young (8192K), 8 survivors (8192K)
 Metaspace       used 107805K, capacity 110822K, committed 111144K, reserved 1144832K
  class space    used 13780K, capacity 14929K, committed 15052K, reserved 1048576K
}
Event: 16.495 GC heap before
{Heap before GC invocations=42 (full 0):
 garbage-first heap   total 270336K, used 198891K [0x0000000080000000, 0x0000000100000000)
  region size 1024K, 67 young (68608K), 8 survivors (8192K)
 Metaspace       used 109865K, capacity 113514K, committed 113576K, reserved 1146880K
  class space    used 14345K, capacity 15927K, committed 15948K, reserved 1048576K
}
Event: 16.511 GC heap after
{Heap after GC invocations=43 (full 0):
 garbage-first heap   total 324608K, used 149277K [0x0000000080000000, 0x0000000100000000)
  region size 1024K, 9 young (9216K), 9 survivors (9216K)
 Metaspace       used 109865K, capacity 113514K, committed 113576K, reserved 1146880K
  class space    used 14345K, capacity 15927K, committed 15948K, reserved 1048576K
}
Event: 16.648 GC heap before
{Heap before GC invocations=43 (full 0):
 garbage-first heap   total 324608K, used 216861K [0x0000000080000000, 0x0000000100000000)
  region size 1024K, 76 young (77824K), 9 survivors (9216K)
 Metaspace       used 111290K, capacity 115152K, committed 115240K, reserved 1148928K
  class space    used 14636K, capacity 16301K, committed 16332K, reserved 1048576K
}
Event: 16.665 GC heap after
{Heap after GC invocations=44 (full 0):
 garbage-first heap   total 324608K, used 161283K [0x0000000080000000, 0x0000000100000000)
  region size 1024K, 10 young (10240K), 10 survivors (10240K)
 Metaspace       used 111290K, capacity 115152K, committed 115240K, reserved 1148928K
  class space    used 14636K, capacity 16301K, committed 16332K, reserved 1048576K
}
Event: 16.819 GC heap before
{Heap before GC invocations=44 (full 0):
 garbage-first heap   total 324608K, used 233987K [0x0000000080000000, 0x0000000100000000)
  region size 1024K, 81 young (82944K), 10 survivors (10240K)
 Metaspace       used 113234K, capacity 117311K, committed 117544K, reserved 1150976K
  class space    used 14986K, capacity 16758K, committed 16844K, reserved 1048576K
}
Event: 16.838 GC heap after
{Heap after GC invocations=45 (full 0):
 garbage-first heap   total 324608K, used 176128K [0x0000000080000000, 0x0000000100000000)
  region size 1024K, 11 young (11264K), 11 survivors (11264K)
 Metaspace       used 113234K, capacity 117311K, committed 117544K, reserved 1150976K
  class space    used 14986K, capacity 16758K, committed 16844K, reserved 1048576K
}
Event: 17.016 GC heap before
{Heap before GC invocations=45 (full 0):
 garbage-first heap   total 324608K, used 243712K [0x0000000080000000, 0x0000000100000000)
  region size 1024K, 78 young (79872K), 11 survivors (11264K)
 Metaspace       used 114337K, capacity 118559K, committed 118824K, reserved 1150976K
  class space    used 15205K, capacity 17000K, committed 17100K, reserved 1048576K
}
Event: 17.031 GC heap after
{Heap after GC invocations=46 (full 0):
 garbage-first heap   total 324608K, used 187022K [0x0000000080000000, 0x0000000100000000)
  region size 1024K, 10 young (10240K), 10 survivors (10240K)
 Metaspace       used 114337K, capacity 118559K, committed 118824K, reserved 1150976K
  class space    used 15205K, capacity 17000K, committed 17100K, reserved 1048576K
}
Event: 17.174 GC heap before
{Heap before GC invocations=46 (full 0):
 garbage-first heap   total 324608K, used 252558K [0x0000000080000000, 0x0000000100000000)
  region size 1024K, 75 young (76800K), 10 survivors (10240K)
 Metaspace       used 115051K, capacity 119270K, committed 119464K, reserved 1150976K
  class space    used 15299K, capacity 17129K, committed 17228K, reserved 1048576K
}

