# JRE version: OpenJDK Runtime Environment (11.0.13) (build 11.0.13+0-b1751.21-8125866)
# Java VM: OpenJDK 64-Bit Server VM (11.0.13+0-b1751.21-8125866, mixed mode, tiered, compressed oops, g1 gc, windows-amd64)
Heap:
 garbage-first heap   total 421888K, used 178257K [0x0000000080000000, 0x0000000100000000)
  region size 1024K, 4 young (4096K), 4 survivors (4096K)
 Metaspace       used 99384K, capacity 101901K, committed 102312K, reserved 1138688K
  class space    used 13018K, capacity 13996K, committed 14080K, reserved 1048576K
GC Heap History (20 events):
Event: 13.543 GC heap after
{Heap after GC invocations=26 (full 0):
 garbage-first heap   total 187392K, used 128720K [0x0000000080000000, 0x0000000100000000)
  region size 1024K, 3 young (3072K), 3 survivors (3072K)
 Metaspace       used 94810K, capacity 97131K, committed 98088K, reserved 1134592K
  class space    used 12499K, capacity 13382K, committed 13696K, reserved 1048576K
}
Event: 13.624 GC heap before
{Heap before GC invocations=26 (full 0):
 garbage-first heap   total 187392K, used 146128K [0x0000000080000000, 0x0000000100000000)
  region size 1024K, 20 young (20480K), 3 survivors (3072K)
 Metaspace       used 95175K, capacity 97491K, committed 98344K, reserved 1134592K
  class space    used 12527K, capacity 13433K, committed 13696K, reserved 1048576K
}
Event: 13.635 GC heap after
{Heap after GC invocations=27 (full 0):
 garbage-first heap   total 187392K, used 137216K [0x0000000080000000, 0x0000000100000000)
  region size 1024K, 3 young (3072K), 3 survivors (3072K)
 Metaspace       used 95175K, capacity 97491K, committed 98344K, reserved 1134592K
  class space    used 12527K, capacity 13433K, committed 13696K, reserved 1048576K
}
Event: 13.681 GC heap before
{Heap before GC invocations=27 (full 0):
 garbage-first heap   total 187392K, used 151552K [0x0000000080000000, 0x0000000100000000)
  region size 1024K, 17 young (17408K), 3 survivors (3072K)
 Metaspace       used 95192K, capacity 97492K, committed 98344K, reserved 1134592K
  class space    used 12527K, capacity 13433K, committed 13696K, reserved 1048576K
}
Event: 13.690 GC heap after
{Heap after GC invocations=28 (full 0):
 garbage-first heap   total 225280K, used 144969K [0x0000000080000000, 0x0000000100000000)
  region size 1024K, 3 young (3072K), 3 survivors (3072K)
 Metaspace       used 95192K, capacity 97492K, committed 98344K, reserved 1134592K
  class space    used 12527K, capacity 13433K, committed 13696K, reserved 1048576K
}
Event: 13.753 GC heap before
{Heap before GC invocations=28 (full 0):
 garbage-first heap   total 225280K, used 167497K [0x0000000080000000, 0x0000000100000000)
  region size 1024K, 26 young (26624K), 3 survivors (3072K)
 Metaspace       used 95238K, capacity 97559K, committed 98344K, reserved 1134592K
  class space    used 12527K, capacity 13433K, committed 13696K, reserved 1048576K
}
Event: 13.764 GC heap after
{Heap after GC invocations=29 (full 0):
 garbage-first heap   total 225280K, used 157696K [0x0000000080000000, 0x0000000100000000)
  region size 1024K, 4 young (4096K), 4 survivors (4096K)
 Metaspace       used 95238K, capacity 97559K, committed 98344K, reserved 1134592K
  class space    used 12527K, capacity 13433K, committed 13696K, reserved 1048576K
}
Event: 13.815 GC heap before
{Heap before GC invocations=29 (full 0):
 garbage-first heap   total 225280K, used 176128K [0x0000000080000000, 0x0000000100000000)
  region size 1024K, 23 young (23552K), 4 survivors (4096K)
 Metaspace       used 95247K, capacity 97562K, committed 98344K, reserved 1134592K
  class space    used 12527K, capacity 13433K, committed 13696K, reserved 1048576K
}
Event: 13.827 GC heap after
{Heap after GC invocations=30 (full 0):
 garbage-first heap   total 225280K, used 168329K [0x0000000080000000, 0x0000000100000000)
  region size 1024K, 3 young (3072K), 3 survivors (3072K)
 Metaspace       used 95247K, capacity 97562K, committed 98344K, reserved 1134592K
  class space    used 12527K, capacity 13433K, committed 13696K, reserved 1048576K
}
Event: 13.877 GC heap before
{Heap before GC invocations=31 (full 0):
 garbage-first heap   total 225280K, used 183689K [0x0000000080000000, 0x0000000100000000)
  region size 1024K, 18 young (18432K), 3 survivors (3072K)
 Metaspace       used 95250K, capacity 97562K, committed 98344K, reserved 1134592K
  class space    used 12527K, capacity 13433K, committed 13696K, reserved 1048576K
}
Event: 13.886 GC heap after
{Heap after GC invocations=32 (full 0):
 garbage-first heap   total 225280K, used 177357K [0x0000000080000000, 0x0000000100000000)
  region size 1024K, 3 young (3072K), 3 survivors (3072K)
 Metaspace       used 95250K, capacity 97562K, committed 98344K, reserved 1134592K
  class space    used 12527K, capacity 13433K, committed 13696K, reserved 1048576K
}
Event: 14.065 GC heap before
{Heap before GC invocations=32 (full 0):
 garbage-first heap   total 225280K, used 188621K [0x0000000080000000, 0x0000000100000000)
  region size 1024K, 14 young (14336K), 3 survivors (3072K)
 Metaspace       used 97262K, capacity 99650K, committed 100136K, reserved 1136640K
  class space    used 12813K, capacity 13742K, committed 13952K, reserved 1048576K
}
Event: 14.073 GC heap after
{Heap after GC invocations=33 (full 0):
 garbage-first heap   total 286720K, used 180061K [0x0000000080000000, 0x0000000100000000)
  region size 1024K, 2 young (2048K), 2 survivors (2048K)
 Metaspace       used 97262K, capacity 99650K, committed 100136K, reserved 1136640K
  class space    used 12813K, capacity 13742K, committed 13952K, reserved 1048576K
}
Event: 14.393 GC heap before
{Heap before GC invocations=34 (full 0):
 garbage-first heap   total 286720K, used 196445K [0x0000000080000000, 0x0000000100000000)
  region size 1024K, 30 young (30720K), 2 survivors (2048K)
 Metaspace       used 97806K, capacity 100263K, committed 100648K, reserved 1136640K
  class space    used 12859K, capacity 13796K, committed 13952K, reserved 1048576K
}
Event: 14.398 GC heap after
{Heap after GC invocations=35 (full 0):
 garbage-first heap   total 286720K, used 170825K [0x0000000080000000, 0x0000000100000000)
  region size 1024K, 4 young (4096K), 4 survivors (4096K)
 Metaspace       used 97806K, capacity 100263K, committed 100648K, reserved 1136640K
  class space    used 12859K, capacity 13796K, committed 13952K, reserved 1048576K
}
Event: 14.462 GC heap before
{Heap before GC invocations=35 (full 0):
 garbage-first heap   total 286720K, used 180041K [0x0000000080000000, 0x0000000100000000)
  region size 1024K, 14 young (14336K), 4 survivors (4096K)
 Metaspace       used 98452K, capacity 100963K, committed 101160K, reserved 1136640K
  class space    used 12942K, capacity 13901K, committed 13952K, reserved 1048576K
}
Event: 14.468 GC heap after
{Heap after GC invocations=36 (full 0):
 garbage-first heap   total 286720K, used 167872K [0x0000000080000000, 0x0000000100000000)
  region size 1024K, 2 young (2048K), 2 survivors (2048K)
 Metaspace       used 98452K, capacity 100963K, committed 101160K, reserved 1136640K
  class space    used 12942K, capacity 13901K, committed 13952K, reserved 1048576K
}
Event: 14.604 GC heap before
{Heap before GC invocations=36 (full 0):
 garbage-first heap   total 286720K, used 202688K [0x0000000080000000, 0x0000000100000000)
  region size 1024K, 37 young (37888K), 2 survivors (2048K)
 Metaspace       used 99257K, capacity 101839K, committed 102056K, reserved 1136640K
  class space    used 13035K, capacity 14020K, committed 14080K, reserved 1048576K
}
Event: 14.614 GC heap after
{Heap after GC invocations=37 (full 0):
 garbage-first heap   total 286720K, used 172648K [0x0000000080000000, 0x0000000100000000)
  region size 1024K, 5 young (5120K), 5 survivors (5120K)
 Metaspace       used 99257K, capacity 101839K, committed 102056K, reserved 1136640K
  class space    used 13035K, capacity 14020K, committed 14080K, reserved 1048576K
}
Event: 14.865 GC heap before
{Heap before GC invocations=38 (full 0):
 garbage-first heap   total 286720K, used 212584K [0x0000000080000000, 0x0000000100000000)
  region size 1024K, 42 young (43008K), 5 survivors (5120K)
 Metaspace       used 99384K, capacity 101901K, committed 102312K, reserved 1138688K
  class space    used 13018K, capacity 13996K, committed 14080K, reserved 1048576K
}

