# JRE version: OpenJDK Runtime Environment (11.0.13) (build 11.0.13+0-b1751.21-8125866)
# Java VM: OpenJDK 64-Bit Server VM (11.0.13+0-b1751.21-8125866, mixed mode, tiered, compressed oops, g1 gc, windows-amd64)
Heap:
 garbage-first heap   total 451584K, used 217652K [0x0000000080000000, 0x0000000100000000)
  region size 1024K, 2 young (2048K), 2 survivors (2048K)
 Metaspace       used 102587K, capacity 105099K, committed 105768K, reserved 1140736K
  class space    used 13049K, capacity 13981K, committed 14208K, reserved 1048576K
GC Heap History (20 events):
Event: 13.662 GC heap after
{Heap after GC invocations=27 (full 0):
 garbage-first heap   total 231424K, used 163569K [0x0000000080000000, 0x0000000100000000)
  region size 1024K, 5 young (5120K), 5 survivors (5120K)
 Metaspace       used 101354K, capacity 103761K, committed 104744K, reserved 1140736K
  class space    used 12919K, capacity 13837K, committed 14208K, reserved 1048576K
}
Event: 13.700 GC heap before
{Heap before GC invocations=27 (full 0):
 garbage-first heap   total 231424K, used 180977K [0x0000000080000000, 0x0000000100000000)
  region size 1024K, 23 young (23552K), 5 survivors (5120K)
 Metaspace       used 101354K, capacity 103761K, committed 104744K, reserved 1140736K
  class space    used 12919K, capacity 13837K, committed 14208K, reserved 1048576K
}
Event: 13.714 GC heap after
{Heap after GC invocations=28 (full 0):
 garbage-first heap   total 231424K, used 182272K [0x0000000080000000, 0x0000000100000000)
  region size 1024K, 3 young (3072K), 3 survivors (3072K)
 Metaspace       used 101354K, capacity 103761K, committed 104744K, reserved 1140736K
  class space    used 12919K, capacity 13837K, committed 14208K, reserved 1048576K
}
Event: 13.733 GC heap before
{Heap before GC invocations=28 (full 0):
 garbage-first heap   total 231424K, used 190464K [0x0000000080000000, 0x0000000100000000)
  region size 1024K, 11 young (11264K), 3 survivors (3072K)
 Metaspace       used 101354K, capacity 103761K, committed 104744K, reserved 1140736K
  class space    used 12919K, capacity 13837K, committed 14208K, reserved 1048576K
}
Event: 13.743 GC heap after
{Heap after GC invocations=29 (full 0):
 garbage-first heap   total 231424K, used 191839K [0x0000000080000000, 0x0000000100000000)
  region size 1024K, 2 young (2048K), 2 survivors (2048K)
 Metaspace       used 101354K, capacity 103761K, committed 104744K, reserved 1140736K
  class space    used 12919K, capacity 13837K, committed 14208K, reserved 1048576K
}
Event: 13.790 GC heap before
{Heap before GC invocations=29 (full 0):
 garbage-first heap   total 231424K, used 201055K [0x0000000080000000, 0x0000000100000000)
  region size 1024K, 11 young (11264K), 2 survivors (2048K)
 Metaspace       used 101379K, capacity 103825K, committed 104744K, reserved 1140736K
  class space    used 12919K, capacity 13837K, committed 14208K, reserved 1048576K
}
Event: 13.796 GC heap after
{Heap after GC invocations=30 (full 0):
 garbage-first heap   total 231424K, used 197057K [0x0000000080000000, 0x0000000100000000)
  region size 1024K, 2 young (2048K), 2 survivors (2048K)
 Metaspace       used 101379K, capacity 103825K, committed 104744K, reserved 1140736K
  class space    used 12919K, capacity 13837K, committed 14208K, reserved 1048576K
}
Event: 13.864 GC heap before
{Heap before GC invocations=30 (full 0):
 garbage-first heap   total 231424K, used 206273K [0x0000000080000000, 0x0000000100000000)
  region size 1024K, 11 young (11264K), 2 survivors (2048K)
 Metaspace       used 101436K, capacity 103833K, committed 104744K, reserved 1140736K
  class space    used 12919K, capacity 13837K, committed 14208K, reserved 1048576K
}
Event: 13.869 GC heap after
{Heap after GC invocations=31 (full 0):
 garbage-first heap   total 231424K, used 203776K [0x0000000080000000, 0x0000000100000000)
  region size 1024K, 2 young (2048K), 2 survivors (2048K)
 Metaspace       used 101436K, capacity 103833K, committed 104744K, reserved 1140736K
  class space    used 12919K, capacity 13837K, committed 14208K, reserved 1048576K
}
Event: 13.893 GC heap before
{Heap before GC invocations=31 (full 0):
 garbage-first heap   total 231424K, used 212992K [0x0000000080000000, 0x0000000100000000)
  region size 1024K, 11 young (11264K), 2 survivors (2048K)
 Metaspace       used 101436K, capacity 103833K, committed 104744K, reserved 1140736K
  class space    used 12919K, capacity 13837K, committed 14208K, reserved 1048576K
}
Event: 13.898 GC heap after
{Heap after GC invocations=32 (full 0):
 garbage-first heap   total 231424K, used 213349K [0x0000000080000000, 0x0000000100000000)
  region size 1024K, 2 young (2048K), 2 survivors (2048K)
 Metaspace       used 101436K, capacity 103833K, committed 104744K, reserved 1140736K
  class space    used 12919K, capacity 13837K, committed 14208K, reserved 1048576K
}
Event: 13.919 GC heap before
{Heap before GC invocations=32 (full 0):
 garbage-first heap   total 231424K, used 222565K [0x0000000080000000, 0x0000000100000000)
  region size 1024K, 11 young (11264K), 2 survivors (2048K)
 Metaspace       used 101436K, capacity 103833K, committed 104744K, reserved 1140736K
  class space    used 12919K, capacity 13837K, committed 14208K, reserved 1048576K
}
Event: 13.925 GC heap after
{Heap after GC invocations=33 (full 0):
 garbage-first heap   total 281600K, used 223200K [0x0000000080000000, 0x0000000100000000)
  region size 1024K, 2 young (2048K), 2 survivors (2048K)
 Metaspace       used 101436K, capacity 103833K, committed 104744K, reserved 1140736K
  class space    used 12919K, capacity 13837K, committed 14208K, reserved 1048576K
}
Event: 13.943 GC heap before
{Heap before GC invocations=34 (full 0):
 garbage-first heap   total 281600K, used 234464K [0x0000000080000000, 0x0000000100000000)
  region size 1024K, 13 young (13312K), 2 survivors (2048K)
 Metaspace       used 101436K, capacity 103833K, committed 104744K, reserved 1140736K
  class space    used 12919K, capacity 13837K, committed 14208K, reserved 1048576K
}
Event: 13.952 GC heap after
{Heap after GC invocations=35 (full 0):
 garbage-first heap   total 281600K, used 235365K [0x0000000080000000, 0x0000000100000000)
  region size 1024K, 2 young (2048K), 2 survivors (2048K)
 Metaspace       used 101436K, capacity 103833K, committed 104744K, reserved 1140736K
  class space    used 12919K, capacity 13837K, committed 14208K, reserved 1048576K
}
Event: 13.964 GC heap before
{Heap before GC invocations=35 (full 0):
 garbage-first heap   total 281600K, used 246629K [0x0000000080000000, 0x0000000100000000)
  region size 1024K, 13 young (13312K), 2 survivors (2048K)
 Metaspace       used 101436K, capacity 103833K, committed 104744K, reserved 1140736K
  class space    used 12919K, capacity 13837K, committed 14208K, reserved 1048576K
}
Event: 13.974 GC heap after
{Heap after GC invocations=36 (full 0):
 garbage-first heap   total 281600K, used 247616K [0x0000000080000000, 0x0000000100000000)
  region size 1024K, 2 young (2048K), 2 survivors (2048K)
 Metaspace       used 101436K, capacity 103833K, committed 104744K, reserved 1140736K
  class space    used 12919K, capacity 13837K, committed 14208K, reserved 1048576K
}
Event: 14.101 GC heap before
{Heap before GC invocations=36 (full 0):
 garbage-first heap   total 281600K, used 225088K [0x0000000080000000, 0x0000000100000000)
  region size 1024K, 13 young (13312K), 2 survivors (2048K)
 Metaspace       used 101673K, capacity 104124K, committed 105000K, reserved 1140736K
  class space    used 12953K, capacity 13888K, committed 14208K, reserved 1048576K
}
Event: 14.106 GC heap after
{Heap after GC invocations=37 (full 0):
 garbage-first heap   total 281600K, used 216272K [0x0000000080000000, 0x0000000100000000)
  region size 1024K, 2 young (2048K), 2 survivors (2048K)
 Metaspace       used 101673K, capacity 104124K, committed 105000K, reserved 1140736K
  class space    used 12953K, capacity 13888K, committed 14208K, reserved 1048576K
}
Event: 14.316 GC heap before
{Heap before GC invocations=38 (full 0):
 garbage-first heap   total 281600K, used 228560K [0x0000000080000000, 0x0000000100000000)
  region size 1024K, 14 young (14336K), 2 survivors (2048K)
 Metaspace       used 102587K, capacity 105099K, committed 105768K, reserved 1140736K
  class space    used 13049K, capacity 13981K, committed 14208K, reserved 1048576K
}

