# JRE version: OpenJDK Runtime Environment (11.0.13) (build 11.0.13+0-b1751.21-8125866)
# Java VM: OpenJDK 64-Bit Server VM (11.0.13+0-b1751.21-8125866, mixed mode, tiered, compressed oops, g1 gc, windows-amd64)
Heap:
 garbage-first heap   total 254976K, used 179730K [0x0000000080000000, 0x0000000100000000)
  region size 1024K, 10 young (10240K), 5 survivors (5120K)
 Metaspace       used 95874K, capacity 98245K, committed 98600K, reserved 1134592K
  class space    used 12603K, capacity 13524K, committed 13656K, reserved 1048576K
GC Heap History (20 events):
Event: 10.052 GC heap before
{Heap before GC invocations=17 (full 0):
 garbage-first heap   total 155648K, used 122370K [0x0000000080000000, 0x0000000100000000)
  region size 1024K, 67 young (68608K), 8 survivors (8192K)
 Metaspace       used 82045K, capacity 84248K, committed 84392K, reserved 1122304K
  class space    used 10839K, capacity 11709K, committed 11736K, reserved 1048576K
}
Event: 10.060 GC heap after
{Heap after GC invocations=18 (full 0):
 garbage-first heap   total 155648K, used 67185K [0x0000000080000000, 0x0000000100000000)
  region size 1024K, 9 young (9216K), 9 survivors (9216K)
 Metaspace       used 82045K, capacity 84248K, committed 84392K, reserved 1122304K
  class space    used 10839K, capacity 11709K, committed 11736K, reserved 1048576K
}
Event: 10.463 GC heap before
{Heap before GC invocations=18 (full 0):
 garbage-first heap   total 155648K, used 123505K [0x0000000080000000, 0x0000000100000000)
  region size 1024K, 65 young (66560K), 9 survivors (9216K)
 Metaspace       used 82738K, capacity 85014K, committed 85160K, reserved 1122304K
  class space    used 10880K, capacity 11733K, committed 11736K, reserved 1048576K
}
Event: 10.473 GC heap after
{Heap after GC invocations=19 (full 0):
 garbage-first heap   total 155648K, used 71448K [0x0000000080000000, 0x0000000100000000)
  region size 1024K, 9 young (9216K), 9 survivors (9216K)
 Metaspace       used 82738K, capacity 85014K, committed 85160K, reserved 1122304K
  class space    used 10880K, capacity 11733K, committed 11736K, reserved 1048576K
}
Event: 10.969 GC heap before
{Heap before GC invocations=19 (full 0):
 garbage-first heap   total 155648K, used 124696K [0x0000000080000000, 0x0000000100000000)
  region size 1024K, 62 young (63488K), 9 survivors (9216K)
 Metaspace       used 86147K, capacity 88478K, committed 88744K, reserved 1126400K
  class space    used 11258K, capacity 12130K, committed 12248K, reserved 1048576K
}
Event: 10.975 GC heap after
{Heap after GC invocations=20 (full 0):
 garbage-first heap   total 187392K, used 73375K [0x0000000080000000, 0x0000000100000000)
  region size 1024K, 7 young (7168K), 7 survivors (7168K)
 Metaspace       used 86147K, capacity 88478K, committed 88744K, reserved 1126400K
  class space    used 11258K, capacity 12130K, committed 12248K, reserved 1048576K
}
Event: 11.571 GC heap before
{Heap before GC invocations=20 (full 0):
 garbage-first heap   total 187392K, used 146079K [0x0000000080000000, 0x0000000100000000)
  region size 1024K, 79 young (80896K), 7 survivors (7168K)
 Metaspace       used 89051K, capacity 91388K, committed 91688K, reserved 1128448K
  class space    used 11600K, capacity 12496K, committed 12632K, reserved 1048576K
}
Event: 11.579 GC heap after
{Heap after GC invocations=21 (full 0):
 garbage-first heap   total 187392K, used 77948K [0x0000000080000000, 0x0000000100000000)
  region size 1024K, 7 young (7168K), 7 survivors (7168K)
 Metaspace       used 89051K, capacity 91388K, committed 91688K, reserved 1128448K
  class space    used 11600K, capacity 12496K, committed 12632K, reserved 1048576K
}
Event: 12.004 GC heap before
{Heap before GC invocations=21 (full 0):
 garbage-first heap   total 187392K, used 152700K [0x0000000080000000, 0x0000000100000000)
  region size 1024K, 70 young (71680K), 7 survivors (7168K)
 Metaspace       used 93263K, capacity 95698K, committed 95784K, reserved 1132544K
  class space    used 12146K, capacity 13091K, committed 13144K, reserved 1048576K
}
Event: 12.014 GC heap after
{Heap after GC invocations=22 (full 0):
 garbage-first heap   total 187392K, used 97435K [0x0000000080000000, 0x0000000100000000)
  region size 1024K, 10 young (10240K), 10 survivors (10240K)
 Metaspace       used 93263K, capacity 95698K, committed 95784K, reserved 1132544K
  class space    used 12146K, capacity 13091K, committed 13144K, reserved 1048576K
}
Event: 12.282 GC heap before
{Heap before GC invocations=23 (full 0):
 garbage-first heap   total 187392K, used 167067K [0x0000000080000000, 0x0000000100000000)
  region size 1024K, 53 young (54272K), 10 survivors (10240K)
 Metaspace       used 93239K, capacity 95412K, committed 96424K, reserved 1132544K
  class space    used 12070K, capacity 12903K, committed 13272K, reserved 1048576K
}
Event: 12.323 GC heap after
{Heap after GC invocations=24 (full 0):
 garbage-first heap   total 195584K, used 123139K [0x0000000080000000, 0x0000000100000000)
  region size 1024K, 9 young (9216K), 9 survivors (9216K)
 Metaspace       used 93239K, capacity 95412K, committed 96424K, reserved 1132544K
  class space    used 12070K, capacity 12903K, committed 13272K, reserved 1048576K
}
Event: 12.617 GC heap before
{Heap before GC invocations=25 (full 0):
 garbage-first heap   total 195584K, used 158979K [0x0000000080000000, 0x0000000100000000)
  region size 1024K, 43 young (44032K), 9 survivors (9216K)
 Metaspace       used 95774K, capacity 98169K, committed 98600K, reserved 1134592K
  class space    used 12603K, capacity 13524K, committed 13656K, reserved 1048576K
}
Event: 12.634 GC heap after
{Heap after GC invocations=26 (full 0):
 garbage-first heap   total 195584K, used 137380K [0x0000000080000000, 0x0000000100000000)
  region size 1024K, 6 young (6144K), 6 survivors (6144K)
 Metaspace       used 95774K, capacity 98169K, committed 98600K, reserved 1134592K
  class space    used 12603K, capacity 13524K, committed 13656K, reserved 1048576K
}
Event: 12.682 GC heap before
{Heap before GC invocations=26 (full 0):
 garbage-first heap   total 195584K, used 158884K [0x0000000080000000, 0x0000000100000000)
  region size 1024K, 28 young (28672K), 6 survivors (6144K)
 Metaspace       used 95794K, capacity 98170K, committed 98600K, reserved 1134592K
  class space    used 12603K, capacity 13524K, committed 13656K, reserved 1048576K
}
Event: 12.695 GC heap after
{Heap after GC invocations=27 (full 0):
 garbage-first heap   total 195584K, used 149504K [0x0000000080000000, 0x0000000100000000)
  region size 1024K, 4 young (4096K), 4 survivors (4096K)
 Metaspace       used 95794K, capacity 98170K, committed 98600K, reserved 1134592K
  class space    used 12603K, capacity 13524K, committed 13656K, reserved 1048576K
}
Event: 12.725 GC heap before
{Heap before GC invocations=27 (full 0):
 garbage-first heap   total 195584K, used 161792K [0x0000000080000000, 0x0000000100000000)
  region size 1024K, 17 young (17408K), 4 survivors (4096K)
 Metaspace       used 95818K, capacity 98172K, committed 98600K, reserved 1134592K
  class space    used 12603K, capacity 13524K, committed 13656K, reserved 1048576K
}
Event: 12.734 GC heap after
{Heap after GC invocations=28 (full 0):
 garbage-first heap   total 254976K, used 157684K [0x0000000080000000, 0x0000000100000000)
  region size 1024K, 3 young (3072K), 3 survivors (3072K)
 Metaspace       used 95818K, capacity 98172K, committed 98600K, reserved 1134592K
  class space    used 12603K, capacity 13524K, committed 13656K, reserved 1048576K
}
Event: 12.805 GC heap before
{Heap before GC invocations=28 (full 0):
 garbage-first heap   total 254976K, used 190452K [0x0000000080000000, 0x0000000100000000)
  region size 1024K, 36 young (36864K), 3 survivors (3072K)
 Metaspace       used 95874K, capacity 98245K, committed 98600K, reserved 1134592K
  class space    used 12603K, capacity 13524K, committed 13656K, reserved 1048576K
}
Event: 12.820 GC heap after
{Heap after GC invocations=29 (full 0):
 garbage-first heap   total 254976K, used 175634K [0x0000000080000000, 0x0000000100000000)
  region size 1024K, 5 young (5120K), 5 survivors (5120K)
 Metaspace       used 95874K, capacity 98245K, committed 98600K, reserved 1134592K
  class space    used 12603K, capacity 13524K, committed 13656K, reserved 1048576K
}

