# JRE version: OpenJDK Runtime Environment (11.0.13) (build 11.0.13+0-b1751.21-8125866)
# Java VM: OpenJDK 64-Bit Server VM (11.0.13+0-b1751.21-8125866, mixed mode, tiered, compressed oops, g1 gc, windows-amd64)
Heap:
 garbage-first heap   total 450560K, used 172914K [0x0000000080000000, 0x0000000100000000)
  region size 1024K, 3 young (3072K), 3 survivors (3072K)
 Metaspace       used 97552K, capacity 99903K, committed 100124K, reserved 1136640K
  class space    used 12764K, capacity 13661K, committed 13696K, reserved 1048576K
GC Heap History (20 events):
Event: 11.484 GC heap after
{Heap after GC invocations=25 (full 0):
 garbage-first heap   total 187392K, used 89840K [0x0000000080000000, 0x0000000100000000)
  region size 1024K, 5 young (5120K), 5 survivors (5120K)
 Metaspace       used 87394K, capacity 89716K, committed 89756K, reserved 1126400K
  class space    used 11369K, capacity 12266K, committed 12288K, reserved 1048576K
}
Event: 11.723 GC heap before
{Heap before GC invocations=26 (full 0):
 garbage-first heap   total 187392K, used 123470K [0x0000000080000000, 0x0000000100000000)
  region size 1024K, 47 young (48128K), 5 survivors (5120K)
 Metaspace       used 87781K, capacity 89807K, committed 90652K, reserved 1128448K
  class space    used 11294K, capacity 12077K, committed 12416K, reserved 1048576K
}
Event: 11.728 GC heap after
{Heap after GC invocations=27 (full 0):
 garbage-first heap   total 187392K, used 83857K [0x0000000080000000, 0x0000000100000000)
  region size 1024K, 6 young (6144K), 6 survivors (6144K)
 Metaspace       used 87781K, capacity 89807K, committed 90652K, reserved 1128448K
  class space    used 11294K, capacity 12077K, committed 12416K, reserved 1048576K
}
Event: 11.744 GC heap before
{Heap before GC invocations=27 (full 0):
 garbage-first heap   total 187392K, used 85905K [0x0000000080000000, 0x0000000100000000)
  region size 1024K, 9 young (9216K), 6 survivors (6144K)
 Metaspace       used 87944K, capacity 90035K, committed 90908K, reserved 1128448K
  class space    used 11313K, capacity 12110K, committed 12416K, reserved 1048576K
}
Event: 11.749 GC heap after
{Heap after GC invocations=28 (full 0):
 garbage-first heap   total 187392K, used 82533K [0x0000000080000000, 0x0000000100000000)
  region size 1024K, 1 young (1024K), 1 survivors (1024K)
 Metaspace       used 87944K, capacity 90035K, committed 90908K, reserved 1128448K
  class space    used 11313K, capacity 12110K, committed 12416K, reserved 1048576K
}
Event: 11.825 GC heap before
{Heap before GC invocations=28 (full 0):
 garbage-first heap   total 187392K, used 98917K [0x0000000080000000, 0x0000000100000000)
  region size 1024K, 17 young (17408K), 1 survivors (1024K)
 Metaspace       used 88454K, capacity 90545K, committed 91292K, reserved 1128448K
  class space    used 11376K, capacity 12181K, committed 12544K, reserved 1048576K
}
Event: 11.829 GC heap after
{Heap after GC invocations=29 (full 0):
 garbage-first heap   total 187392K, used 84635K [0x0000000080000000, 0x0000000100000000)
  region size 1024K, 2 young (2048K), 2 survivors (2048K)
 Metaspace       used 88454K, capacity 90545K, committed 91292K, reserved 1128448K
  class space    used 11376K, capacity 12181K, committed 12544K, reserved 1048576K
}
Event: 12.072 GC heap before
{Heap before GC invocations=30 (full 0):
 garbage-first heap   total 187392K, used 171675K [0x0000000080000000, 0x0000000100000000)
  region size 1024K, 51 young (52224K), 2 survivors (2048K)
 Metaspace       used 93309K, capacity 95372K, committed 96028K, reserved 1132544K
  class space    used 12047K, capacity 12855K, committed 13184K, reserved 1048576K
}
Event: 12.076 GC heap after
{Heap after GC invocations=31 (full 0):
 garbage-first heap   total 187392K, used 112186K [0x0000000080000000, 0x0000000100000000)
  region size 1024K, 7 young (7168K), 7 survivors (7168K)
 Metaspace       used 93309K, capacity 95372K, committed 96028K, reserved 1132544K
  class space    used 12047K, capacity 12855K, committed 13184K, reserved 1048576K
}
Event: 12.084 GC heap before
{Heap before GC invocations=31 (full 0):
 garbage-first heap   total 187392K, used 113210K [0x0000000080000000, 0x0000000100000000)
  region size 1024K, 9 young (9216K), 7 survivors (7168K)
 Metaspace       used 93359K, capacity 95500K, committed 96284K, reserved 1132544K
  class space    used 12052K, capacity 12855K, committed 13184K, reserved 1048576K
}
Event: 12.088 GC heap after
{Heap after GC invocations=32 (full 0):
 garbage-first heap   total 187392K, used 111588K [0x0000000080000000, 0x0000000100000000)
  region size 1024K, 1 young (1024K), 1 survivors (1024K)
 Metaspace       used 93359K, capacity 95500K, committed 96284K, reserved 1132544K
  class space    used 12052K, capacity 12855K, committed 13184K, reserved 1048576K
}
Event: 12.236 GC heap before
{Heap before GC invocations=32 (full 0):
 garbage-first heap   total 187392K, used 145380K [0x0000000080000000, 0x0000000100000000)
  region size 1024K, 35 young (35840K), 1 survivors (1024K)
 Metaspace       used 94468K, capacity 96596K, committed 97436K, reserved 1134592K
  class space    used 12185K, capacity 12985K, committed 13312K, reserved 1048576K
}
Event: 12.247 GC heap after
{Heap after GC invocations=33 (full 0):
 garbage-first heap   total 225280K, used 121331K [0x0000000080000000, 0x0000000100000000)
  region size 1024K, 5 young (5120K), 5 survivors (5120K)
 Metaspace       used 94468K, capacity 96596K, committed 97436K, reserved 1134592K
  class space    used 12185K, capacity 12985K, committed 13312K, reserved 1048576K
}
Event: 12.370 GC heap before
{Heap before GC invocations=34 (full 0):
 garbage-first heap   total 225280K, used 143859K [0x0000000080000000, 0x0000000100000000)
  region size 1024K, 28 young (28672K), 5 survivors (5120K)
 Metaspace       used 94724K, capacity 96820K, committed 97436K, reserved 1134592K
  class space    used 12211K, capacity 13017K, committed 13312K, reserved 1048576K
}
Event: 12.385 GC heap after
{Heap after GC invocations=35 (full 0):
 garbage-first heap   total 225280K, used 130128K [0x0000000080000000, 0x0000000100000000)
  region size 1024K, 7 young (7168K), 7 survivors (7168K)
 Metaspace       used 94724K, capacity 96820K, committed 97436K, reserved 1134592K
  class space    used 12211K, capacity 13017K, committed 13312K, reserved 1048576K
}
Event: 12.676 GC heap before
{Heap before GC invocations=36 (full 0):
 garbage-first heap   total 225280K, used 165968K [0x0000000080000000, 0x0000000100000000)
  region size 1024K, 42 young (43008K), 7 survivors (7168K)
 Metaspace       used 97490K, capacity 99835K, committed 100124K, reserved 1136640K
  class space    used 12764K, capacity 13661K, committed 13696K, reserved 1048576K
}
Event: 12.695 GC heap after
{Heap after GC invocations=37 (full 0):
 garbage-first heap   total 225280K, used 145407K [0x0000000080000000, 0x0000000100000000)
  region size 1024K, 6 young (6144K), 6 survivors (6144K)
 Metaspace       used 97490K, capacity 99835K, committed 100124K, reserved 1136640K
  class space    used 12764K, capacity 13661K, committed 13696K, reserved 1048576K
}
Event: 12.758 GC heap before
{Heap before GC invocations=37 (full 0):
 garbage-first heap   total 225280K, used 175103K [0x0000000080000000, 0x0000000100000000)
  region size 1024K, 35 young (35840K), 6 survivors (6144K)
 Metaspace       used 97523K, capacity 99835K, committed 100124K, reserved 1136640K
  class space    used 12764K, capacity 13661K, committed 13696K, reserved 1048576K
}
Event: 12.779 GC heap after
{Heap after GC invocations=38 (full 0):
 garbage-first heap   total 225280K, used 161476K [0x0000000080000000, 0x0000000100000000)
  region size 1024K, 5 young (5120K), 5 survivors (5120K)
 Metaspace       used 97523K, capacity 99835K, committed 100124K, reserved 1136640K
  class space    used 12764K, capacity 13661K, committed 13696K, reserved 1048576K
}
Event: 12.823 GC heap before
{Heap before GC invocations=38 (full 0):
 garbage-first heap   total 225280K, used 179908K [0x0000000080000000, 0x0000000100000000)
  region size 1024K, 24 young (24576K), 5 survivors (5120K)
 Metaspace       used 97552K, capacity 99903K, committed 100124K, reserved 1136640K
  class space    used 12764K, capacity 13661K, committed 13696K, reserved 1048576K
}

