# JRE version: OpenJDK Runtime Environment (11.0.13) (build 11.0.13+0-b1751.21-8125866)
# Java VM: OpenJDK 64-Bit Server VM (11.0.13+0-b1751.21-8125866, mixed mode, tiered, compressed oops, g1 gc, windows-amd64)
Heap:
 garbage-first heap   total 400384K, used 125621K [0x0000000080000000, 0x0000000100000000)
  region size 1024K, 3 young (3072K), 2 survivors (2048K)
 Metaspace       used 214289K, capacity 219967K, committed 220200K, reserved 1243136K
  class space    used 25515K, capacity 27622K, committed 27648K, reserved 1048576K
GC Heap History (20 events):
Event: 7340.147 GC heap after
{Heap after GC invocations=270 (full 0):
 garbage-first heap   total 400384K, used 175308K [0x0000000080000000, 0x0000000100000000)
  region size 1024K, 2 young (2048K), 2 survivors (2048K)
 Metaspace       used 209770K, capacity 215346K, committed 215592K, reserved 1239040K
  class space    used 24967K, capacity 27042K, committed 27136K, reserved 1048576K
}
Event: 7340.336 GC heap before
{Heap before GC invocations=270 (full 0):
 garbage-first heap   total 400384K, used 197836K [0x0000000080000000, 0x0000000100000000)
  region size 1024K, 25 young (25600K), 2 survivors (2048K)
 Metaspace       used 212657K, capacity 218222K, committed 218536K, reserved 1241088K
  class space    used 25370K, capacity 27444K, committed 27520K, reserved 1048576K
}
Event: 7340.341 GC heap after
{Heap after GC invocations=271 (full 0):
 garbage-first heap   total 400384K, used 175897K [0x0000000080000000, 0x0000000100000000)
  region size 1024K, 3 young (3072K), 3 survivors (3072K)
 Metaspace       used 212657K, capacity 218222K, committed 218536K, reserved 1241088K
  class space    used 25370K, capacity 27444K, committed 27520K, reserved 1048576K
}
Event: 7340.684 GC heap before
{Heap before GC invocations=272 (full 0):
 garbage-first heap   total 400384K, used 274201K [0x0000000080000000, 0x0000000100000000)
  region size 1024K, 98 young (100352K), 3 survivors (3072K)
 Metaspace       used 213575K, capacity 219164K, committed 219432K, reserved 1241088K
  class space    used 25456K, capacity 27544K, committed 27648K, reserved 1048576K
}
Event: 7340.722 GC heap after
{Heap after GC invocations=273 (full 0):
 garbage-first heap   total 400384K, used 248929K [0x0000000080000000, 0x0000000100000000)
  region size 1024K, 13 young (13312K), 13 survivors (13312K)
 Metaspace       used 213575K, capacity 219164K, committed 219432K, reserved 1241088K
  class space    used 25456K, capacity 27544K, committed 27648K, reserved 1048576K
}
Event: 7340.728 GC heap before
{Heap before GC invocations=273 (full 0):
 garbage-first heap   total 400384K, used 255073K [0x0000000080000000, 0x0000000100000000)
  region size 1024K, 19 young (19456K), 13 survivors (13312K)
 Metaspace       used 213575K, capacity 219164K, committed 219432K, reserved 1241088K
  class space    used 25456K, capacity 27544K, committed 27648K, reserved 1048576K
}
Event: 7340.747 GC heap after
{Heap after GC invocations=274 (full 0):
 garbage-first heap   total 400384K, used 252416K [0x0000000080000000, 0x0000000100000000)
  region size 1024K, 3 young (3072K), 3 survivors (3072K)
 Metaspace       used 213575K, capacity 219164K, committed 219432K, reserved 1241088K
  class space    used 25456K, capacity 27544K, committed 27648K, reserved 1048576K
}
Event: 7340.862 GC heap before
{Heap before GC invocations=274 (full 0):
 garbage-first heap   total 400384K, used 298496K [0x0000000080000000, 0x0000000100000000)
  region size 1024K, 48 young (49152K), 3 survivors (3072K)
 Metaspace       used 213589K, capacity 219164K, committed 219432K, reserved 1241088K
  class space    used 25456K, capacity 27544K, committed 27648K, reserved 1048576K
}
Event: 7340.876 GC heap after
{Heap after GC invocations=275 (full 0):
 garbage-first heap   total 400384K, used 272384K [0x0000000080000000, 0x0000000100000000)
  region size 1024K, 6 young (6144K), 6 survivors (6144K)
 Metaspace       used 213589K, capacity 219164K, committed 219432K, reserved 1241088K
  class space    used 25456K, capacity 27544K, committed 27648K, reserved 1048576K
}
Event: 7341.279 GC heap before
{Heap before GC invocations=276 (full 0):
 garbage-first heap   total 400384K, used 245760K [0x0000000080000000, 0x0000000100000000)
  region size 1024K, 45 young (46080K), 6 survivors (6144K)
 Metaspace       used 213825K, capacity 219446K, committed 219688K, reserved 1241088K
  class space    used 25477K, capacity 27551K, committed 27648K, reserved 1048576K
}
Event: 7341.287 GC heap after
{Heap after GC invocations=277 (full 0):
 garbage-first heap   total 400384K, used 208520K [0x0000000080000000, 0x0000000100000000)
  region size 1024K, 4 young (4096K), 4 survivors (4096K)
 Metaspace       used 213825K, capacity 219446K, committed 219688K, reserved 1241088K
  class space    used 25477K, capacity 27551K, committed 27648K, reserved 1048576K
}
Event: 7341.306 GC heap before
{Heap before GC invocations=277 (full 0):
 garbage-first heap   total 400384K, used 222856K [0x0000000080000000, 0x0000000100000000)
  region size 1024K, 19 young (19456K), 4 survivors (4096K)
 Metaspace       used 213915K, capacity 219521K, committed 219688K, reserved 1241088K
  class space    used 25478K, capacity 27551K, committed 27648K, reserved 1048576K
}
Event: 7341.321 GC heap after
{Heap after GC invocations=278 (full 0):
 garbage-first heap   total 400384K, used 182808K [0x0000000080000000, 0x0000000100000000)
  region size 1024K, 3 young (3072K), 3 survivors (3072K)
 Metaspace       used 213915K, capacity 219521K, committed 219688K, reserved 1241088K
  class space    used 25478K, capacity 27551K, committed 27648K, reserved 1048576K
}
Event: 7341.339 GC heap before
{Heap before GC invocations=278 (full 0):
 garbage-first heap   total 400384K, used 199192K [0x0000000080000000, 0x0000000100000000)
  region size 1024K, 19 young (19456K), 3 survivors (3072K)
 Metaspace       used 214011K, capacity 219598K, committed 219944K, reserved 1241088K
  class space    used 25479K, capacity 27553K, committed 27648K, reserved 1048576K
}
Event: 7341.353 GC heap after
{Heap after GC invocations=279 (full 0):
 garbage-first heap   total 400384K, used 182789K [0x0000000080000000, 0x0000000100000000)
  region size 1024K, 3 young (3072K), 3 survivors (3072K)
 Metaspace       used 214011K, capacity 219598K, committed 219944K, reserved 1241088K
  class space    used 25479K, capacity 27553K, committed 27648K, reserved 1048576K
}
Event: 7341.526 GC heap before
{Heap before GC invocations=279 (full 0):
 garbage-first heap   total 400384K, used 251397K [0x0000000080000000, 0x0000000100000000)
  region size 1024K, 72 young (73728K), 3 survivors (3072K)
 Metaspace       used 214190K, capacity 219830K, committed 219944K, reserved 1241088K
  class space    used 25507K, capacity 27610K, committed 27648K, reserved 1048576K
}
Event: 7341.533 GC heap after
{Heap after GC invocations=280 (full 0):
 garbage-first heap   total 400384K, used 185977K [0x0000000080000000, 0x0000000100000000)
  region size 1024K, 7 young (7168K), 7 survivors (7168K)
 Metaspace       used 214190K, capacity 219830K, committed 219944K, reserved 1241088K
  class space    used 25507K, capacity 27610K, committed 27648K, reserved 1048576K
}
Event: 7738.754 GC heap before
{Heap before GC invocations=281 (full 0):
 garbage-first heap   total 400384K, used 254585K [0x0000000080000000, 0x0000000100000000)
  region size 1024K, 85 young (87040K), 7 survivors (7168K)
 Metaspace       used 214265K, capacity 219894K, committed 219944K, reserved 1241088K
  class space    used 25512K, capacity 27620K, committed 27648K, reserved 1048576K
}
Event: 7738.764 GC heap after
{Heap after GC invocations=282 (full 0):
 garbage-first heap   total 400384K, used 161446K [0x0000000080000000, 0x0000000100000000)
  region size 1024K, 4 young (4096K), 4 survivors (4096K)
 Metaspace       used 214265K, capacity 219894K, committed 219944K, reserved 1241088K
  class space    used 25512K, capacity 27620K, committed 27648K, reserved 1048576K
}
Event: 7738.874 GC heap before
{Heap before GC invocations=282 (full 0):
 garbage-first heap   total 400384K, used 175782K [0x0000000080000000, 0x0000000100000000)
  region size 1024K, 19 young (19456K), 4 survivors (4096K)
 Metaspace       used 214269K, capacity 219894K, committed 219944K, reserved 1241088K
  class space    used 25512K, capacity 27620K, committed 27648K, reserved 1048576K
}

