# JRE version: OpenJDK Runtime Environment (11.0.13) (build 11.0.13+0-b1751.21-8125866)
# Java VM: OpenJDK 64-Bit Server VM (11.0.13+0-b1751.21-8125866, mixed mode, tiered, compressed oops, g1 gc, windows-amd64)
Heap:
 garbage-first heap   total 277504K, used 189298K [0x0000000080000000, 0x0000000100000000)
  region size 1024K, 26 young (26624K), 2 survivors (2048K)
 Metaspace       used 94187K, capacity 96428K, committed 96680K, reserved 1132544K
  class space    used 12422K, capacity 13297K, committed 13388K, reserved 1048576K
GC Heap History (20 events):
Event: 11.875 GC heap before
{Heap before GC invocations=18 (full 0):
 garbage-first heap   total 155648K, used 125152K [0x0000000080000000, 0x0000000100000000)
  region size 1024K, 66 young (67584K), 9 survivors (9216K)
 Metaspace       used 82841K, capacity 85159K, committed 85416K, reserved 1122304K
  class space    used 10898K, capacity 11816K, committed 11852K, reserved 1048576K
}
Event: 11.887 GC heap after
{Heap after GC invocations=19 (full 0):
 garbage-first heap   total 155648K, used 72073K [0x0000000080000000, 0x0000000100000000)
  region size 1024K, 9 young (9216K), 9 survivors (9216K)
 Metaspace       used 82841K, capacity 85159K, committed 85416K, reserved 1122304K
  class space    used 10898K, capacity 11816K, committed 11852K, reserved 1048576K
}
Event: 12.177 GC heap before
{Heap before GC invocations=19 (full 0):
 garbage-first heap   total 155648K, used 126345K [0x0000000080000000, 0x0000000100000000)
  region size 1024K, 63 young (64512K), 9 survivors (9216K)
 Metaspace       used 84637K, capacity 86922K, committed 87208K, reserved 1124352K
  class space    used 11069K, capacity 11984K, committed 12108K, reserved 1048576K
}
Event: 12.186 GC heap after
{Heap after GC invocations=20 (full 0):
 garbage-first heap   total 155648K, used 75158K [0x0000000080000000, 0x0000000100000000)
  region size 1024K, 4 young (4096K), 4 survivors (4096K)
 Metaspace       used 84637K, capacity 86922K, committed 87208K, reserved 1124352K
  class space    used 11069K, capacity 11984K, committed 12108K, reserved 1048576K
}
Event: 12.331 GC heap before
{Heap before GC invocations=20 (full 0):
 garbage-first heap   total 155648K, used 103830K [0x0000000080000000, 0x0000000100000000)
  region size 1024K, 34 young (34816K), 4 survivors (4096K)
 Metaspace       used 85509K, capacity 87805K, committed 87976K, reserved 1126400K
  class space    used 11179K, capacity 12056K, committed 12108K, reserved 1048576K
}
Event: 12.337 GC heap after
{Heap after GC invocations=21 (full 0):
 garbage-first heap   total 155648K, used 75761K [0x0000000080000000, 0x0000000100000000)
  region size 1024K, 5 young (5120K), 5 survivors (5120K)
 Metaspace       used 85509K, capacity 87805K, committed 87976K, reserved 1126400K
  class space    used 11179K, capacity 12056K, committed 12108K, reserved 1048576K
}
Event: 12.611 GC heap before
{Heap before GC invocations=22 (full 0):
 garbage-first heap   total 155648K, used 124913K [0x0000000080000000, 0x0000000100000000)
  region size 1024K, 44 young (45056K), 5 survivors (5120K)
 Metaspace       used 89807K, capacity 91893K, committed 92712K, reserved 1130496K
  class space    used 11681K, capacity 12451K, committed 12748K, reserved 1048576K
}
Event: 12.618 GC heap after
{Heap after GC invocations=23 (full 0):
 garbage-first heap   total 155648K, used 92254K [0x0000000080000000, 0x0000000100000000)
  region size 1024K, 7 young (7168K), 7 survivors (7168K)
 Metaspace       used 89807K, capacity 91893K, committed 92712K, reserved 1130496K
  class space    used 11681K, capacity 12451K, committed 12748K, reserved 1048576K
}
Event: 12.761 GC heap before
{Heap before GC invocations=24 (full 0):
 garbage-first heap   total 155648K, used 153694K [0x0000000080000000, 0x0000000100000000)
  region size 1024K, 40 young (40960K), 7 survivors (7168K)
 Metaspace       used 90601K, capacity 92701K, committed 93608K, reserved 1130496K
  class space    used 11779K, capacity 12549K, committed 12876K, reserved 1048576K
}
Event: 12.772 GC heap after
{Heap after GC invocations=25 (full 0):
 garbage-first heap   total 171008K, used 112325K [0x0000000080000000, 0x0000000100000000)
  region size 1024K, 6 young (6144K), 6 survivors (6144K)
 Metaspace       used 90601K, capacity 92701K, committed 93608K, reserved 1130496K
  class space    used 11779K, capacity 12549K, committed 12876K, reserved 1048576K
}
Event: 12.845 GC heap before
{Heap before GC invocations=25 (full 0):
 garbage-first heap   total 171008K, used 134853K [0x0000000080000000, 0x0000000100000000)
  region size 1024K, 29 young (29696K), 6 survivors (6144K)
 Metaspace       used 90937K, capacity 92989K, committed 93864K, reserved 1130496K
  class space    used 11808K, capacity 12581K, committed 12876K, reserved 1048576K
}
Event: 12.857 GC heap after
{Heap after GC invocations=26 (full 0):
 garbage-first heap   total 205824K, used 120074K [0x0000000080000000, 0x0000000100000000)
  region size 1024K, 5 young (5120K), 5 survivors (5120K)
 Metaspace       used 90937K, capacity 92989K, committed 93864K, reserved 1130496K
  class space    used 11808K, capacity 12581K, committed 12876K, reserved 1048576K
}
Event: 13.168 GC heap before
{Heap before GC invocations=27 (full 0):
 garbage-first heap   total 205824K, used 156938K [0x0000000080000000, 0x0000000100000000)
  region size 1024K, 40 young (40960K), 5 survivors (5120K)
 Metaspace       used 93624K, capacity 95901K, committed 96424K, reserved 1132544K
  class space    used 12361K, capacity 13256K, committed 13388K, reserved 1048576K
}
Event: 13.184 GC heap after
{Heap after GC invocations=28 (full 0):
 garbage-first heap   total 205824K, used 135291K [0x0000000080000000, 0x0000000100000000)
  region size 1024K, 5 young (5120K), 5 survivors (5120K)
 Metaspace       used 93624K, capacity 95901K, committed 96424K, reserved 1132544K
  class space    used 12361K, capacity 13256K, committed 13388K, reserved 1048576K
}
Event: 13.255 GC heap before
{Heap before GC invocations=28 (full 0):
 garbage-first heap   total 205824K, used 161915K [0x0000000080000000, 0x0000000100000000)
  region size 1024K, 31 young (31744K), 5 survivors (5120K)
 Metaspace       used 93698K, capacity 95969K, committed 96424K, reserved 1132544K
  class space    used 12361K, capacity 13256K, committed 13388K, reserved 1048576K
}
Event: 13.273 GC heap after
{Heap after GC invocations=29 (full 0):
 garbage-first heap   total 205824K, used 149120K [0x0000000080000000, 0x0000000100000000)
  region size 1024K, 4 young (4096K), 4 survivors (4096K)
 Metaspace       used 93698K, capacity 95969K, committed 96424K, reserved 1132544K
  class space    used 12361K, capacity 13256K, committed 13388K, reserved 1048576K
}
Event: 13.322 GC heap before
{Heap before GC invocations=29 (full 0):
 garbage-first heap   total 205824K, used 167552K [0x0000000080000000, 0x0000000100000000)
  region size 1024K, 22 young (22528K), 4 survivors (4096K)
 Metaspace       used 93760K, capacity 96045K, committed 96424K, reserved 1132544K
  class space    used 12361K, capacity 13256K, committed 13388K, reserved 1048576K
}
Event: 13.335 GC heap after
{Heap after GC invocations=30 (full 0):
 garbage-first heap   total 205824K, used 159512K [0x0000000080000000, 0x0000000100000000)
  region size 1024K, 3 young (3072K), 3 survivors (3072K)
 Metaspace       used 93760K, capacity 96045K, committed 96424K, reserved 1132544K
  class space    used 12361K, capacity 13256K, committed 13388K, reserved 1048576K
}
Event: 13.375 GC heap before
{Heap before GC invocations=30 (full 0):
 garbage-first heap   total 205824K, used 169752K [0x0000000080000000, 0x0000000100000000)
  region size 1024K, 14 young (14336K), 3 survivors (3072K)
 Metaspace       used 93773K, capacity 96048K, committed 96424K, reserved 1132544K
  class space    used 12361K, capacity 13256K, committed 13388K, reserved 1048576K
}
Event: 13.388 GC heap after
{Heap after GC invocations=31 (full 0):
 garbage-first heap   total 277504K, used 165746K [0x0000000080000000, 0x0000000100000000)
  region size 1024K, 2 young (2048K), 2 survivors (2048K)
 Metaspace       used 93773K, capacity 96048K, committed 96424K, reserved 1132544K
  class space    used 12361K, capacity 13256K, committed 13388K, reserved 1048576K
}

