# JRE version: OpenJDK Runtime Environment (11.0.13) (build 11.0.13+0-b1751.21-8125866)
# Java VM: OpenJDK 64-Bit Server VM (11.0.13+0-b1751.21-8125866, mixed mode, tiered, compressed oops, g1 gc, windows-amd64)
Heap:
 garbage-first heap   total 305152K, used 177942K [0x0000000080000000, 0x0000000100000000)
  region size 1024K, 3 young (3072K), 3 survivors (3072K)
 Metaspace       used 93850K, capacity 96170K, committed 96592K, reserved 1132544K
  class space    used 12361K, capacity 13271K, committed 13440K, reserved 1048576K
GC Heap History (20 events):
Event: 9.443 GC heap after
{Heap after GC invocations=17 (full 0):
 garbage-first heap   total 155648K, used 63010K [0x0000000080000000, 0x0000000100000000)
  region size 1024K, 9 young (9216K), 9 survivors (9216K)
 Metaspace       used 80798K, capacity 82725K, committed 82768K, reserved 1120256K
  class space    used 10629K, capacity 11374K, committed 11392K, reserved 1048576K
}
Event: 9.956 GC heap before
{Heap before GC invocations=17 (full 0):
 garbage-first heap   total 155648K, used 123426K [0x0000000080000000, 0x0000000100000000)
  region size 1024K, 69 young (70656K), 9 survivors (9216K)
 Metaspace       used 82188K, capacity 84516K, committed 84688K, reserved 1122304K
  class space    used 10854K, capacity 11731K, committed 11776K, reserved 1048576K
}
Event: 9.965 GC heap after
{Heap after GC invocations=18 (full 0):
 garbage-first heap   total 187392K, used 67957K [0x0000000080000000, 0x0000000100000000)
  region size 1024K, 9 young (9216K), 9 survivors (9216K)
 Metaspace       used 82188K, capacity 84516K, committed 84688K, reserved 1122304K
  class space    used 10854K, capacity 11731K, committed 11776K, reserved 1048576K
}
Event: 10.511 GC heap before
{Heap before GC invocations=18 (full 0):
 garbage-first heap   total 187392K, used 142709K [0x0000000080000000, 0x0000000100000000)
  region size 1024K, 83 young (84992K), 9 survivors (9216K)
 Metaspace       used 84039K, capacity 86361K, committed 86608K, reserved 1124352K
  class space    used 10991K, capacity 11860K, committed 11904K, reserved 1048576K
}
Event: 10.522 GC heap after
{Heap after GC invocations=19 (full 0):
 garbage-first heap   total 187392K, used 72810K [0x0000000080000000, 0x0000000100000000)
  region size 1024K, 10 young (10240K), 10 survivors (10240K)
 Metaspace       used 84039K, capacity 86361K, committed 86608K, reserved 1124352K
  class space    used 10991K, capacity 11860K, committed 11904K, reserved 1048576K
}
Event: 10.816 GC heap before
{Heap before GC invocations=19 (full 0):
 garbage-first heap   total 187392K, used 156778K [0x0000000080000000, 0x0000000100000000)
  region size 1024K, 82 young (83968K), 10 survivors (10240K)
 Metaspace       used 85924K, capacity 88333K, committed 88400K, reserved 1126400K
  class space    used 11232K, capacity 12158K, committed 12160K, reserved 1048576K
}
Event: 10.825 GC heap after
{Heap after GC invocations=20 (full 0):
 garbage-first heap   total 187392K, used 90019K [0x0000000080000000, 0x0000000100000000)
  region size 1024K, 11 young (11264K), 11 survivors (11264K)
 Metaspace       used 85924K, capacity 88333K, committed 88400K, reserved 1126400K
  class space    used 11232K, capacity 12158K, committed 12160K, reserved 1048576K
}
Event: 11.078 GC heap before
{Heap before GC invocations=20 (full 0):
 garbage-first heap   total 187392K, used 123811K [0x0000000080000000, 0x0000000100000000)
  region size 1024K, 40 young (40960K), 11 survivors (11264K)
 Metaspace       used 89978K, capacity 92454K, committed 92624K, reserved 1128448K
  class space    used 11783K, capacity 12703K, committed 12800K, reserved 1048576K
}
Event: 11.087 GC heap after
{Heap after GC invocations=21 (full 0):
 garbage-first heap   total 187392K, used 94866K [0x0000000080000000, 0x0000000100000000)
  region size 1024K, 3 young (3072K), 3 survivors (3072K)
 Metaspace       used 89978K, capacity 92454K, committed 92624K, reserved 1128448K
  class space    used 11783K, capacity 12703K, committed 12800K, reserved 1048576K
}
Event: 11.285 GC heap before
{Heap before GC invocations=22 (full 0):
 garbage-first heap   total 187392K, used 164498K [0x0000000080000000, 0x0000000100000000)
  region size 1024K, 49 young (50176K), 3 survivors (3072K)
 Metaspace       used 90658K, capacity 92734K, committed 93776K, reserved 1130496K
  class space    used 11771K, capacity 12551K, committed 12928K, reserved 1048576K
}
Event: 11.296 GC heap after
{Heap after GC invocations=23 (full 0):
 garbage-first heap   total 187392K, used 117015K [0x0000000080000000, 0x0000000100000000)
  region size 1024K, 7 young (7168K), 7 survivors (7168K)
 Metaspace       used 90658K, capacity 92734K, committed 93776K, reserved 1130496K
  class space    used 11771K, capacity 12551K, committed 12928K, reserved 1048576K
}
Event: 11.327 GC heap before
{Heap before GC invocations=23 (full 0):
 garbage-first heap   total 187392K, used 126231K [0x0000000080000000, 0x0000000100000000)
  region size 1024K, 18 young (18432K), 7 survivors (7168K)
 Metaspace       used 90716K, capacity 92798K, committed 93776K, reserved 1130496K
  class space    used 11771K, capacity 12551K, committed 12928K, reserved 1048576K
}
Event: 11.345 GC heap after
{Heap after GC invocations=24 (full 0):
 garbage-first heap   total 225280K, used 121025K [0x0000000080000000, 0x0000000100000000)
  region size 1024K, 5 young (5120K), 5 survivors (5120K)
 Metaspace       used 90716K, capacity 92798K, committed 93776K, reserved 1130496K
  class space    used 11771K, capacity 12551K, committed 12928K, reserved 1048576K
}
Event: 11.663 GC heap before
{Heap before GC invocations=25 (full 0):
 garbage-first heap   total 225280K, used 164033K [0x0000000080000000, 0x0000000100000000)
  region size 1024K, 46 young (47104K), 5 survivors (5120K)
 Metaspace       used 93700K, capacity 96023K, committed 96592K, reserved 1132544K
  class space    used 12361K, capacity 13271K, committed 13440K, reserved 1048576K
}
Event: 11.680 GC heap after
{Heap after GC invocations=26 (full 0):
 garbage-first heap   total 225280K, used 138240K [0x0000000080000000, 0x0000000100000000)
  region size 1024K, 6 young (6144K), 6 survivors (6144K)
 Metaspace       used 93700K, capacity 96023K, committed 96592K, reserved 1132544K
  class space    used 12361K, capacity 13271K, committed 13440K, reserved 1048576K
}
Event: 11.762 GC heap before
{Heap before GC invocations=26 (full 0):
 garbage-first heap   total 225280K, used 171008K [0x0000000080000000, 0x0000000100000000)
  region size 1024K, 39 young (39936K), 6 survivors (6144K)
 Metaspace       used 93802K, capacity 96162K, committed 96592K, reserved 1132544K
  class space    used 12361K, capacity 13271K, committed 13440K, reserved 1048576K
}
Event: 11.784 GC heap after
{Heap after GC invocations=27 (full 0):
 garbage-first heap   total 225280K, used 156072K [0x0000000080000000, 0x0000000100000000)
  region size 1024K, 5 young (5120K), 5 survivors (5120K)
 Metaspace       used 93802K, capacity 96162K, committed 96592K, reserved 1132544K
  class space    used 12361K, capacity 13271K, committed 13440K, reserved 1048576K
}
Event: 11.838 GC heap before
{Heap before GC invocations=27 (full 0):
 garbage-first heap   total 225280K, used 178600K [0x0000000080000000, 0x0000000100000000)
  region size 1024K, 27 young (27648K), 5 survivors (5120K)
 Metaspace       used 93848K, capacity 96170K, committed 96592K, reserved 1132544K
  class space    used 12361K, capacity 13271K, committed 13440K, reserved 1048576K
}
Event: 11.852 GC heap after
{Heap after GC invocations=28 (full 0):
 garbage-first heap   total 225280K, used 168887K [0x0000000080000000, 0x0000000100000000)
  region size 1024K, 4 young (4096K), 4 survivors (4096K)
 Metaspace       used 93848K, capacity 96170K, committed 96592K, reserved 1132544K
  class space    used 12361K, capacity 13271K, committed 13440K, reserved 1048576K
}
Event: 11.904 GC heap before
{Heap before GC invocations=28 (full 0):
 garbage-first heap   total 225280K, used 183223K [0x0000000080000000, 0x0000000100000000)
  region size 1024K, 19 young (19456K), 4 survivors (4096K)
 Metaspace       used 93850K, capacity 96170K, committed 96592K, reserved 1132544K
  class space    used 12361K, capacity 13271K, committed 13440K, reserved 1048576K
}

