# JRE version: OpenJDK Runtime Environment (11.0.13) (build 11.0.13+0-b1751.21-8125866)
# Java VM: OpenJDK 64-Bit Server VM (11.0.13+0-b1751.21-8125866, mixed mode, tiered, compressed oops, g1 gc, windows-amd64)
Heap:
 garbage-first heap   total 270336K, used 202294K [0x0000000080000000, 0x0000000100000000)
  region size 1024K, 10 young (10240K), 2 survivors (2048K)
 Metaspace       used 135516K, capacity 140041K, committed 140336K, reserved 1171456K
  class space    used 17128K, capacity 18772K, committed 18816K, reserved 1048576K
GC Heap History (20 events):
Event: 998.434 GC heap before
{Heap before GC invocations=117 (full 0):
 garbage-first heap   total 270336K, used 233441K [0x0000000080000000, 0x0000000100000000)
  region size 1024K, 26 young (26624K), 5 survivors (5120K)
 Metaspace       used 134174K, capacity 138308K, committed 138416K, reserved 1169408K
  class space    used 16939K, capacity 18432K, committed 18432K, reserved 1048576K
}
Event: 998.444 GC heap after
{Heap after GC invocations=118 (full 0):
 garbage-first heap   total 270336K, used 199513K [0x0000000080000000, 0x0000000100000000)
  region size 1024K, 2 young (2048K), 2 survivors (2048K)
 Metaspace       used 134174K, capacity 138308K, committed 138416K, reserved 1169408K
  class space    used 16939K, capacity 18432K, committed 18432K, reserved 1048576K
}
Event: 999.490 GC heap before
{Heap before GC invocations=118 (full 0):
 garbage-first heap   total 270336K, used 210777K [0x0000000080000000, 0x0000000100000000)
  region size 1024K, 13 young (13312K), 2 survivors (2048K)
 Metaspace       used 134197K, capacity 138314K, committed 138416K, reserved 1169408K
  class space    used 16939K, capacity 18432K, committed 18432K, reserved 1048576K
}
Event: 999.500 GC heap after
{Heap after GC invocations=119 (full 0):
 garbage-first heap   total 270336K, used 192725K [0x0000000080000000, 0x0000000100000000)
  region size 1024K, 2 young (2048K), 2 survivors (2048K)
 Metaspace       used 134197K, capacity 138314K, committed 138416K, reserved 1169408K
  class space    used 16939K, capacity 18432K, committed 18432K, reserved 1048576K
}
Event: 999.549 GC heap before
{Heap before GC invocations=119 (full 0):
 garbage-first heap   total 270336K, used 218325K [0x0000000080000000, 0x0000000100000000)
  region size 1024K, 28 young (28672K), 2 survivors (2048K)
 Metaspace       used 134209K, capacity 138314K, committed 138416K, reserved 1169408K
  class space    used 16939K, capacity 18432K, committed 18432K, reserved 1048576K
}
Event: 999.553 GC heap after
{Heap after GC invocations=120 (full 0):
 garbage-first heap   total 270336K, used 193474K [0x0000000080000000, 0x0000000100000000)
  region size 1024K, 3 young (3072K), 3 survivors (3072K)
 Metaspace       used 134209K, capacity 138314K, committed 138416K, reserved 1169408K
  class space    used 16939K, capacity 18432K, committed 18432K, reserved 1048576K
}
Event: 1034.884 GC heap before
{Heap before GC invocations=121 (full 0):
 garbage-first heap   total 270336K, used 217026K [0x0000000080000000, 0x0000000100000000)
  region size 1024K, 30 young (30720K), 3 survivors (3072K)
 Metaspace       used 134296K, capacity 138478K, committed 138800K, reserved 1169408K
  class space    used 16943K, capacity 18440K, committed 18560K, reserved 1048576K
}
Event: 1034.888 GC heap after
{Heap after GC invocations=122 (full 0):
 garbage-first heap   total 270336K, used 178838K [0x0000000080000000, 0x0000000100000000)
  region size 1024K, 2 young (2048K), 2 survivors (2048K)
 Metaspace       used 134296K, capacity 138478K, committed 138800K, reserved 1169408K
  class space    used 16943K, capacity 18440K, committed 18560K, reserved 1048576K
}
Event: 1034.967 GC heap before
{Heap before GC invocations=122 (full 0):
 garbage-first heap   total 270336K, used 189078K [0x0000000080000000, 0x0000000100000000)
  region size 1024K, 13 young (13312K), 2 survivors (2048K)
 Metaspace       used 134431K, capacity 138631K, committed 138800K, reserved 1169408K
  class space    used 16962K, capacity 18476K, committed 18560K, reserved 1048576K
}
Event: 1034.971 GC heap after
{Heap after GC invocations=123 (full 0):
 garbage-first heap   total 270336K, used 173229K [0x0000000080000000, 0x0000000100000000)
  region size 1024K, 2 young (2048K), 2 survivors (2048K)
 Metaspace       used 134431K, capacity 138631K, committed 138800K, reserved 1169408K
  class space    used 16962K, capacity 18476K, committed 18560K, reserved 1048576K
}
Event: 1221.424 GC heap before
{Heap before GC invocations=123 (full 0):
 garbage-first heap   total 270336K, used 212141K [0x0000000080000000, 0x0000000100000000)
  region size 1024K, 41 young (41984K), 2 survivors (2048K)
 Metaspace       used 134701K, capacity 138938K, committed 139056K, reserved 1169408K
  class space    used 16984K, capacity 18516K, committed 18560K, reserved 1048576K
}
Event: 1221.431 GC heap after
{Heap after GC invocations=124 (full 0):
 garbage-first heap   total 270336K, used 176847K [0x0000000080000000, 0x0000000100000000)
  region size 1024K, 5 young (5120K), 5 survivors (5120K)
 Metaspace       used 134701K, capacity 138938K, committed 139056K, reserved 1169408K
  class space    used 16984K, capacity 18516K, committed 18560K, reserved 1048576K
}
Event: 1221.899 GC heap before
{Heap before GC invocations=125 (full 0):
 garbage-first heap   total 270336K, used 218831K [0x0000000080000000, 0x0000000100000000)
  region size 1024K, 45 young (46080K), 5 survivors (5120K)
 Metaspace       used 134952K, capacity 139266K, committed 139440K, reserved 1169408K
  class space    used 17017K, capacity 18577K, committed 18688K, reserved 1048576K
}
Event: 1221.908 GC heap after
{Heap after GC invocations=126 (full 0):
 garbage-first heap   total 270336K, used 184676K [0x0000000080000000, 0x0000000100000000)
  region size 1024K, 6 young (6144K), 6 survivors (6144K)
 Metaspace       used 134952K, capacity 139266K, committed 139440K, reserved 1169408K
  class space    used 17017K, capacity 18577K, committed 18688K, reserved 1048576K
}
Event: 1221.925 GC heap before
{Heap before GC invocations=126 (full 0):
 garbage-first heap   total 270336K, used 191844K [0x0000000080000000, 0x0000000100000000)
  region size 1024K, 13 young (13312K), 6 survivors (6144K)
 Metaspace       used 134955K, capacity 139330K, committed 139696K, reserved 1171456K
  class space    used 17017K, capacity 18577K, committed 18688K, reserved 1048576K
}
Event: 1221.934 GC heap after
{Heap after GC invocations=127 (full 0):
 garbage-first heap   total 270336K, used 181596K [0x0000000080000000, 0x0000000100000000)
  region size 1024K, 2 young (2048K), 2 survivors (2048K)
 Metaspace       used 134955K, capacity 139330K, committed 139696K, reserved 1171456K
  class space    used 17017K, capacity 18577K, committed 18688K, reserved 1048576K
}
Event: 1222.001 GC heap before
{Heap before GC invocations=127 (full 0):
 garbage-first heap   total 270336K, used 205148K [0x0000000080000000, 0x0000000100000000)
  region size 1024K, 26 young (26624K), 2 survivors (2048K)
 Metaspace       used 134969K, capacity 139330K, committed 139696K, reserved 1171456K
  class space    used 17017K, capacity 18577K, committed 18688K, reserved 1048576K
}
Event: 1222.014 GC heap after
{Heap after GC invocations=128 (full 0):
 garbage-first heap   total 270336K, used 194911K [0x0000000080000000, 0x0000000100000000)
  region size 1024K, 5 young (5120K), 5 survivors (5120K)
 Metaspace       used 134969K, capacity 139330K, committed 139696K, reserved 1171456K
  class space    used 17017K, capacity 18577K, committed 18688K, reserved 1048576K
}
Event: 1222.323 GC heap before
{Heap before GC invocations=129 (full 0):
 garbage-first heap   total 270336K, used 231775K [0x0000000080000000, 0x0000000100000000)
  region size 1024K, 28 young (28672K), 5 survivors (5120K)
 Metaspace       used 135224K, capacity 139670K, committed 139696K, reserved 1171456K
  class space    used 17077K, capacity 18687K, committed 18688K, reserved 1048576K
}
Event: 1222.330 GC heap after
{Heap after GC invocations=130 (full 0):
 garbage-first heap   total 270336K, used 196150K [0x0000000080000000, 0x0000000100000000)
  region size 1024K, 2 young (2048K), 2 survivors (2048K)
 Metaspace       used 135224K, capacity 139670K, committed 139696K, reserved 1171456K
  class space    used 17077K, capacity 18687K, committed 18688K, reserved 1048576K
}

