# JRE version: OpenJDK Runtime Environment (11.0.13) (build 11.0.13+0-b1751.21-8125866)
# Java VM: OpenJDK 64-Bit Server VM (11.0.13+0-b1751.21-8125866, mixed mode, tiered, compressed oops, g1 gc, windows-amd64)
Heap:
 garbage-first heap   total 692224K, used 221684K [0x0000000080000000, 0x0000000100000000)
  region size 1024K, 3 young (3072K), 3 survivors (3072K)
 Metaspace       used 109596K, capacity 112183K, committed 112424K, reserved 1146880K
  class space    used 13877K, capacity 14828K, committed 14936K, reserved 1048576K
GC Heap History (20 events):
Event: 77.339 GC heap after
{Heap after GC invocations=38 (full 0):
 garbage-first heap   total 157696K, used 150385K [0x0000000080000000, 0x0000000100000000)
  region size 1024K, 1 young (1024K), 1 survivors (1024K)
 Metaspace       used 103235K, capacity 105780K, committed 106152K, reserved 1140736K
  class space    used 13057K, capacity 13959K, committed 14040K, reserved 1048576K
}
Event: 77.408 GC heap before
{Heap before GC invocations=39 (full 0):
 garbage-first heap   total 157696K, used 156529K [0x0000000080000000, 0x0000000100000000)
  region size 1024K, 7 young (7168K), 1 survivors (1024K)
 Metaspace       used 103664K, capacity 106228K, committed 106536K, reserved 1142784K
  class space    used 13104K, capacity 14023K, committed 14168K, reserved 1048576K
}
Event: 77.412 GC heap after
{Heap after GC invocations=40 (full 0):
 garbage-first heap   total 161792K, used 153858K [0x0000000080000000, 0x0000000100000000)
  region size 1024K, 1 young (1024K), 1 survivors (1024K)
 Metaspace       used 103664K, capacity 106228K, committed 106536K, reserved 1142784K
  class space    used 13104K, capacity 14023K, committed 14168K, reserved 1048576K
}
Event: 77.444 GC heap before
{Heap before GC invocations=40 (full 0):
 garbage-first heap   total 161792K, used 160002K [0x0000000080000000, 0x0000000100000000)
  region size 1024K, 7 young (7168K), 1 survivors (1024K)
 Metaspace       used 103751K, capacity 106292K, committed 106536K, reserved 1142784K
  class space    used 13118K, capacity 14023K, committed 14168K, reserved 1048576K
}
Event: 77.450 GC heap after
{Heap after GC invocations=41 (full 0):
 garbage-first heap   total 202752K, used 154599K [0x0000000080000000, 0x0000000100000000)
  region size 1024K, 1 young (1024K), 1 survivors (1024K)
 Metaspace       used 103751K, capacity 106292K, committed 106536K, reserved 1142784K
  class space    used 13118K, capacity 14023K, committed 14168K, reserved 1048576K
}
Event: 77.626 GC heap before
{Heap before GC invocations=41 (full 0):
 garbage-first heap   total 202752K, used 164839K [0x0000000080000000, 0x0000000100000000)
  region size 1024K, 11 young (11264K), 1 survivors (1024K)
 Metaspace       used 105373K, capacity 107916K, committed 108328K, reserved 1142784K
  class space    used 13372K, capacity 14285K, committed 14424K, reserved 1048576K
}
Event: 77.629 GC heap after
{Heap after GC invocations=42 (full 0):
 garbage-first heap   total 202752K, used 155015K [0x0000000080000000, 0x0000000100000000)
  region size 1024K, 2 young (2048K), 2 survivors (2048K)
 Metaspace       used 105373K, capacity 107916K, committed 108328K, reserved 1142784K
  class space    used 13372K, capacity 14285K, committed 14424K, reserved 1048576K
}
Event: 77.819 GC heap before
{Heap before GC invocations=43 (full 0):
 garbage-first heap   total 202752K, used 166279K [0x0000000080000000, 0x0000000100000000)
  region size 1024K, 13 young (13312K), 2 survivors (2048K)
 Metaspace       used 107239K, capacity 109830K, committed 110120K, reserved 1144832K
  class space    used 13635K, capacity 14581K, committed 14680K, reserved 1048576K
}
Event: 77.822 GC heap after
{Heap after GC invocations=44 (full 0):
 garbage-first heap   total 202752K, used 155670K [0x0000000080000000, 0x0000000100000000)
  region size 1024K, 2 young (2048K), 2 survivors (2048K)
 Metaspace       used 107239K, capacity 109830K, committed 110120K, reserved 1144832K
  class space    used 13635K, capacity 14581K, committed 14680K, reserved 1048576K
}
Event: 77.914 GC heap before
{Heap before GC invocations=44 (full 0):
 garbage-first heap   total 202752K, used 162838K [0x0000000080000000, 0x0000000100000000)
  region size 1024K, 9 young (9216K), 2 survivors (2048K)
 Metaspace       used 108042K, capacity 110619K, committed 110760K, reserved 1144832K
  class space    used 13746K, capacity 14716K, committed 14808K, reserved 1048576K
}
Event: 77.920 GC heap after
{Heap after GC invocations=45 (full 0):
 garbage-first heap   total 202752K, used 152912K [0x0000000080000000, 0x0000000100000000)
  region size 1024K, 2 young (2048K), 2 survivors (2048K)
 Metaspace       used 108042K, capacity 110619K, committed 110760K, reserved 1144832K
  class space    used 13746K, capacity 14716K, committed 14808K, reserved 1048576K
}
Event: 77.980 GC heap before
{Heap before GC invocations=45 (full 0):
 garbage-first heap   total 202752K, used 157008K [0x0000000080000000, 0x0000000100000000)
  region size 1024K, 8 young (8192K), 2 survivors (2048K)
 Metaspace       used 108283K, capacity 110826K, committed 111016K, reserved 1144832K
  class space    used 13773K, capacity 14721K, committed 14808K, reserved 1048576K
}
Event: 77.986 GC heap after
{Heap after GC invocations=46 (full 0):
 garbage-first heap   total 323584K, used 154314K [0x0000000080000000, 0x0000000100000000)
  region size 1024K, 2 young (2048K), 2 survivors (2048K)
 Metaspace       used 108283K, capacity 110826K, committed 111016K, reserved 1144832K
  class space    used 13773K, capacity 14721K, committed 14808K, reserved 1048576K
}
Event: 78.394 GC heap before
{Heap before GC invocations=47 (full 0):
 garbage-first heap   total 323584K, used 206538K [0x0000000080000000, 0x0000000100000000)
  region size 1024K, 52 young (53248K), 2 survivors (2048K)
 Metaspace       used 109429K, capacity 111982K, committed 112168K, reserved 1146880K
  class space    used 13872K, capacity 14826K, committed 14936K, reserved 1048576K
}
Event: 78.422 GC heap after
{Heap after GC invocations=48 (full 0):
 garbage-first heap   total 323584K, used 194069K [0x0000000080000000, 0x0000000100000000)
  region size 1024K, 7 young (7168K), 7 survivors (7168K)
 Metaspace       used 109429K, capacity 111982K, committed 112168K, reserved 1146880K
  class space    used 13872K, capacity 14826K, committed 14936K, reserved 1048576K
}
Event: 78.526 GC heap before
{Heap before GC invocations=48 (full 0):
 garbage-first heap   total 323584K, used 227861K [0x0000000080000000, 0x0000000100000000)
  region size 1024K, 40 young (40960K), 7 survivors (7168K)
 Metaspace       used 109489K, capacity 112111K, committed 112424K, reserved 1146880K
  class space    used 13872K, capacity 14826K, committed 14936K, reserved 1048576K
}
Event: 78.545 GC heap after
{Heap after GC invocations=49 (full 0):
 garbage-first heap   total 323584K, used 222134K [0x0000000080000000, 0x0000000100000000)
  region size 1024K, 5 young (5120K), 5 survivors (5120K)
 Metaspace       used 109489K, capacity 112111K, committed 112424K, reserved 1146880K
  class space    used 13872K, capacity 14826K, committed 14936K, reserved 1048576K
}
Event: 78.607 GC heap before
{Heap before GC invocations=49 (full 0):
 garbage-first heap   total 323584K, used 244662K [0x0000000080000000, 0x0000000100000000)
  region size 1024K, 28 young (28672K), 5 survivors (5120K)
 Metaspace       used 109489K, capacity 112111K, committed 112424K, reserved 1146880K
  class space    used 13872K, capacity 14826K, committed 14936K, reserved 1048576K
}
Event: 78.628 GC heap after
{Heap after GC invocations=50 (full 0):
 garbage-first heap   total 323584K, used 248832K [0x0000000080000000, 0x0000000100000000)
  region size 1024K, 4 young (4096K), 4 survivors (4096K)
 Metaspace       used 109489K, capacity 112111K, committed 112424K, reserved 1146880K
  class space    used 13872K, capacity 14826K, committed 14936K, reserved 1048576K
}
Event: 78.715 GC heap before
{Heap before GC invocations=50 (full 0):
 garbage-first heap   total 323584K, used 227328K [0x0000000080000000, 0x0000000100000000)
  region size 1024K, 17 young (17408K), 4 survivors (4096K)
 Metaspace       used 109596K, capacity 112183K, committed 112424K, reserved 1146880K
  class space    used 13877K, capacity 14828K, committed 14936K, reserved 1048576K
}

