# JRE version: OpenJDK Runtime Environment (11.0.13) (build 11.0.13+0-b1751.21-8125866)
# Java VM: OpenJDK 64-Bit Server VM (11.0.13+0-b1751.21-8125866, mixed mode, tiered, compressed oops, g1 gc, windows-amd64)
Heap:
 garbage-first heap   total 496640K, used 205734K [0x0000000080000000, 0x0000000100000000)
  region size 1024K, 11 young (11264K), 11 survivors (11264K)
 Metaspace       used 118069K, capacity 122337K, committed 122408K, reserved 1155072K
  class space    used 15472K, capacity 17222K, committed 17240K, reserved 1048576K
GC Heap History (20 events):
Event: 25.239 GC heap after
{Heap after GC invocations=46 (full 0):
 garbage-first heap   total 238592K, used 94724K [0x0000000080000000, 0x0000000100000000)
  region size 1024K, 6 young (6144K), 6 survivors (6144K)
 Metaspace       used 102586K, capacity 104987K, committed 105640K, reserved 1140736K
  class space    used 12832K, capacity 13739K, committed 14040K, reserved 1048576K
}
Event: 25.485 GC heap before
{Heap before GC invocations=46 (full 0):
 garbage-first heap   total 238592K, used 186884K [0x0000000080000000, 0x0000000100000000)
  region size 1024K, 79 young (80896K), 6 survivors (6144K)
 Metaspace       used 103341K, capacity 105799K, committed 106536K, reserved 1142784K
  class space    used 12949K, capacity 13861K, committed 14168K, reserved 1048576K
}
Event: 25.497 GC heap after
{Heap after GC invocations=47 (full 0):
 garbage-first heap   total 238592K, used 106450K [0x0000000080000000, 0x0000000100000000)
  region size 1024K, 10 young (10240K), 10 survivors (10240K)
 Metaspace       used 103341K, capacity 105799K, committed 106536K, reserved 1142784K
  class space    used 12949K, capacity 13861K, committed 14168K, reserved 1048576K
}
Event: 25.832 GC heap before
{Heap before GC invocations=47 (full 0):
 garbage-first heap   total 238592K, used 177106K [0x0000000080000000, 0x0000000100000000)
  region size 1024K, 80 young (81920K), 10 survivors (10240K)
 Metaspace       used 106788K, capacity 109588K, committed 109736K, reserved 1144832K
  class space    used 13455K, capacity 14508K, committed 14552K, reserved 1048576K
}
Event: 25.844 GC heap after
{Heap after GC invocations=48 (full 0):
 garbage-first heap   total 286720K, used 123259K [0x0000000080000000, 0x0000000100000000)
  region size 1024K, 10 young (10240K), 10 survivors (10240K)
 Metaspace       used 106788K, capacity 109588K, committed 109736K, reserved 1144832K
  class space    used 13455K, capacity 14508K, committed 14552K, reserved 1048576K
}
Event: 26.157 GC heap before
{Heap before GC invocations=48 (full 0):
 garbage-first heap   total 286720K, used 210299K [0x0000000080000000, 0x0000000100000000)
  region size 1024K, 96 young (98304K), 10 survivors (10240K)
 Metaspace       used 109779K, capacity 112917K, committed 113192K, reserved 1146880K
  class space    used 13949K, capacity 15165K, committed 15192K, reserved 1048576K
}
Event: 26.172 GC heap after
{Heap after GC invocations=49 (full 0):
 garbage-first heap   total 286720K, used 137103K [0x0000000080000000, 0x0000000100000000)
  region size 1024K, 12 young (12288K), 12 survivors (12288K)
 Metaspace       used 109779K, capacity 112917K, committed 113192K, reserved 1146880K
  class space    used 13949K, capacity 15165K, committed 15192K, reserved 1048576K
}
Event: 26.334 GC heap before
{Heap before GC invocations=49 (full 0):
 garbage-first heap   total 286720K, used 214927K [0x0000000080000000, 0x0000000100000000)
  region size 1024K, 88 young (90112K), 12 survivors (12288K)
 Metaspace       used 111346K, capacity 114932K, committed 115112K, reserved 1148928K
  class space    used 14340K, capacity 15810K, committed 15832K, reserved 1048576K
}
Event: 26.356 GC heap after
{Heap after GC invocations=50 (full 0):
 garbage-first heap   total 286720K, used 151379K [0x0000000080000000, 0x0000000100000000)
  region size 1024K, 11 young (11264K), 11 survivors (11264K)
 Metaspace       used 111346K, capacity 114932K, committed 115112K, reserved 1148928K
  class space    used 14340K, capacity 15810K, committed 15832K, reserved 1048576K
}
Event: 26.458 GC heap before
{Heap before GC invocations=50 (full 0):
 garbage-first heap   total 286720K, used 221011K [0x0000000080000000, 0x0000000100000000)
  region size 1024K, 80 young (81920K), 11 survivors (11264K)
 Metaspace       used 112524K, capacity 116240K, committed 116520K, reserved 1148928K
  class space    used 14580K, capacity 16131K, committed 16216K, reserved 1048576K
}
Event: 26.477 GC heap after
{Heap after GC invocations=51 (full 0):
 garbage-first heap   total 286720K, used 164634K [0x0000000080000000, 0x0000000100000000)
  region size 1024K, 10 young (10240K), 10 survivors (10240K)
 Metaspace       used 112524K, capacity 116240K, committed 116520K, reserved 1148928K
  class space    used 14580K, capacity 16131K, committed 16216K, reserved 1048576K
}
Event: 26.627 GC heap before
{Heap before GC invocations=51 (full 0):
 garbage-first heap   total 286720K, used 227098K [0x0000000080000000, 0x0000000100000000)
  region size 1024K, 71 young (72704K), 10 survivors (10240K)
 Metaspace       used 114540K, capacity 118545K, committed 118824K, reserved 1150976K
  class space    used 14962K, capacity 16616K, committed 16728K, reserved 1048576K
}
Event: 26.647 GC heap after
{Heap after GC invocations=52 (full 0):
 garbage-first heap   total 384000K, used 177666K [0x0000000080000000, 0x0000000100000000)
  region size 1024K, 9 young (9216K), 9 survivors (9216K)
 Metaspace       used 114540K, capacity 118545K, committed 118824K, reserved 1150976K
  class space    used 14962K, capacity 16616K, committed 16728K, reserved 1048576K
}
Event: 26.899 GC heap before
{Heap before GC invocations=52 (full 0):
 garbage-first heap   total 384000K, used 265730K [0x0000000080000000, 0x0000000100000000)
  region size 1024K, 96 young (98304K), 9 survivors (9216K)
 Metaspace       used 116387K, capacity 120566K, committed 120744K, reserved 1153024K
  class space    used 15264K, capacity 16985K, committed 17112K, reserved 1048576K
}
Event: 26.918 GC heap after
{Heap after GC invocations=53 (full 0):
 garbage-first heap   total 384000K, used 187446K [0x0000000080000000, 0x0000000100000000)
  region size 1024K, 9 young (9216K), 9 survivors (9216K)
 Metaspace       used 116387K, capacity 120566K, committed 120744K, reserved 1153024K
  class space    used 15264K, capacity 16985K, committed 17112K, reserved 1048576K
}
Event: 27.103 GC heap before
{Heap before GC invocations=53 (full 0):
 garbage-first heap   total 384000K, used 276534K [0x0000000080000000, 0x0000000100000000)
  region size 1024K, 97 young (99328K), 9 survivors (9216K)
 Metaspace       used 117491K, capacity 121734K, committed 121896K, reserved 1155072K
  class space    used 15420K, capacity 17179K, committed 17240K, reserved 1048576K
}
Event: 27.116 GC heap after
{Heap after GC invocations=54 (full 0):
 garbage-first heap   total 384000K, used 195098K [0x0000000080000000, 0x0000000100000000)
  region size 1024K, 8 young (8192K), 8 survivors (8192K)
 Metaspace       used 117491K, capacity 121734K, committed 121896K, reserved 1155072K
  class space    used 15420K, capacity 17179K, committed 17240K, reserved 1048576K
}
Event: 27.270 GC heap before
{Heap before GC invocations=54 (full 0):
 garbage-first heap   total 384000K, used 288282K [0x0000000080000000, 0x0000000100000000)
  region size 1024K, 100 young (102400K), 8 survivors (8192K)
 Metaspace       used 117718K, capacity 121954K, committed 122152K, reserved 1155072K
  class space    used 15436K, capacity 17184K, committed 17240K, reserved 1048576K
}
Event: 27.283 GC heap after
{Heap after GC invocations=55 (full 0):
 garbage-first heap   total 384000K, used 201148K [0x0000000080000000, 0x0000000100000000)
  region size 1024K, 7 young (7168K), 7 survivors (7168K)
 Metaspace       used 117718K, capacity 121954K, committed 122152K, reserved 1155072K
  class space    used 15436K, capacity 17184K, committed 17240K, reserved 1048576K
}
Event: 27.450 GC heap before
{Heap before GC invocations=55 (full 0):
 garbage-first heap   total 384000K, used 296380K [0x0000000080000000, 0x0000000100000000)
  region size 1024K, 100 young (102400K), 7 survivors (7168K)
 Metaspace       used 118069K, capacity 122337K, committed 122408K, reserved 1155072K
  class space    used 15472K, capacity 17222K, committed 17240K, reserved 1048576K
}

