# JRE version: OpenJDK Runtime Environment (11.0.13) (build 11.0.13+0-b1751.21-8125866)
# Java VM: OpenJDK 64-Bit Server VM (11.0.13+0-b1751.21-8125866, mixed mode, tiered, compressed oops, g1 gc, windows-amd64)
Heap:
 garbage-first heap   total 430080K, used 199912K [0x0000000080000000, 0x0000000100000000)
  region size 1024K, 2 young (2048K), 2 survivors (2048K)
 Metaspace       used 103100K, capacity 105598K, committed 106280K, reserved 1140736K
  class space    used 13050K, capacity 13981K, committed 14168K, reserved 1048576K
GC Heap History (20 events):
Event: 13.881 GC heap after
{Heap after GC invocations=30 (full 0):
 garbage-first heap   total 241664K, used 166036K [0x0000000080000000, 0x0000000100000000)
  region size 1024K, 6 young (6144K), 6 survivors (6144K)
 Metaspace       used 101611K, capacity 104002K, committed 104744K, reserved 1140736K
  class space    used 12921K, capacity 13836K, committed 14168K, reserved 1048576K
}
Event: 13.911 GC heap before
{Heap before GC invocations=30 (full 0):
 garbage-first heap   total 241664K, used 187540K [0x0000000080000000, 0x0000000100000000)
  region size 1024K, 27 young (27648K), 6 survivors (6144K)
 Metaspace       used 101611K, capacity 104002K, committed 104744K, reserved 1140736K
  class space    used 12921K, capacity 13836K, committed 14168K, reserved 1048576K
}
Event: 13.925 GC heap after
{Heap after GC invocations=31 (full 0):
 garbage-first heap   total 241664K, used 183083K [0x0000000080000000, 0x0000000100000000)
  region size 1024K, 4 young (4096K), 4 survivors (4096K)
 Metaspace       used 101611K, capacity 104002K, committed 104744K, reserved 1140736K
  class space    used 12921K, capacity 13836K, committed 14168K, reserved 1048576K
}
Event: 13.959 GC heap before
{Heap before GC invocations=31 (full 0):
 garbage-first heap   total 241664K, used 196395K [0x0000000080000000, 0x0000000100000000)
  region size 1024K, 17 young (17408K), 4 survivors (4096K)
 Metaspace       used 101612K, capacity 104002K, committed 104744K, reserved 1140736K
  class space    used 12921K, capacity 13836K, committed 14168K, reserved 1048576K
}
Event: 13.967 GC heap after
{Heap after GC invocations=32 (full 0):
 garbage-first heap   total 241664K, used 192512K [0x0000000080000000, 0x0000000100000000)
  region size 1024K, 3 young (3072K), 3 survivors (3072K)
 Metaspace       used 101612K, capacity 104002K, committed 104744K, reserved 1140736K
  class space    used 12921K, capacity 13836K, committed 14168K, reserved 1048576K
}
Event: 14.046 GC heap before
{Heap before GC invocations=32 (full 0):
 garbage-first heap   total 241664K, used 201728K [0x0000000080000000, 0x0000000100000000)
  region size 1024K, 12 young (12288K), 3 survivors (3072K)
 Metaspace       used 101666K, capacity 104069K, committed 105000K, reserved 1140736K
  class space    used 12921K, capacity 13836K, committed 14168K, reserved 1048576K
}
Event: 14.050 GC heap after
{Heap after GC invocations=33 (full 0):
 garbage-first heap   total 241664K, used 196234K [0x0000000080000000, 0x0000000100000000)
  region size 1024K, 2 young (2048K), 2 survivors (2048K)
 Metaspace       used 101666K, capacity 104069K, committed 105000K, reserved 1140736K
  class space    used 12921K, capacity 13836K, committed 14168K, reserved 1048576K
}
Event: 14.106 GC heap before
{Heap before GC invocations=33 (full 0):
 garbage-first heap   total 241664K, used 205450K [0x0000000080000000, 0x0000000100000000)
  region size 1024K, 11 young (11264K), 2 survivors (2048K)
 Metaspace       used 101666K, capacity 104069K, committed 105000K, reserved 1140736K
  class space    used 12921K, capacity 13836K, committed 14168K, reserved 1048576K
}
Event: 14.110 GC heap after
{Heap after GC invocations=34 (full 0):
 garbage-first heap   total 241664K, used 205790K [0x0000000080000000, 0x0000000100000000)
  region size 1024K, 2 young (2048K), 2 survivors (2048K)
 Metaspace       used 101666K, capacity 104069K, committed 105000K, reserved 1140736K
  class space    used 12921K, capacity 13836K, committed 14168K, reserved 1048576K
}
Event: 14.137 GC heap before
{Heap before GC invocations=34 (full 0):
 garbage-first heap   total 241664K, used 215006K [0x0000000080000000, 0x0000000100000000)
  region size 1024K, 11 young (11264K), 2 survivors (2048K)
 Metaspace       used 101666K, capacity 104069K, committed 105000K, reserved 1140736K
  class space    used 12921K, capacity 13836K, committed 14168K, reserved 1048576K
}
Event: 14.142 GC heap after
{Heap after GC invocations=35 (full 0):
 garbage-first heap   total 290816K, used 215528K [0x0000000080000000, 0x0000000100000000)
  region size 1024K, 2 young (2048K), 2 survivors (2048K)
 Metaspace       used 101666K, capacity 104069K, committed 105000K, reserved 1140736K
  class space    used 12921K, capacity 13836K, committed 14168K, reserved 1048576K
}
Event: 14.173 GC heap before
{Heap before GC invocations=36 (full 0):
 garbage-first heap   total 290816K, used 229864K [0x0000000080000000, 0x0000000100000000)
  region size 1024K, 17 young (17408K), 2 survivors (2048K)
 Metaspace       used 101666K, capacity 104069K, committed 105000K, reserved 1140736K
  class space    used 12921K, capacity 13836K, committed 14168K, reserved 1048576K
}
Event: 14.181 GC heap after
{Heap after GC invocations=37 (full 0):
 garbage-first heap   total 290816K, used 229900K [0x0000000080000000, 0x0000000100000000)
  region size 1024K, 3 young (3072K), 3 survivors (3072K)
 Metaspace       used 101666K, capacity 104069K, committed 105000K, reserved 1140736K
  class space    used 12921K, capacity 13836K, committed 14168K, reserved 1048576K
}
Event: 14.192 GC heap before
{Heap before GC invocations=37 (full 0):
 garbage-first heap   total 290816K, used 241164K [0x0000000080000000, 0x0000000100000000)
  region size 1024K, 14 young (14336K), 3 survivors (3072K)
 Metaspace       used 101666K, capacity 104069K, committed 105000K, reserved 1140736K
  class space    used 12921K, capacity 13836K, committed 14168K, reserved 1048576K
}
Event: 14.203 GC heap after
{Heap after GC invocations=38 (full 0):
 garbage-first heap   total 290816K, used 242568K [0x0000000080000000, 0x0000000100000000)
  region size 1024K, 2 young (2048K), 2 survivors (2048K)
 Metaspace       used 101666K, capacity 104069K, committed 105000K, reserved 1140736K
  class space    used 12921K, capacity 13836K, committed 14168K, reserved 1048576K
}
Event: 14.267 GC heap before
{Heap before GC invocations=38 (full 0):
 garbage-first heap   total 290816K, used 254856K [0x0000000080000000, 0x0000000100000000)
  region size 1024K, 14 young (14336K), 2 survivors (2048K)
 Metaspace       used 101734K, capacity 104205K, committed 105000K, reserved 1140736K
  class space    used 12922K, capacity 13836K, committed 14168K, reserved 1048576K
}
Event: 14.272 GC heap after
{Heap after GC invocations=39 (full 0):
 garbage-first heap   total 290816K, used 246705K [0x0000000080000000, 0x0000000100000000)
  region size 1024K, 2 young (2048K), 2 survivors (2048K)
 Metaspace       used 101734K, capacity 104205K, committed 105000K, reserved 1140736K
  class space    used 12922K, capacity 13836K, committed 14168K, reserved 1048576K
}
Event: 14.514 GC heap before
{Heap before GC invocations=40 (full 0):
 garbage-first heap   total 290816K, used 220081K [0x0000000080000000, 0x0000000100000000)
  region size 1024K, 14 young (14336K), 2 survivors (2048K)
 Metaspace       used 102903K, capacity 105398K, committed 106024K, reserved 1140736K
  class space    used 13050K, capacity 13980K, committed 14168K, reserved 1048576K
}
Event: 14.518 GC heap after
{Heap after GC invocations=41 (full 0):
 garbage-first heap   total 290816K, used 210436K [0x0000000080000000, 0x0000000100000000)
  region size 1024K, 2 young (2048K), 2 survivors (2048K)
 Metaspace       used 102903K, capacity 105398K, committed 106024K, reserved 1140736K
  class space    used 13050K, capacity 13980K, committed 14168K, reserved 1048576K
}
Event: 14.622 GC heap before
{Heap before GC invocations=41 (full 0):
 garbage-first heap   total 290816K, used 222724K [0x0000000080000000, 0x0000000100000000)
  region size 1024K, 14 young (14336K), 2 survivors (2048K)
 Metaspace       used 103100K, capacity 105598K, committed 106280K, reserved 1140736K
  class space    used 13050K, capacity 13981K, committed 14168K, reserved 1048576K
}

