# JRE version: OpenJDK Runtime Environment (11.0.13) (build 11.0.13+0-b1751.21-8125866)
# Java VM: OpenJDK 64-Bit Server VM (11.0.13+0-b1751.21-8125866, mixed mode, tiered, compressed oops, g1 gc, windows-amd64)
Heap:
 garbage-first heap   total 518144K, used 226482K [0x0000000080000000, 0x0000000100000000)
  region size 1024K, 2 young (2048K), 2 survivors (2048K)
 Metaspace       used 114761K, capacity 117906K, committed 118016K, reserved 1150976K
  class space    used 14874K, capacity 16031K, committed 16128K, reserved 1048576K
GC Heap History (20 events):
Event: 198.220 GC heap after
{Heap after GC invocations=82 (full 0):
 garbage-first heap   total 225280K, used 163598K [0x0000000080000000, 0x0000000100000000)
  region size 1024K, 2 young (2048K), 2 survivors (2048K)
 Metaspace       used 105828K, capacity 108671K, committed 108800K, reserved 1142784K
  class space    used 13508K, capacity 14532K, committed 14592K, reserved 1048576K
}
Event: 198.462 GC heap before
{Heap before GC invocations=83 (full 0):
 garbage-first heap   total 225280K, used 203534K [0x0000000080000000, 0x0000000100000000)
  region size 1024K, 31 young (31744K), 2 survivors (2048K)
 Metaspace       used 108708K, capacity 111607K, committed 111744K, reserved 1146880K
  class space    used 13895K, capacity 14931K, committed 14976K, reserved 1048576K
}
Event: 198.466 GC heap after
{Heap after GC invocations=84 (full 0):
 garbage-first heap   total 225280K, used 178492K [0x0000000080000000, 0x0000000100000000)
  region size 1024K, 4 young (4096K), 4 survivors (4096K)
 Metaspace       used 108708K, capacity 111607K, committed 111744K, reserved 1146880K
  class space    used 13895K, capacity 14931K, committed 14976K, reserved 1048576K
}
Event: 198.507 GC heap before
{Heap before GC invocations=84 (full 0):
 garbage-first heap   total 225280K, used 184636K [0x0000000080000000, 0x0000000100000000)
  region size 1024K, 11 young (11264K), 4 survivors (4096K)
 Metaspace       used 109675K, capacity 112608K, committed 112640K, reserved 1146880K
  class space    used 14032K, capacity 15094K, committed 15104K, reserved 1048576K
}
Event: 198.511 GC heap after
{Heap after GC invocations=85 (full 0):
 garbage-first heap   total 225280K, used 178240K [0x0000000080000000, 0x0000000100000000)
  region size 1024K, 1 young (1024K), 1 survivors (1024K)
 Metaspace       used 109675K, capacity 112608K, committed 112640K, reserved 1146880K
  class space    used 14032K, capacity 15094K, committed 15104K, reserved 1048576K
}
Event: 198.569 GC heap before
{Heap before GC invocations=85 (full 0):
 garbage-first heap   total 225280K, used 208960K [0x0000000080000000, 0x0000000100000000)
  region size 1024K, 18 young (18432K), 1 survivors (1024K)
 Metaspace       used 110903K, capacity 113808K, committed 114176K, reserved 1148928K
  class space    used 14190K, capacity 15241K, committed 15360K, reserved 1048576K
}
Event: 198.573 GC heap after
{Heap after GC invocations=86 (full 0):
 garbage-first heap   total 225280K, used 187358K [0x0000000080000000, 0x0000000100000000)
  region size 1024K, 3 young (3072K), 3 survivors (3072K)
 Metaspace       used 110903K, capacity 113808K, committed 114176K, reserved 1148928K
  class space    used 14190K, capacity 15241K, committed 15360K, reserved 1048576K
}
Event: 198.626 GC heap before
{Heap before GC invocations=86 (full 0):
 garbage-first heap   total 225280K, used 210910K [0x0000000080000000, 0x0000000100000000)
  region size 1024K, 13 young (13312K), 3 survivors (3072K)
 Metaspace       used 111524K, capacity 114423K, committed 114688K, reserved 1148928K
  class space    used 14277K, capacity 15339K, committed 15360K, reserved 1048576K
}
Event: 198.629 GC heap after
{Heap after GC invocations=87 (full 0):
 garbage-first heap   total 225280K, used 194350K [0x0000000080000000, 0x0000000100000000)
  region size 1024K, 2 young (2048K), 2 survivors (2048K)
 Metaspace       used 111524K, capacity 114423K, committed 114688K, reserved 1148928K
  class space    used 14277K, capacity 15339K, committed 15360K, reserved 1048576K
}
Event: 198.698 GC heap before
{Heap before GC invocations=87 (full 0):
 garbage-first heap   total 225280K, used 202542K [0x0000000080000000, 0x0000000100000000)
  region size 1024K, 11 young (11264K), 2 survivors (2048K)
 Metaspace       used 111649K, capacity 114552K, committed 114688K, reserved 1148928K
  class space    used 14284K, capacity 15339K, committed 15360K, reserved 1048576K
}
Event: 198.702 GC heap after
{Heap after GC invocations=88 (full 0):
 garbage-first heap   total 225280K, used 197597K [0x0000000080000000, 0x0000000100000000)
  region size 1024K, 2 young (2048K), 2 survivors (2048K)
 Metaspace       used 111649K, capacity 114552K, committed 114688K, reserved 1148928K
  class space    used 14284K, capacity 15339K, committed 15360K, reserved 1048576K
}
Event: 198.730 GC heap before
{Heap before GC invocations=89 (full 0):
 garbage-first heap   total 225280K, used 206813K [0x0000000080000000, 0x0000000100000000)
  region size 1024K, 11 young (11264K), 2 survivors (2048K)
 Metaspace       used 111689K, capacity 114552K, committed 114688K, reserved 1148928K
  class space    used 14284K, capacity 15339K, committed 15360K, reserved 1048576K
}
Event: 198.736 GC heap after
{Heap after GC invocations=90 (full 0):
 garbage-first heap   total 270336K, used 201016K [0x0000000080000000, 0x0000000100000000)
  region size 1024K, 2 young (2048K), 2 survivors (2048K)
 Metaspace       used 111689K, capacity 114552K, committed 114688K, reserved 1148928K
  class space    used 14284K, capacity 15339K, committed 15360K, reserved 1048576K
}
Event: 198.805 GC heap before
{Heap before GC invocations=90 (full 0):
 garbage-first heap   total 270336K, used 220472K [0x0000000080000000, 0x0000000100000000)
  region size 1024K, 21 young (21504K), 2 survivors (2048K)
 Metaspace       used 112100K, capacity 114984K, committed 115328K, reserved 1148928K
  class space    used 14328K, capacity 15378K, committed 15488K, reserved 1048576K
}
Event: 198.814 GC heap after
{Heap after GC invocations=91 (full 0):
 garbage-first heap   total 270336K, used 208425K [0x0000000080000000, 0x0000000100000000)
  region size 1024K, 3 young (3072K), 3 survivors (3072K)
 Metaspace       used 112100K, capacity 114984K, committed 115328K, reserved 1148928K
  class space    used 14328K, capacity 15378K, committed 15488K, reserved 1048576K
}
Event: 198.891 GC heap before
{Heap before GC invocations=91 (full 0):
 garbage-first heap   total 270336K, used 226857K [0x0000000080000000, 0x0000000100000000)
  region size 1024K, 19 young (19456K), 3 survivors (3072K)
 Metaspace       used 112718K, capacity 115707K, committed 115968K, reserved 1148928K
  class space    used 14438K, capacity 15525K, committed 15616K, reserved 1048576K
}
Event: 198.900 GC heap after
{Heap after GC invocations=92 (full 0):
 garbage-first heap   total 270336K, used 216895K [0x0000000080000000, 0x0000000100000000)
  region size 1024K, 3 young (3072K), 3 survivors (3072K)
 Metaspace       used 112718K, capacity 115707K, committed 115968K, reserved 1148928K
  class space    used 14438K, capacity 15525K, committed 15616K, reserved 1048576K
}
Event: 199.051 GC heap before
{Heap before GC invocations=92 (full 0):
 garbage-first heap   total 270336K, used 228159K [0x0000000080000000, 0x0000000100000000)
  region size 1024K, 15 young (15360K), 3 survivors (3072K)
 Metaspace       used 114699K, capacity 117837K, committed 118016K, reserved 1150976K
  class space    used 14874K, capacity 16031K, committed 16128K, reserved 1048576K
}
Event: 199.059 GC heap after
{Heap after GC invocations=93 (full 0):
 garbage-first heap   total 270336K, used 220747K [0x0000000080000000, 0x0000000100000000)
  region size 1024K, 2 young (2048K), 2 survivors (2048K)
 Metaspace       used 114699K, capacity 117837K, committed 118016K, reserved 1150976K
  class space    used 14874K, capacity 16031K, committed 16128K, reserved 1048576K
}
Event: 199.104 GC heap before
{Heap before GC invocations=93 (full 0):
 garbage-first heap   total 270336K, used 232011K [0x0000000080000000, 0x0000000100000000)
  region size 1024K, 13 young (13312K), 2 survivors (2048K)
 Metaspace       used 114761K, capacity 117906K, committed 118016K, reserved 1150976K
  class space    used 14874K, capacity 16031K, committed 16128K, reserved 1048576K
}

