# JRE version: OpenJDK Runtime Environment (11.0.13) (build 11.0.13+0-b1751.21-8125866)
# Java VM: OpenJDK 64-Bit Server VM (11.0.13+0-b1751.21-8125866, mixed mode, tiered, compressed oops, g1 gc, windows-amd64)
Heap:
 garbage-first heap   total 360448K, used 182582K [0x0000000080000000, 0x0000000100000000)
  region size 1024K, 2 young (2048K), 2 survivors (2048K)
 Metaspace       used 96054K, capacity 98477K, committed 98600K, reserved 1134592K
  class space    used 12673K, capacity 13606K, committed 13656K, reserved 1048576K
GC Heap History (20 events):
Event: 10.813 GC heap after
{Heap after GC invocations=21 (full 0):
 garbage-first heap   total 187392K, used 74970K [0x0000000080000000, 0x0000000100000000)
  region size 1024K, 4 young (4096K), 4 survivors (4096K)
 Metaspace       used 84570K, capacity 87014K, committed 87208K, reserved 1124352K
  class space    used 11049K, capacity 11958K, committed 11992K, reserved 1048576K
}
Event: 11.173 GC heap before
{Heap before GC invocations=21 (full 0):
 garbage-first heap   total 187392K, used 149722K [0x0000000080000000, 0x0000000100000000)
  region size 1024K, 67 young (68608K), 4 survivors (4096K)
 Metaspace       used 88346K, capacity 90710K, committed 90792K, reserved 1128448K
  class space    used 11569K, capacity 12460K, committed 12504K, reserved 1048576K
}
Event: 11.179 GC heap after
{Heap after GC invocations=22 (full 0):
 garbage-first heap   total 187392K, used 91891K [0x0000000080000000, 0x0000000100000000)
  region size 1024K, 9 young (9216K), 9 survivors (9216K)
 Metaspace       used 88346K, capacity 90710K, committed 90792K, reserved 1128448K
  class space    used 11569K, capacity 12460K, committed 12504K, reserved 1048576K
}
Event: 11.296 GC heap before
{Heap before GC invocations=22 (full 0):
 garbage-first heap   total 187392K, used 102131K [0x0000000080000000, 0x0000000100000000)
  region size 1024K, 21 young (21504K), 9 survivors (9216K)
 Metaspace       used 90062K, capacity 92492K, committed 92584K, reserved 1128448K
  class space    used 11800K, capacity 12737K, committed 12760K, reserved 1048576K
}
Event: 11.302 GC heap after
{Heap after GC invocations=23 (full 0):
 garbage-first heap   total 187392K, used 93166K [0x0000000080000000, 0x0000000100000000)
  region size 1024K, 2 young (2048K), 2 survivors (2048K)
 Metaspace       used 90062K, capacity 92492K, committed 92584K, reserved 1128448K
  class space    used 11800K, capacity 12737K, committed 12760K, reserved 1048576K
}
Event: 11.532 GC heap before
{Heap before GC invocations=24 (full 0):
 garbage-first heap   total 187392K, used 173038K [0x0000000080000000, 0x0000000100000000)
  region size 1024K, 53 young (54272K), 2 survivors (2048K)
 Metaspace       used 90762K, capacity 92790K, committed 93864K, reserved 1130496K
  class space    used 11771K, capacity 12548K, committed 13016K, reserved 1048576K
}
Event: 11.545 GC heap after
{Heap after GC invocations=25 (full 0):
 garbage-first heap   total 191488K, used 119323K [0x0000000080000000, 0x0000000100000000)
  region size 1024K, 7 young (7168K), 7 survivors (7168K)
 Metaspace       used 90762K, capacity 92790K, committed 93864K, reserved 1130496K
  class space    used 11771K, capacity 12548K, committed 13016K, reserved 1048576K
}
Event: 11.577 GC heap before
{Heap before GC invocations=25 (full 0):
 garbage-first heap   total 191488K, used 126491K [0x0000000080000000, 0x0000000100000000)
  region size 1024K, 16 young (16384K), 7 survivors (7168K)
 Metaspace       used 90962K, capacity 93014K, committed 94120K, reserved 1130496K
  class space    used 11792K, capacity 12580K, committed 13016K, reserved 1048576K
}
Event: 11.586 GC heap after
{Heap after GC invocations=26 (full 0):
 garbage-first heap   total 191488K, used 122464K [0x0000000080000000, 0x0000000100000000)
  region size 1024K, 3 young (3072K), 3 survivors (3072K)
 Metaspace       used 90962K, capacity 93014K, committed 94120K, reserved 1130496K
  class space    used 11792K, capacity 12580K, committed 13016K, reserved 1048576K
}
Event: 11.837 GC heap before
{Heap before GC invocations=27 (full 0):
 garbage-first heap   total 191488K, used 152160K [0x0000000080000000, 0x0000000100000000)
  region size 1024K, 31 young (31744K), 3 survivors (3072K)
 Metaspace       used 93702K, capacity 96042K, committed 96680K, reserved 1132544K
  class space    used 12365K, capacity 13274K, committed 13528K, reserved 1048576K
}
Event: 11.850 GC heap after
{Heap after GC invocations=28 (full 0):
 garbage-first heap   total 191488K, used 134022K [0x0000000080000000, 0x0000000100000000)
  region size 1024K, 4 young (4096K), 4 survivors (4096K)
 Metaspace       used 93702K, capacity 96042K, committed 96680K, reserved 1132544K
  class space    used 12365K, capacity 13274K, committed 13528K, reserved 1048576K
}
Event: 11.924 GC heap before
{Heap before GC invocations=28 (full 0):
 garbage-first heap   total 191488K, used 155526K [0x0000000080000000, 0x0000000100000000)
  region size 1024K, 25 young (25600K), 4 survivors (4096K)
 Metaspace       used 93784K, capacity 96171K, committed 96680K, reserved 1132544K
  class space    used 12365K, capacity 13274K, committed 13528K, reserved 1048576K
}
Event: 11.940 GC heap after
{Heap after GC invocations=29 (full 0):
 garbage-first heap   total 230400K, used 145359K [0x0000000080000000, 0x0000000100000000)
  region size 1024K, 4 young (4096K), 4 survivors (4096K)
 Metaspace       used 93784K, capacity 96171K, committed 96680K, reserved 1132544K
  class space    used 12365K, capacity 13274K, committed 13528K, reserved 1048576K
}
Event: 12.011 GC heap before
{Heap before GC invocations=29 (full 0):
 garbage-first heap   total 230400K, used 174031K [0x0000000080000000, 0x0000000100000000)
  region size 1024K, 33 young (33792K), 4 survivors (4096K)
 Metaspace       used 93915K, capacity 96249K, committed 96936K, reserved 1132544K
  class space    used 12370K, capacity 13274K, committed 13528K, reserved 1048576K
}
Event: 12.025 GC heap after
{Heap after GC invocations=30 (full 0):
 garbage-first heap   total 230400K, used 160952K [0x0000000080000000, 0x0000000100000000)
  region size 1024K, 5 young (5120K), 5 survivors (5120K)
 Metaspace       used 93915K, capacity 96249K, committed 96936K, reserved 1132544K
  class space    used 12370K, capacity 13274K, committed 13528K, reserved 1048576K
}
Event: 12.068 GC heap before
{Heap before GC invocations=30 (full 0):
 garbage-first heap   total 230400K, used 181432K [0x0000000080000000, 0x0000000100000000)
  region size 1024K, 26 young (26624K), 5 survivors (5120K)
 Metaspace       used 93957K, capacity 96254K, committed 96936K, reserved 1132544K
  class space    used 12373K, capacity 13274K, committed 13528K, reserved 1048576K
}
Event: 12.082 GC heap after
{Heap after GC invocations=31 (full 0):
 garbage-first heap   total 230400K, used 172778K [0x0000000080000000, 0x0000000100000000)
  region size 1024K, 4 young (4096K), 4 survivors (4096K)
 Metaspace       used 93957K, capacity 96254K, committed 96936K, reserved 1132544K
  class space    used 12373K, capacity 13274K, committed 13528K, reserved 1048576K
}
Event: 12.180 GC heap before
{Heap before GC invocations=31 (full 0):
 garbage-first heap   total 230400K, used 188138K [0x0000000080000000, 0x0000000100000000)
  region size 1024K, 20 young (20480K), 4 survivors (4096K)
 Metaspace       used 94380K, capacity 96649K, committed 97192K, reserved 1132544K
  class space    used 12438K, capacity 13320K, committed 13528K, reserved 1048576K
}
Event: 12.191 GC heap after
{Heap after GC invocations=32 (full 0):
 garbage-first heap   total 230400K, used 181248K [0x0000000080000000, 0x0000000100000000)
  region size 1024K, 3 young (3072K), 3 survivors (3072K)
 Metaspace       used 94380K, capacity 96649K, committed 97192K, reserved 1132544K
  class space    used 12438K, capacity 13320K, committed 13528K, reserved 1048576K
}
Event: 12.359 GC heap before
{Heap before GC invocations=33 (full 0):
 garbage-first heap   total 230400K, used 192512K [0x0000000080000000, 0x0000000100000000)
  region size 1024K, 15 young (15360K), 3 survivors (3072K)
 Metaspace       used 96054K, capacity 98477K, committed 98600K, reserved 1134592K
  class space    used 12673K, capacity 13606K, committed 13656K, reserved 1048576K
}

