# JRE version: OpenJDK Runtime Environment (11.0.13) (build 11.0.13+0-b1751.21-8125866)
# Java VM: OpenJDK 64-Bit Server VM (11.0.13+0-b1751.21-8125866, mixed mode, tiered, compressed oops, g1 gc, windows-amd64)
Heap:
 garbage-first heap   total 694272K, used 126883K [0x0000000080000000, 0x0000000100000000)
  region size 1024K, 3 young (3072K), 3 survivors (3072K)
 Metaspace       used 107782K, capacity 110495K, committed 110760K, reserved 1144832K
  class space    used 13676K, capacity 14698K, committed 14808K, reserved 1048576K
GC Heap History (20 events):
Event: 13.213 GC heap after
{Heap after GC invocations=30 (full 0):
 garbage-first heap   total 225280K, used 186971K [0x0000000080000000, 0x0000000100000000)
  region size 1024K, 2 young (2048K), 2 survivors (2048K)
 Metaspace       used 101598K, capacity 103998K, committed 105128K, reserved 1140736K
  class space    used 12916K, capacity 13837K, committed 14296K, reserved 1048576K
}
Event: 13.236 GC heap before
{Heap before GC invocations=30 (full 0):
 garbage-first heap   total 225280K, used 196187K [0x0000000080000000, 0x0000000100000000)
  region size 1024K, 11 young (11264K), 2 survivors (2048K)
 Metaspace       used 101600K, capacity 103998K, committed 105128K, reserved 1140736K
  class space    used 12916K, capacity 13837K, committed 14296K, reserved 1048576K
}
Event: 13.242 GC heap after
{Heap after GC invocations=31 (full 0):
 garbage-first heap   total 225280K, used 194560K [0x0000000080000000, 0x0000000100000000)
  region size 1024K, 2 young (2048K), 2 survivors (2048K)
 Metaspace       used 101600K, capacity 103998K, committed 105128K, reserved 1140736K
  class space    used 12916K, capacity 13837K, committed 14296K, reserved 1048576K
}
Event: 13.316 GC heap before
{Heap before GC invocations=31 (full 0):
 garbage-first heap   total 225280K, used 203776K [0x0000000080000000, 0x0000000100000000)
  region size 1024K, 11 young (11264K), 2 survivors (2048K)
 Metaspace       used 101692K, capacity 104069K, committed 105384K, reserved 1140736K
  class space    used 12916K, capacity 13837K, committed 14296K, reserved 1048576K
}
Event: 13.322 GC heap after
{Heap after GC invocations=32 (full 0):
 garbage-first heap   total 270336K, used 198812K [0x0000000080000000, 0x0000000100000000)
  region size 1024K, 2 young (2048K), 2 survivors (2048K)
 Metaspace       used 101692K, capacity 104069K, committed 105384K, reserved 1140736K
  class space    used 12916K, capacity 13837K, committed 14296K, reserved 1048576K
}
Event: 13.369 GC heap before
{Heap before GC invocations=32 (full 0):
 garbage-first heap   total 270336K, used 214172K [0x0000000080000000, 0x0000000100000000)
  region size 1024K, 17 young (17408K), 2 survivors (2048K)
 Metaspace       used 101692K, capacity 104069K, committed 105384K, reserved 1140736K
  class space    used 12916K, capacity 13837K, committed 14296K, reserved 1048576K
}
Event: 13.376 GC heap after
{Heap after GC invocations=33 (full 0):
 garbage-first heap   total 270336K, used 214558K [0x0000000080000000, 0x0000000100000000)
  region size 1024K, 3 young (3072K), 3 survivors (3072K)
 Metaspace       used 101692K, capacity 104069K, committed 105384K, reserved 1140736K
  class space    used 12916K, capacity 13837K, committed 14296K, reserved 1048576K
}
Event: 13.392 GC heap before
{Heap before GC invocations=34 (full 0):
 garbage-first heap   total 270336K, used 223774K [0x0000000080000000, 0x0000000100000000)
  region size 1024K, 13 young (13312K), 3 survivors (3072K)
 Metaspace       used 101692K, capacity 104069K, committed 105384K, reserved 1140736K
  class space    used 12916K, capacity 13837K, committed 14296K, reserved 1048576K
}
Event: 13.397 GC heap after
{Heap after GC invocations=35 (full 0):
 garbage-first heap   total 270336K, used 225745K [0x0000000080000000, 0x0000000100000000)
  region size 1024K, 2 young (2048K), 2 survivors (2048K)
 Metaspace       used 101692K, capacity 104069K, committed 105384K, reserved 1140736K
  class space    used 12916K, capacity 13837K, committed 14296K, reserved 1048576K
}
Event: 13.409 GC heap before
{Heap before GC invocations=35 (full 0):
 garbage-first heap   total 270336K, used 237009K [0x0000000080000000, 0x0000000100000000)
  region size 1024K, 13 young (13312K), 2 survivors (2048K)
 Metaspace       used 101692K, capacity 104069K, committed 105384K, reserved 1140736K
  class space    used 12916K, capacity 13837K, committed 14296K, reserved 1048576K
}
Event: 13.418 GC heap after
{Heap after GC invocations=36 (full 0):
 garbage-first heap   total 270336K, used 238234K [0x0000000080000000, 0x0000000100000000)
  region size 1024K, 2 young (2048K), 2 survivors (2048K)
 Metaspace       used 101692K, capacity 104069K, committed 105384K, reserved 1140736K
  class space    used 12916K, capacity 13837K, committed 14296K, reserved 1048576K
}
Event: 13.436 GC heap before
{Heap before GC invocations=36 (full 0):
 garbage-first heap   total 270336K, used 249498K [0x0000000080000000, 0x0000000100000000)
  region size 1024K, 13 young (13312K), 2 survivors (2048K)
 Metaspace       used 101692K, capacity 104069K, committed 105384K, reserved 1140736K
  class space    used 12916K, capacity 13837K, committed 14296K, reserved 1048576K
}
Event: 13.461 GC heap after
{Heap after GC invocations=37 (full 0):
 garbage-first heap   total 375808K, used 247808K [0x0000000080000000, 0x0000000100000000)
  region size 1024K, 2 young (2048K), 2 survivors (2048K)
 Metaspace       used 101692K, capacity 104069K, committed 105384K, reserved 1140736K
  class space    used 12916K, capacity 13837K, committed 14296K, reserved 1048576K
}
Event: 13.931 GC heap before
{Heap before GC invocations=38 (full 0):
 garbage-first heap   total 375808K, used 243712K [0x0000000080000000, 0x0000000100000000)
  region size 1024K, 30 young (30720K), 2 survivors (2048K)
 Metaspace       used 103125K, capacity 105664K, committed 106664K, reserved 1142784K
  class space    used 13046K, capacity 13982K, committed 14296K, reserved 1048576K
}
Event: 13.936 GC heap after
{Heap after GC invocations=39 (full 0):
 garbage-first heap   total 375808K, used 216994K [0x0000000080000000, 0x0000000100000000)
  region size 1024K, 4 young (4096K), 4 survivors (4096K)
 Metaspace       used 103125K, capacity 105664K, committed 106664K, reserved 1142784K
  class space    used 13046K, capacity 13982K, committed 14296K, reserved 1048576K
}
Event: 14.173 GC heap before
{Heap before GC invocations=39 (full 0):
 garbage-first heap   total 375808K, used 231330K [0x0000000080000000, 0x0000000100000000)
  region size 1024K, 18 young (18432K), 4 survivors (4096K)
 Metaspace       used 103853K, capacity 106308K, committed 107304K, reserved 1142784K
  class space    used 13119K, capacity 14068K, committed 14424K, reserved 1048576K
}
Event: 14.177 GC heap after
{Heap after GC invocations=40 (full 0):
 garbage-first heap   total 375808K, used 205137K [0x0000000080000000, 0x0000000100000000)
  region size 1024K, 2 young (2048K), 2 survivors (2048K)
 Metaspace       used 103853K, capacity 106308K, committed 107304K, reserved 1142784K
  class space    used 13119K, capacity 14068K, committed 14424K, reserved 1048576K
}
Event: 14.832 GC heap before
{Heap before GC invocations=40 (full 0):
 garbage-first heap   total 375808K, used 251217K [0x0000000080000000, 0x0000000100000000)
  region size 1024K, 48 young (49152K), 2 survivors (2048K)
 Metaspace       used 104521K, capacity 107047K, committed 107816K, reserved 1142784K
  class space    used 13203K, capacity 14156K, committed 14424K, reserved 1048576K
}
Event: 14.840 GC heap after
{Heap after GC invocations=41 (full 0):
 garbage-first heap   total 375808K, used 209977K [0x0000000080000000, 0x0000000100000000)
  region size 1024K, 6 young (6144K), 6 survivors (6144K)
 Metaspace       used 104521K, capacity 107047K, committed 107816K, reserved 1142784K
  class space    used 13203K, capacity 14156K, committed 14424K, reserved 1048576K
}
Event: 15.308 GC heap before
{Heap before GC invocations=42 (full 0):
 garbage-first heap   total 375808K, used 175161K [0x0000000080000000, 0x0000000100000000)
  region size 1024K, 56 young (57344K), 6 survivors (6144K)
 Metaspace       used 107782K, capacity 110495K, committed 110760K, reserved 1144832K
  class space    used 13676K, capacity 14698K, committed 14808K, reserved 1048576K
}

