# JRE version: OpenJDK Runtime Environment (11.0.13) (build 11.0.13+0-b1751.21-8125866)
# Java VM: OpenJDK 64-Bit Server VM (11.0.13+0-b1751.21-8125866, mixed mode, tiered, compressed oops, g1 gc, windows-amd64)
Heap:
 garbage-first heap   total 406528K, used 179798K [0x0000000080000000, 0x0000000100000000)
  region size 1024K, 7 young (7168K), 7 survivors (7168K)
 Metaspace       used 115033K, capacity 119222K, committed 119452K, reserved 1150976K
  class space    used 15239K, capacity 17091K, committed 17100K, reserved 1048576K
GC Heap History (20 events):
Event: 35.426 GC heap after
{Heap after GC invocations=42 (full 0):
 garbage-first heap   total 187392K, used 84589K [0x0000000080000000, 0x0000000100000000)
  region size 1024K, 2 young (2048K), 2 survivors (2048K)
 Metaspace       used 100123K, capacity 102400K, committed 103324K, reserved 1138688K
  class space    used 12553K, capacity 13408K, committed 13772K, reserved 1048576K
}
Event: 35.768 GC heap before
{Heap before GC invocations=42 (full 0):
 garbage-first heap   total 187392K, used 132717K [0x0000000080000000, 0x0000000100000000)
  region size 1024K, 50 young (51200K), 2 survivors (2048K)
 Metaspace       used 101633K, capacity 103836K, committed 104732K, reserved 1140736K
  class space    used 12723K, capacity 13543K, committed 13900K, reserved 1048576K
}
Event: 35.773 GC heap after
{Heap after GC invocations=43 (full 0):
 garbage-first heap   total 187392K, used 87877K [0x0000000080000000, 0x0000000100000000)
  region size 1024K, 5 young (5120K), 5 survivors (5120K)
 Metaspace       used 101633K, capacity 103836K, committed 104732K, reserved 1140736K
  class space    used 12723K, capacity 13543K, committed 13900K, reserved 1048576K
}
Event: 35.959 GC heap before
{Heap before GC invocations=43 (full 0):
 garbage-first heap   total 187392K, used 153413K [0x0000000080000000, 0x0000000100000000)
  region size 1024K, 54 young (55296K), 5 survivors (5120K)
 Metaspace       used 102145K, capacity 104370K, committed 105116K, reserved 1140736K
  class space    used 12797K, capacity 13697K, committed 14028K, reserved 1048576K
}
Event: 35.968 GC heap after
{Heap after GC invocations=44 (full 0):
 garbage-first heap   total 225280K, used 94708K [0x0000000080000000, 0x0000000100000000)
  region size 1024K, 7 young (7168K), 7 survivors (7168K)
 Metaspace       used 102145K, capacity 104370K, committed 105116K, reserved 1140736K
  class space    used 12797K, capacity 13697K, committed 14028K, reserved 1048576K
}
Event: 36.074 GC heap before
{Heap before GC invocations=44 (full 0):
 garbage-first heap   total 225280K, used 161268K [0x0000000080000000, 0x0000000100000000)
  region size 1024K, 74 young (75776K), 7 survivors (7168K)
 Metaspace       used 102688K, capacity 104988K, committed 105756K, reserved 1140736K
  class space    used 12883K, capacity 13797K, committed 14156K, reserved 1048576K
}
Event: 36.084 GC heap after
{Heap after GC invocations=45 (full 0):
 garbage-first heap   total 225280K, used 104802K [0x0000000080000000, 0x0000000100000000)
  region size 1024K, 10 young (10240K), 10 survivors (10240K)
 Metaspace       used 102688K, capacity 104988K, committed 105756K, reserved 1140736K
  class space    used 12883K, capacity 13797K, committed 14156K, reserved 1048576K
}
Event: 36.340 GC heap before
{Heap before GC invocations=45 (full 0):
 garbage-first heap   total 225280K, used 167266K [0x0000000080000000, 0x0000000100000000)
  region size 1024K, 72 young (73728K), 10 survivors (10240K)
 Metaspace       used 105350K, capacity 107920K, committed 108060K, reserved 1142784K
  class space    used 13324K, capacity 14359K, committed 14412K, reserved 1048576K
}
Event: 36.351 GC heap after
{Heap after GC invocations=46 (full 0):
 garbage-first heap   total 225280K, used 119585K [0x0000000080000000, 0x0000000100000000)
  region size 1024K, 9 young (9216K), 9 survivors (9216K)
 Metaspace       used 105350K, capacity 107920K, committed 108060K, reserved 1142784K
  class space    used 13324K, capacity 14359K, committed 14412K, reserved 1048576K
}
Event: 36.600 GC heap before
{Heap before GC invocations=46 (full 0):
 garbage-first heap   total 225280K, used 172833K [0x0000000080000000, 0x0000000100000000)
  region size 1024K, 62 young (63488K), 9 survivors (9216K)
 Metaspace       used 107576K, capacity 110463K, committed 110620K, reserved 1144832K
  class space    used 13691K, capacity 14850K, committed 14924K, reserved 1048576K
}
Event: 36.612 GC heap after
{Heap after GC invocations=47 (full 0):
 garbage-first heap   total 225280K, used 128469K [0x0000000080000000, 0x0000000100000000)
  region size 1024K, 8 young (8192K), 8 survivors (8192K)
 Metaspace       used 107576K, capacity 110463K, committed 110620K, reserved 1144832K
  class space    used 13691K, capacity 14850K, committed 14924K, reserved 1048576K
}
Event: 36.765 GC heap before
{Heap before GC invocations=47 (full 0):
 garbage-first heap   total 225280K, used 176597K [0x0000000080000000, 0x0000000100000000)
  region size 1024K, 55 young (56320K), 8 survivors (8192K)
 Metaspace       used 109169K, capacity 112150K, committed 112412K, reserved 1146880K
  class space    used 13876K, capacity 15054K, committed 15180K, reserved 1048576K
}
Event: 36.778 GC heap after
{Heap after GC invocations=48 (full 0):
 garbage-first heap   total 270336K, used 137582K [0x0000000080000000, 0x0000000100000000)
  region size 1024K, 7 young (7168K), 7 survivors (7168K)
 Metaspace       used 109169K, capacity 112150K, committed 112412K, reserved 1146880K
  class space    used 13876K, capacity 15054K, committed 15180K, reserved 1048576K
}
Event: 36.936 GC heap before
{Heap before GC invocations=48 (full 0):
 garbage-first heap   total 270336K, used 197998K [0x0000000080000000, 0x0000000100000000)
  region size 1024K, 66 young (67584K), 7 survivors (7168K)
 Metaspace       used 110995K, capacity 114687K, committed 114844K, reserved 1148928K
  class space    used 14419K, capacity 16032K, committed 16076K, reserved 1048576K
}
Event: 36.952 GC heap after
{Heap after GC invocations=49 (full 0):
 garbage-first heap   total 270336K, used 148850K [0x0000000080000000, 0x0000000100000000)
  region size 1024K, 9 young (9216K), 9 survivors (9216K)
 Metaspace       used 110995K, capacity 114687K, committed 114844K, reserved 1148928K
  class space    used 14419K, capacity 16032K, committed 16076K, reserved 1048576K
}
Event: 37.040 GC heap before
{Heap before GC invocations=49 (full 0):
 garbage-first heap   total 270336K, used 206194K [0x0000000080000000, 0x0000000100000000)
  region size 1024K, 65 young (66560K), 9 survivors (9216K)
 Metaspace       used 111627K, capacity 115392K, committed 115612K, reserved 1148928K
  class space    used 14535K, capacity 16198K, committed 16332K, reserved 1048576K
}
Event: 37.055 GC heap after
{Heap after GC invocations=50 (full 0):
 garbage-first heap   total 270336K, used 159395K [0x0000000080000000, 0x0000000100000000)
  region size 1024K, 9 young (9216K), 9 survivors (9216K)
 Metaspace       used 111627K, capacity 115392K, committed 115612K, reserved 1148928K
  class space    used 14535K, capacity 16198K, committed 16332K, reserved 1048576K
}
Event: 37.128 GC heap before
{Heap before GC invocations=50 (full 0):
 garbage-first heap   total 270336K, used 213667K [0x0000000080000000, 0x0000000100000000)
  region size 1024K, 62 young (63488K), 9 survivors (9216K)
 Metaspace       used 112511K, capacity 116395K, committed 116508K, reserved 1148928K
  class space    used 14719K, capacity 16446K, committed 16460K, reserved 1048576K
}
Event: 37.143 GC heap after
{Heap after GC invocations=51 (full 0):
 garbage-first heap   total 270336K, used 169333K [0x0000000080000000, 0x0000000100000000)
  region size 1024K, 8 young (8192K), 8 survivors (8192K)
 Metaspace       used 112511K, capacity 116395K, committed 116508K, reserved 1148928K
  class space    used 14719K, capacity 16446K, committed 16460K, reserved 1048576K
}
Event: 37.318 GC heap before
{Heap before GC invocations=51 (full 0):
 garbage-first heap   total 270336K, used 217461K [0x0000000080000000, 0x0000000100000000)
  region size 1024K, 56 young (57344K), 8 survivors (8192K)
 Metaspace       used 115033K, capacity 119222K, committed 119452K, reserved 1150976K
  class space    used 15239K, capacity 17091K, committed 17100K, reserved 1048576K
}

