# JRE version: OpenJDK Runtime Environment (11.0.13) (build 11.0.13+0-b1751.21-8125866)
# Java VM: OpenJDK 64-Bit Server VM (11.0.13+0-b1751.21-8125866, mixed mode, tiered, compressed oops, g1 gc, windows-amd64)
Heap:
 garbage-first heap   total 300032K, used 166912K [0x0000000080000000, 0x0000000100000000)
  region size 1024K, 6 young (6144K), 6 survivors (6144K)
 Metaspace       used 106416K, capacity 109102K, committed 109352K, reserved 1144832K
  class space    used 13527K, capacity 14573K, committed 14592K, reserved 1048576K
GC Heap History (20 events):
Event: 18.134 GC heap after
{Heap after GC invocations=45 (full 0):
 garbage-first heap   total 155648K, used 83766K [0x0000000080000000, 0x0000000100000000)
  region size 1024K, 1 young (1024K), 1 survivors (1024K)
 Metaspace       used 91115K, capacity 93277K, committed 93992K, reserved 1130496K
  class space    used 11515K, capacity 12313K, committed 12544K, reserved 1048576K
}
Event: 18.300 GC heap before
{Heap before GC invocations=45 (full 0):
 garbage-first heap   total 155648K, used 111414K [0x0000000080000000, 0x0000000100000000)
  region size 1024K, 29 young (29696K), 1 survivors (1024K)
 Metaspace       used 91385K, capacity 93511K, committed 94248K, reserved 1130496K
  class space    used 11528K, capacity 12345K, committed 12544K, reserved 1048576K
}
Event: 18.306 GC heap after
{Heap after GC invocations=46 (full 0):
 garbage-first heap   total 189440K, used 85854K [0x0000000080000000, 0x0000000100000000)
  region size 1024K, 4 young (4096K), 4 survivors (4096K)
 Metaspace       used 91385K, capacity 93511K, committed 94248K, reserved 1130496K
  class space    used 11528K, capacity 12345K, committed 12544K, reserved 1048576K
}
Event: 18.768 GC heap before
{Heap before GC invocations=47 (full 0):
 garbage-first heap   total 189440K, used 127838K [0x0000000080000000, 0x0000000100000000)
  region size 1024K, 46 young (47104K), 4 survivors (4096K)
 Metaspace       used 93171K, capacity 95372K, committed 96040K, reserved 1132544K
  class space    used 11702K, capacity 12513K, committed 12800K, reserved 1048576K
}
Event: 18.773 GC heap after
{Heap after GC invocations=48 (full 0):
 garbage-first heap   total 189440K, used 86507K [0x0000000080000000, 0x0000000100000000)
  region size 1024K, 4 young (4096K), 4 survivors (4096K)
 Metaspace       used 93171K, capacity 95372K, committed 96040K, reserved 1132544K
  class space    used 11702K, capacity 12513K, committed 12800K, reserved 1048576K
}
Event: 19.928 GC heap before
{Heap before GC invocations=48 (full 0):
 garbage-first heap   total 189440K, used 132587K [0x0000000080000000, 0x0000000100000000)
  region size 1024K, 50 young (51200K), 4 survivors (4096K)
 Metaspace       used 94745K, capacity 96897K, committed 97448K, reserved 1134592K
  class space    used 11888K, capacity 12718K, committed 12928K, reserved 1048576K
}
Event: 19.932 GC heap after
{Heap after GC invocations=49 (full 0):
 garbage-first heap   total 189440K, used 87203K [0x0000000080000000, 0x0000000100000000)
  region size 1024K, 5 young (5120K), 5 survivors (5120K)
 Metaspace       used 94745K, capacity 96897K, committed 97448K, reserved 1134592K
  class space    used 11888K, capacity 12718K, committed 12928K, reserved 1048576K
}
Event: 20.482 GC heap before
{Heap before GC invocations=49 (full 0):
 garbage-first heap   total 189440K, used 137379K [0x0000000080000000, 0x0000000100000000)
  region size 1024K, 55 young (56320K), 5 survivors (5120K)
 Metaspace       used 97656K, capacity 99895K, committed 100392K, reserved 1136640K
  class space    used 12240K, capacity 13075K, committed 13312K, reserved 1048576K
}
Event: 20.489 GC heap after
{Heap after GC invocations=50 (full 0):
 garbage-first heap   total 189440K, used 89917K [0x0000000080000000, 0x0000000100000000)
  region size 1024K, 5 young (5120K), 5 survivors (5120K)
 Metaspace       used 97656K, capacity 99895K, committed 100392K, reserved 1136640K
  class space    used 12240K, capacity 13075K, committed 13312K, reserved 1048576K
}
Event: 20.774 GC heap before
{Heap before GC invocations=50 (full 0):
 garbage-first heap   total 189440K, used 141117K [0x0000000080000000, 0x0000000100000000)
  region size 1024K, 56 young (57344K), 5 survivors (5120K)
 Metaspace       used 98675K, capacity 100923K, committed 101544K, reserved 1138688K
  class space    used 12355K, capacity 13196K, committed 13440K, reserved 1048576K
}
Event: 20.785 GC heap after
{Heap after GC invocations=51 (full 0):
 garbage-first heap   total 234496K, used 93441K [0x0000000080000000, 0x0000000100000000)
  region size 1024K, 7 young (7168K), 7 survivors (7168K)
 Metaspace       used 98675K, capacity 100923K, committed 101544K, reserved 1138688K
  class space    used 12355K, capacity 13196K, committed 13440K, reserved 1048576K
}
Event: 21.267 GC heap before
{Heap before GC invocations=52 (full 0):
 garbage-first heap   total 234496K, used 167169K [0x0000000080000000, 0x0000000100000000)
  region size 1024K, 80 young (81920K), 7 survivors (7168K)
 Metaspace       used 99814K, capacity 102181K, committed 102312K, reserved 1138688K
  class space    used 12461K, capacity 13338K, committed 13440K, reserved 1048576K
}
Event: 21.280 GC heap after
{Heap after GC invocations=53 (full 0):
 garbage-first heap   total 234496K, used 100591K [0x0000000080000000, 0x0000000100000000)
  region size 1024K, 10 young (10240K), 10 survivors (10240K)
 Metaspace       used 99814K, capacity 102181K, committed 102312K, reserved 1138688K
  class space    used 12461K, capacity 13338K, committed 13440K, reserved 1048576K
}
Event: 21.285 GC heap before
{Heap before GC invocations=53 (full 0):
 garbage-first heap   total 234496K, used 101615K [0x0000000080000000, 0x0000000100000000)
  region size 1024K, 11 young (11264K), 10 survivors (10240K)
 Metaspace       used 99816K, capacity 102182K, committed 102312K, reserved 1138688K
  class space    used 12461K, capacity 13338K, committed 13440K, reserved 1048576K
}
Event: 21.295 GC heap after
{Heap after GC invocations=54 (full 0):
 garbage-first heap   total 234496K, used 95594K [0x0000000080000000, 0x0000000100000000)
  region size 1024K, 2 young (2048K), 2 survivors (2048K)
 Metaspace       used 99816K, capacity 102182K, committed 102312K, reserved 1138688K
  class space    used 12461K, capacity 13338K, committed 13440K, reserved 1048576K
}
Event: 22.107 GC heap before
{Heap before GC invocations=54 (full 0):
 garbage-first heap   total 234496K, used 199018K [0x0000000080000000, 0x0000000100000000)
  region size 1024K, 77 young (78848K), 2 survivors (2048K)
 Metaspace       used 103560K, capacity 106050K, committed 106152K, reserved 1142784K
  class space    used 12962K, capacity 13876K, committed 13952K, reserved 1048576K
}
Event: 22.113 GC heap after
{Heap after GC invocations=55 (full 0):
 garbage-first heap   total 234496K, used 119621K [0x0000000080000000, 0x0000000100000000)
  region size 1024K, 9 young (9216K), 9 survivors (9216K)
 Metaspace       used 103560K, capacity 106050K, committed 106152K, reserved 1142784K
  class space    used 12962K, capacity 13876K, committed 13952K, reserved 1048576K
}
Event: 22.593 GC heap before
{Heap before GC invocations=55 (full 0):
 garbage-first heap   total 234496K, used 197445K [0x0000000080000000, 0x0000000100000000)
  region size 1024K, 70 young (71680K), 9 survivors (9216K)
 Metaspace       used 106286K, capacity 108967K, committed 109096K, reserved 1144832K
  class space    used 13526K, capacity 14573K, committed 14592K, reserved 1048576K
}
Event: 22.617 GC heap after
{Heap after GC invocations=56 (full 0):
 garbage-first heap   total 234496K, used 147315K [0x0000000080000000, 0x0000000100000000)
  region size 1024K, 9 young (9216K), 9 survivors (9216K)
 Metaspace       used 106286K, capacity 108967K, committed 109096K, reserved 1144832K
  class space    used 13526K, capacity 14573K, committed 14592K, reserved 1048576K
}
Event: 22.736 GC heap before
{Heap before GC invocations=56 (full 0):
 garbage-first heap   total 234496K, used 187251K [0x0000000080000000, 0x0000000100000000)
  region size 1024K, 48 young (49152K), 9 survivors (9216K)
 Metaspace       used 106416K, capacity 109102K, committed 109352K, reserved 1144832K
  class space    used 13527K, capacity 14573K, committed 14592K, reserved 1048576K
}

