# JRE version: OpenJDK Runtime Environment (11.0.13) (build 11.0.13+0-b1751.21-8125866)
# Java VM: OpenJDK 64-Bit Server VM (11.0.13+0-b1751.21-8125866, mixed mode, tiered, compressed oops, g1 gc, windows-amd64)
Heap:
 garbage-first heap   total 375808K, used 244904K [0x0000000080000000, 0x0000000100000000)
  region size 1024K, 2 young (2048K), 2 survivors (2048K)
 Metaspace       used 102045K, capacity 104456K, committed 105128K, reserved 1140736K
  class space    used 12983K, capacity 13885K, committed 14156K, reserved 1048576K
GC Heap History (20 events):
Event: 14.060 GC heap after
{Heap after GC invocations=27 (full 0):
 garbage-first heap   total 230400K, used 144509K [0x0000000080000000, 0x0000000100000000)
  region size 1024K, 2 young (2048K), 2 survivors (2048K)
 Metaspace       used 99828K, capacity 102148K, committed 103080K, reserved 1138688K
  class space    used 12744K, capacity 13610K, committed 13900K, reserved 1048576K
}
Event: 14.287 GC heap before
{Heap before GC invocations=28 (full 0):
 garbage-first heap   total 230400K, used 156797K [0x0000000080000000, 0x0000000100000000)
  region size 1024K, 15 young (15360K), 2 survivors (2048K)
 Metaspace       used 100883K, capacity 103242K, committed 103976K, reserved 1138688K
  class space    used 12887K, capacity 13782K, committed 14028K, reserved 1048576K
}
Event: 14.291 GC heap after
{Heap after GC invocations=29 (full 0):
 garbage-first heap   total 230400K, used 146220K [0x0000000080000000, 0x0000000100000000)
  region size 1024K, 3 young (3072K), 3 survivors (3072K)
 Metaspace       used 100883K, capacity 103242K, committed 103976K, reserved 1138688K
  class space    used 12887K, capacity 13782K, committed 14028K, reserved 1048576K
}
Event: 14.594 GC heap before
{Heap before GC invocations=30 (full 0):
 garbage-first heap   total 230400K, used 177964K [0x0000000080000000, 0x0000000100000000)
  region size 1024K, 33 young (33792K), 3 survivors (3072K)
 Metaspace       used 101997K, capacity 104391K, committed 105128K, reserved 1140736K
  class space    used 12983K, capacity 13885K, committed 14156K, reserved 1048576K
}
Event: 14.606 GC heap after
{Heap after GC invocations=31 (full 0):
 garbage-first heap   total 230400K, used 167171K [0x0000000080000000, 0x0000000100000000)
  region size 1024K, 5 young (5120K), 5 survivors (5120K)
 Metaspace       used 101997K, capacity 104391K, committed 105128K, reserved 1140736K
  class space    used 12983K, capacity 13885K, committed 14156K, reserved 1048576K
}
Event: 14.635 GC heap before
{Heap before GC invocations=31 (full 0):
 garbage-first heap   total 230400K, used 183555K [0x0000000080000000, 0x0000000100000000)
  region size 1024K, 21 young (21504K), 5 survivors (5120K)
 Metaspace       used 101997K, capacity 104391K, committed 105128K, reserved 1140736K
  class space    used 12983K, capacity 13885K, committed 14156K, reserved 1048576K
}
Event: 14.645 GC heap after
{Heap after GC invocations=32 (full 0):
 garbage-first heap   total 230400K, used 180188K [0x0000000080000000, 0x0000000100000000)
  region size 1024K, 3 young (3072K), 3 survivors (3072K)
 Metaspace       used 101997K, capacity 104391K, committed 105128K, reserved 1140736K
  class space    used 12983K, capacity 13885K, committed 14156K, reserved 1048576K
}
Event: 14.676 GC heap before
{Heap before GC invocations=32 (full 0):
 garbage-first heap   total 230400K, used 190428K [0x0000000080000000, 0x0000000100000000)
  region size 1024K, 13 young (13312K), 3 survivors (3072K)
 Metaspace       used 101997K, capacity 104391K, committed 105128K, reserved 1140736K
  class space    used 12983K, capacity 13885K, committed 14156K, reserved 1048576K
}
Event: 14.685 GC heap after
{Heap after GC invocations=33 (full 0):
 garbage-first heap   total 230400K, used 188416K [0x0000000080000000, 0x0000000100000000)
  region size 1024K, 2 young (2048K), 2 survivors (2048K)
 Metaspace       used 101997K, capacity 104391K, committed 105128K, reserved 1140736K
  class space    used 12983K, capacity 13885K, committed 14156K, reserved 1048576K
}
Event: 14.707 GC heap before
{Heap before GC invocations=33 (full 0):
 garbage-first heap   total 230400K, used 197632K [0x0000000080000000, 0x0000000100000000)
  region size 1024K, 11 young (11264K), 2 survivors (2048K)
 Metaspace       used 101997K, capacity 104391K, committed 105128K, reserved 1140736K
  class space    used 12983K, capacity 13885K, committed 14156K, reserved 1048576K
}
Event: 14.715 GC heap after
{Heap after GC invocations=34 (full 0):
 garbage-first heap   total 230400K, used 195584K [0x0000000080000000, 0x0000000100000000)
  region size 1024K, 2 young (2048K), 2 survivors (2048K)
 Metaspace       used 101997K, capacity 104391K, committed 105128K, reserved 1140736K
  class space    used 12983K, capacity 13885K, committed 14156K, reserved 1048576K
}
Event: 14.784 GC heap before
{Heap before GC invocations=34 (full 0):
 garbage-first heap   total 230400K, used 204800K [0x0000000080000000, 0x0000000100000000)
  region size 1024K, 11 young (11264K), 2 survivors (2048K)
 Metaspace       used 102036K, capacity 104455K, committed 105128K, reserved 1140736K
  class space    used 12983K, capacity 13885K, committed 14156K, reserved 1048576K
}
Event: 14.790 GC heap after
{Heap after GC invocations=35 (full 0):
 garbage-first heap   total 276480K, used 198656K [0x0000000080000000, 0x0000000100000000)
  region size 1024K, 2 young (2048K), 2 survivors (2048K)
 Metaspace       used 102036K, capacity 104455K, committed 105128K, reserved 1140736K
  class space    used 12983K, capacity 13885K, committed 14156K, reserved 1048576K
}
Event: 14.886 GC heap before
{Heap before GC invocations=36 (full 0):
 garbage-first heap   total 276480K, used 218112K [0x0000000080000000, 0x0000000100000000)
  region size 1024K, 21 young (21504K), 2 survivors (2048K)
 Metaspace       used 102045K, capacity 104456K, committed 105128K, reserved 1140736K
  class space    used 12983K, capacity 13885K, committed 14156K, reserved 1048576K
}
Event: 14.895 GC heap after
{Heap after GC invocations=37 (full 0):
 garbage-first heap   total 276480K, used 217821K [0x0000000080000000, 0x0000000100000000)
  region size 1024K, 3 young (3072K), 3 survivors (3072K)
 Metaspace       used 102045K, capacity 104456K, committed 105128K, reserved 1140736K
  class space    used 12983K, capacity 13885K, committed 14156K, reserved 1048576K
}
Event: 14.912 GC heap before
{Heap before GC invocations=37 (full 0):
 garbage-first heap   total 276480K, used 228061K [0x0000000080000000, 0x0000000100000000)
  region size 1024K, 13 young (13312K), 3 survivors (3072K)
 Metaspace       used 102045K, capacity 104456K, committed 105128K, reserved 1140736K
  class space    used 12983K, capacity 13885K, committed 14156K, reserved 1048576K
}
Event: 14.918 GC heap after
{Heap after GC invocations=38 (full 0):
 garbage-first heap   total 276480K, used 227215K [0x0000000080000000, 0x0000000100000000)
  region size 1024K, 2 young (2048K), 2 survivors (2048K)
 Metaspace       used 102045K, capacity 104456K, committed 105128K, reserved 1140736K
  class space    used 12983K, capacity 13885K, committed 14156K, reserved 1048576K
}
Event: 14.941 GC heap before
{Heap before GC invocations=38 (full 0):
 garbage-first heap   total 276480K, used 238479K [0x0000000080000000, 0x0000000100000000)
  region size 1024K, 13 young (13312K), 2 survivors (2048K)
 Metaspace       used 102045K, capacity 104456K, committed 105128K, reserved 1140736K
  class space    used 12983K, capacity 13885K, committed 14156K, reserved 1048576K
}
Event: 14.949 GC heap after
{Heap after GC invocations=39 (full 0):
 garbage-first heap   total 276480K, used 236100K [0x0000000080000000, 0x0000000100000000)
  region size 1024K, 2 young (2048K), 2 survivors (2048K)
 Metaspace       used 102045K, capacity 104456K, committed 105128K, reserved 1140736K
  class space    used 12983K, capacity 13885K, committed 14156K, reserved 1048576K
}
Event: 14.969 GC heap before
{Heap before GC invocations=39 (full 0):
 garbage-first heap   total 276480K, used 247364K [0x0000000080000000, 0x0000000100000000)
  region size 1024K, 13 young (13312K), 2 survivors (2048K)
 Metaspace       used 102045K, capacity 104456K, committed 105128K, reserved 1140736K
  class space    used 12983K, capacity 13885K, committed 14156K, reserved 1048576K
}

