# JRE version: OpenJDK Runtime Environment (11.0.13) (build 11.0.13+0-b1751.21-8125866)
# Java VM: OpenJDK 64-Bit Server VM (11.0.13+0-b1751.21-8125866, mixed mode, tiered, compressed oops, g1 gc, windows-amd64)
Heap:
 garbage-first heap   total 300032K, used 169420K [0x0000000080000000, 0x0000000100000000)
  region size 1024K, 2 young (2048K), 2 survivors (2048K)
 Metaspace       used 93868K, capacity 96141K, committed 96848K, reserved 1132544K
  class space    used 12351K, capacity 13261K, committed 13472K, reserved 1048576K
GC Heap History (20 events):
Event: 9.552 GC heap after
{Heap after GC invocations=15 (full 0):
 garbage-first heap   total 155648K, used 59519K [0x0000000080000000, 0x0000000100000000)
  region size 1024K, 9 young (9216K), 9 survivors (9216K)
 Metaspace       used 74145K, capacity 75903K, committed 76112K, reserved 1116160K
  class space    used 9635K, capacity 10295K, committed 10400K, reserved 1048576K
}
Event: 10.447 GC heap before
{Heap before GC invocations=15 (full 0):
 garbage-first heap   total 155648K, used 123007K [0x0000000080000000, 0x0000000100000000)
  region size 1024K, 71 young (72704K), 9 survivors (9216K)
 Metaspace       used 80889K, capacity 82869K, committed 83024K, reserved 1120256K
  class space    used 10647K, capacity 11400K, committed 11424K, reserved 1048576K
}
Event: 10.457 GC heap after
{Heap after GC invocations=16 (full 0):
 garbage-first heap   total 155648K, used 63624K [0x0000000080000000, 0x0000000100000000)
  region size 1024K, 9 young (9216K), 9 survivors (9216K)
 Metaspace       used 80889K, capacity 82869K, committed 83024K, reserved 1120256K
  class space    used 10647K, capacity 11400K, committed 11424K, reserved 1048576K
}
Event: 11.198 GC heap before
{Heap before GC invocations=16 (full 0):
 garbage-first heap   total 155648K, used 124040K [0x0000000080000000, 0x0000000100000000)
  region size 1024K, 69 young (70656K), 9 survivors (9216K)
 Metaspace       used 82392K, capacity 84746K, committed 84944K, reserved 1122304K
  class space    used 10895K, capacity 11808K, committed 11808K, reserved 1048576K
}
Event: 11.207 GC heap after
{Heap after GC invocations=17 (full 0):
 garbage-first heap   total 155648K, used 67891K [0x0000000080000000, 0x0000000100000000)
  region size 1024K, 9 young (9216K), 9 survivors (9216K)
 Metaspace       used 82392K, capacity 84746K, committed 84944K, reserved 1122304K
  class space    used 10895K, capacity 11808K, committed 11808K, reserved 1048576K
}
Event: 11.655 GC heap before
{Heap before GC invocations=17 (full 0):
 garbage-first heap   total 155648K, used 124211K [0x0000000080000000, 0x0000000100000000)
  region size 1024K, 65 young (66560K), 9 survivors (9216K)
 Metaspace       used 83071K, capacity 85464K, committed 85584K, reserved 1122304K
  class space    used 10938K, capacity 11894K, committed 11936K, reserved 1048576K
}
Event: 11.665 GC heap after
{Heap after GC invocations=18 (full 0):
 garbage-first heap   total 155648K, used 72670K [0x0000000080000000, 0x0000000100000000)
  region size 1024K, 9 young (9216K), 9 survivors (9216K)
 Metaspace       used 83071K, capacity 85464K, committed 85584K, reserved 1122304K
  class space    used 10938K, capacity 11894K, committed 11936K, reserved 1048576K
}
Event: 12.019 GC heap before
{Heap before GC invocations=18 (full 0):
 garbage-first heap   total 155648K, used 126942K [0x0000000080000000, 0x0000000100000000)
  region size 1024K, 63 young (64512K), 9 survivors (9216K)
 Metaspace       used 84757K, capacity 87207K, committed 87248K, reserved 1124352K
  class space    used 11075K, capacity 12023K, committed 12064K, reserved 1048576K
}
Event: 12.029 GC heap after
{Heap after GC invocations=19 (full 0):
 garbage-first heap   total 187392K, used 75671K [0x0000000080000000, 0x0000000100000000)
  region size 1024K, 4 young (4096K), 4 survivors (4096K)
 Metaspace       used 84757K, capacity 87207K, committed 87248K, reserved 1124352K
  class space    used 11075K, capacity 12023K, committed 12064K, reserved 1048576K
}
Event: 12.514 GC heap before
{Heap before GC invocations=19 (full 0):
 garbage-first heap   total 187392K, used 154519K [0x0000000080000000, 0x0000000100000000)
  region size 1024K, 72 young (73728K), 4 survivors (4096K)
 Metaspace       used 90267K, capacity 92776K, committed 92880K, reserved 1130496K
  class space    used 11834K, capacity 12769K, committed 12832K, reserved 1048576K
}
Event: 12.522 GC heap after
{Heap after GC invocations=20 (full 0):
 garbage-first heap   total 187392K, used 92571K [0x0000000080000000, 0x0000000100000000)
  region size 1024K, 9 young (9216K), 9 survivors (9216K)
 Metaspace       used 90267K, capacity 92776K, committed 92880K, reserved 1130496K
  class space    used 11834K, capacity 12769K, committed 12832K, reserved 1048576K
}
Event: 12.794 GC heap before
{Heap before GC invocations=21 (full 0):
 garbage-first heap   total 187392K, used 178587K [0x0000000080000000, 0x0000000100000000)
  region size 1024K, 67 young (68608K), 9 survivors (9216K)
 Metaspace       used 90925K, capacity 92994K, committed 94288K, reserved 1130496K
  class space    used 11779K, capacity 12574K, committed 12960K, reserved 1048576K
}
Event: 12.849 GC heap after
{Heap after GC invocations=22 (full 0):
 garbage-first heap   total 206848K, used 120022K [0x0000000080000000, 0x0000000100000000)
  region size 1024K, 9 young (9216K), 9 survivors (9216K)
 Metaspace       used 90925K, capacity 92994K, committed 94288K, reserved 1130496K
  class space    used 11779K, capacity 12574K, committed 12960K, reserved 1048576K
}
Event: 13.231 GC heap before
{Heap before GC invocations=23 (full 0):
 garbage-first heap   total 206848K, used 165078K [0x0000000080000000, 0x0000000100000000)
  region size 1024K, 52 young (53248K), 9 survivors (9216K)
 Metaspace       used 93774K, capacity 96067K, committed 96848K, reserved 1132544K
  class space    used 12351K, capacity 13261K, committed 13472K, reserved 1048576K
}
Event: 13.258 GC heap after
{Heap after GC invocations=24 (full 0):
 garbage-first heap   total 206848K, used 138547K [0x0000000080000000, 0x0000000100000000)
  region size 1024K, 7 young (7168K), 7 survivors (7168K)
 Metaspace       used 93774K, capacity 96067K, committed 96848K, reserved 1132544K
  class space    used 12351K, capacity 13261K, committed 13472K, reserved 1048576K
}
Event: 13.341 GC heap before
{Heap before GC invocations=24 (full 0):
 garbage-first heap   total 206848K, used 165171K [0x0000000080000000, 0x0000000100000000)
  region size 1024K, 34 young (34816K), 7 survivors (7168K)
 Metaspace       used 93815K, capacity 96133K, committed 96848K, reserved 1132544K
  class space    used 12351K, capacity 13261K, committed 13472K, reserved 1048576K
}
Event: 13.364 GC heap after
{Heap after GC invocations=25 (full 0):
 garbage-first heap   total 206848K, used 153437K [0x0000000080000000, 0x0000000100000000)
  region size 1024K, 5 young (5120K), 5 survivors (5120K)
 Metaspace       used 93815K, capacity 96133K, committed 96848K, reserved 1132544K
  class space    used 12351K, capacity 13261K, committed 13472K, reserved 1048576K
}
Event: 13.432 GC heap before
{Heap before GC invocations=25 (full 0):
 garbage-first heap   total 206848K, used 168797K [0x0000000080000000, 0x0000000100000000)
  region size 1024K, 21 young (21504K), 5 survivors (5120K)
 Metaspace       used 93861K, capacity 96140K, committed 96848K, reserved 1132544K
  class space    used 12351K, capacity 13261K, committed 13472K, reserved 1048576K
}
Event: 13.447 GC heap after
{Heap after GC invocations=26 (full 0):
 garbage-first heap   total 206848K, used 162816K [0x0000000080000000, 0x0000000100000000)
  region size 1024K, 3 young (3072K), 3 survivors (3072K)
 Metaspace       used 93861K, capacity 96140K, committed 96848K, reserved 1132544K
  class space    used 12351K, capacity 13261K, committed 13472K, reserved 1048576K
}
Event: 13.502 GC heap before
{Heap before GC invocations=26 (full 0):
 garbage-first heap   total 206848K, used 174080K [0x0000000080000000, 0x0000000100000000)
  region size 1024K, 14 young (14336K), 3 survivors (3072K)
 Metaspace       used 93868K, capacity 96141K, committed 96848K, reserved 1132544K
  class space    used 12351K, capacity 13261K, committed 13472K, reserved 1048576K
}

