# JRE version: OpenJDK Runtime Environment (11.0.13) (build 11.0.13+0-b1751.21-8125866)
# Java VM: OpenJDK 64-Bit Server VM (11.0.13+0-b1751.21-8125866, mixed mode, tiered, compressed oops, g1 gc, windows-amd64)
Heap:
 garbage-first heap   total 359424K, used 223232K [0x0000000080000000, 0x0000000100000000)
  region size 1024K, 2 young (2048K), 2 survivors (2048K)
 Metaspace       used 101662K, capacity 104052K, committed 104924K, reserved 1140736K
  class space    used 12921K, capacity 13835K, committed 14208K, reserved 1048576K
GC Heap History (20 events):
Event: 14.280 GC heap after
{Heap after GC invocations=27 (full 0):
 garbage-first heap   total 200704K, used 153724K [0x0000000080000000, 0x0000000100000000)
  region size 1024K, 4 young (4096K), 4 survivors (4096K)
 Metaspace       used 101584K, capacity 103980K, committed 104924K, reserved 1140736K
  class space    used 12921K, capacity 13835K, committed 14208K, reserved 1048576K
}
Event: 14.313 GC heap before
{Heap before GC invocations=27 (full 0):
 garbage-first heap   total 200704K, used 163964K [0x0000000080000000, 0x0000000100000000)
  region size 1024K, 15 young (15360K), 4 survivors (4096K)
 Metaspace       used 101584K, capacity 103980K, committed 104924K, reserved 1140736K
  class space    used 12921K, capacity 13835K, committed 14208K, reserved 1048576K
}
Event: 14.320 GC heap after
{Heap after GC invocations=28 (full 0):
 garbage-first heap   total 200704K, used 165410K [0x0000000080000000, 0x0000000100000000)
  region size 1024K, 2 young (2048K), 2 survivors (2048K)
 Metaspace       used 101584K, capacity 103980K, committed 104924K, reserved 1140736K
  class space    used 12921K, capacity 13835K, committed 14208K, reserved 1048576K
}
Event: 14.337 GC heap before
{Heap before GC invocations=28 (full 0):
 garbage-first heap   total 200704K, used 172578K [0x0000000080000000, 0x0000000100000000)
  region size 1024K, 9 young (9216K), 2 survivors (2048K)
 Metaspace       used 101584K, capacity 103980K, committed 104924K, reserved 1140736K
  class space    used 12921K, capacity 13835K, committed 14208K, reserved 1048576K
}
Event: 14.341 GC heap after
{Heap after GC invocations=29 (full 0):
 garbage-first heap   total 200704K, used 171710K [0x0000000080000000, 0x0000000100000000)
  region size 1024K, 2 young (2048K), 2 survivors (2048K)
 Metaspace       used 101584K, capacity 103980K, committed 104924K, reserved 1140736K
  class space    used 12921K, capacity 13835K, committed 14208K, reserved 1048576K
}
Event: 14.355 GC heap before
{Heap before GC invocations=29 (full 0):
 garbage-first heap   total 200704K, used 178878K [0x0000000080000000, 0x0000000100000000)
  region size 1024K, 9 young (9216K), 2 survivors (2048K)
 Metaspace       used 101584K, capacity 103980K, committed 104924K, reserved 1140736K
  class space    used 12921K, capacity 13835K, committed 14208K, reserved 1048576K
}
Event: 14.360 GC heap after
{Heap after GC invocations=30 (full 0):
 garbage-first heap   total 200704K, used 177564K [0x0000000080000000, 0x0000000100000000)
  region size 1024K, 2 young (2048K), 2 survivors (2048K)
 Metaspace       used 101584K, capacity 103980K, committed 104924K, reserved 1140736K
  class space    used 12921K, capacity 13835K, committed 14208K, reserved 1048576K
}
Event: 14.374 GC heap before
{Heap before GC invocations=30 (full 0):
 garbage-first heap   total 200704K, used 184732K [0x0000000080000000, 0x0000000100000000)
  region size 1024K, 9 young (9216K), 2 survivors (2048K)
 Metaspace       used 101584K, capacity 103980K, committed 104924K, reserved 1140736K
  class space    used 12921K, capacity 13835K, committed 14208K, reserved 1048576K
}
Event: 14.379 GC heap after
{Heap after GC invocations=31 (full 0):
 garbage-first heap   total 200704K, used 183403K [0x0000000080000000, 0x0000000100000000)
  region size 1024K, 2 young (2048K), 2 survivors (2048K)
 Metaspace       used 101584K, capacity 103980K, committed 104924K, reserved 1140736K
  class space    used 12921K, capacity 13835K, committed 14208K, reserved 1048576K
}
Event: 14.394 GC heap before
{Heap before GC invocations=31 (full 0):
 garbage-first heap   total 200704K, used 190571K [0x0000000080000000, 0x0000000100000000)
  region size 1024K, 9 young (9216K), 2 survivors (2048K)
 Metaspace       used 101584K, capacity 103980K, committed 104924K, reserved 1140736K
  class space    used 12921K, capacity 13835K, committed 14208K, reserved 1048576K
}
Event: 14.399 GC heap after
{Heap after GC invocations=32 (full 0):
 garbage-first heap   total 200704K, used 189052K [0x0000000080000000, 0x0000000100000000)
  region size 1024K, 2 young (2048K), 2 survivors (2048K)
 Metaspace       used 101584K, capacity 103980K, committed 104924K, reserved 1140736K
  class space    used 12921K, capacity 13835K, committed 14208K, reserved 1048576K
}
Event: 14.415 GC heap before
{Heap before GC invocations=32 (full 0):
 garbage-first heap   total 200704K, used 196220K [0x0000000080000000, 0x0000000100000000)
  region size 1024K, 9 young (9216K), 2 survivors (2048K)
 Metaspace       used 101584K, capacity 103980K, committed 104924K, reserved 1140736K
  class space    used 12921K, capacity 13835K, committed 14208K, reserved 1048576K
}
Event: 14.422 GC heap after
{Heap after GC invocations=33 (full 0):
 garbage-first heap   total 244736K, used 194348K [0x0000000080000000, 0x0000000100000000)
  region size 1024K, 2 young (2048K), 2 survivors (2048K)
 Metaspace       used 101584K, capacity 103980K, committed 104924K, reserved 1140736K
  class space    used 12921K, capacity 13835K, committed 14208K, reserved 1048576K
}
Event: 14.488 GC heap before
{Heap before GC invocations=33 (full 0):
 garbage-first heap   total 244736K, used 203564K [0x0000000080000000, 0x0000000100000000)
  region size 1024K, 11 young (11264K), 2 survivors (2048K)
 Metaspace       used 101644K, capacity 104049K, committed 104924K, reserved 1140736K
  class space    used 12921K, capacity 13835K, committed 14208K, reserved 1048576K
}
Event: 14.492 GC heap after
{Heap after GC invocations=34 (full 0):
 garbage-first heap   total 244736K, used 196533K [0x0000000080000000, 0x0000000100000000)
  region size 1024K, 2 young (2048K), 2 survivors (2048K)
 Metaspace       used 101644K, capacity 104049K, committed 104924K, reserved 1140736K
  class space    used 12921K, capacity 13835K, committed 14208K, reserved 1048576K
}
Event: 14.528 GC heap before
{Heap before GC invocations=34 (full 0):
 garbage-first heap   total 244736K, used 205749K [0x0000000080000000, 0x0000000100000000)
  region size 1024K, 11 young (11264K), 2 survivors (2048K)
 Metaspace       used 101662K, capacity 104052K, committed 104924K, reserved 1140736K
  class space    used 12921K, capacity 13835K, committed 14208K, reserved 1048576K
}
Event: 14.533 GC heap after
{Heap after GC invocations=35 (full 0):
 garbage-first heap   total 244736K, used 204911K [0x0000000080000000, 0x0000000100000000)
  region size 1024K, 2 young (2048K), 2 survivors (2048K)
 Metaspace       used 101662K, capacity 104052K, committed 104924K, reserved 1140736K
  class space    used 12921K, capacity 13835K, committed 14208K, reserved 1048576K
}
Event: 14.564 GC heap before
{Heap before GC invocations=36 (full 0):
 garbage-first heap   total 244736K, used 214127K [0x0000000080000000, 0x0000000100000000)
  region size 1024K, 11 young (11264K), 2 survivors (2048K)
 Metaspace       used 101662K, capacity 104052K, committed 104924K, reserved 1140736K
  class space    used 12921K, capacity 13835K, committed 14208K, reserved 1048576K
}
Event: 14.569 GC heap after
{Heap after GC invocations=37 (full 0):
 garbage-first heap   total 244736K, used 214789K [0x0000000080000000, 0x0000000100000000)
  region size 1024K, 2 young (2048K), 2 survivors (2048K)
 Metaspace       used 101662K, capacity 104052K, committed 104924K, reserved 1140736K
  class space    used 12921K, capacity 13835K, committed 14208K, reserved 1048576K
}
Event: 14.584 GC heap before
{Heap before GC invocations=37 (full 0):
 garbage-first heap   total 244736K, used 224005K [0x0000000080000000, 0x0000000100000000)
  region size 1024K, 11 young (11264K), 2 survivors (2048K)
 Metaspace       used 101662K, capacity 104052K, committed 104924K, reserved 1140736K
  class space    used 12921K, capacity 13835K, committed 14208K, reserved 1048576K
}

