# JRE version: OpenJDK Runtime Environment (11.0.13) (build 11.0.13+0-b1751.21-8125866)
# Java VM: OpenJDK 64-Bit Server VM (11.0.13+0-b1751.21-8125866, mixed mode, tiered, compressed oops, g1 gc, windows-amd64)
Heap:
 garbage-first heap   total 581632K, used 241553K [0x0000000080000000, 0x0000000100000000)
  region size 1024K, 2 young (2048K), 2 survivors (2048K)
 Metaspace       used 123020K, capacity 126360K, committed 126504K, reserved 1159168K
  class space    used 15870K, capacity 17152K, committed 17240K, reserved 1048576K
GC Heap History (20 events):
Event: 191.963 GC heap after
{Heap after GC invocations=38 (full 0):
 garbage-first heap   total 187392K, used 157114K [0x0000000080000000, 0x0000000100000000)
  region size 1024K, 1 young (1024K), 1 survivors (1024K)
 Metaspace       used 119949K, capacity 123213K, committed 123560K, reserved 1157120K
  class space    used 15497K, capacity 16745K, committed 16856K, reserved 1048576K
}
Event: 192.156 GC heap before
{Heap before GC invocations=39 (full 0):
 garbage-first heap   total 187392K, used 165306K [0x0000000080000000, 0x0000000100000000)
  region size 1024K, 9 young (9216K), 1 survivors (1024K)
 Metaspace       used 121277K, capacity 124533K, committed 124840K, reserved 1157120K
  class space    used 15710K, capacity 16972K, committed 17112K, reserved 1048576K
}
Event: 192.158 GC heap after
{Heap after GC invocations=40 (full 0):
 garbage-first heap   total 187392K, used 157680K [0x0000000080000000, 0x0000000100000000)
  region size 1024K, 2 young (2048K), 2 survivors (2048K)
 Metaspace       used 121277K, capacity 124533K, committed 124840K, reserved 1157120K
  class space    used 15710K, capacity 16972K, committed 17112K, reserved 1048576K
}
Event: 192.250 GC heap before
{Heap before GC invocations=40 (full 0):
 garbage-first heap   total 187392K, used 164848K [0x0000000080000000, 0x0000000100000000)
  region size 1024K, 9 young (9216K), 2 survivors (2048K)
 Metaspace       used 121635K, capacity 125011K, committed 125096K, reserved 1157120K
  class space    used 15752K, capacity 17046K, committed 17112K, reserved 1048576K
}
Event: 192.261 GC heap after
{Heap after GC invocations=41 (full 0):
 garbage-first heap   total 187392K, used 154110K [0x0000000080000000, 0x0000000100000000)
  region size 1024K, 2 young (2048K), 2 survivors (2048K)
 Metaspace       used 121635K, capacity 125011K, committed 125096K, reserved 1157120K
  class space    used 15752K, capacity 17046K, committed 17112K, reserved 1048576K
}
Event: 192.317 GC heap before
{Heap before GC invocations=41 (full 0):
 garbage-first heap   total 187392K, used 156158K [0x0000000080000000, 0x0000000100000000)
  region size 1024K, 5 young (5120K), 2 survivors (2048K)
 Metaspace       used 121806K, capacity 125145K, committed 125352K, reserved 1157120K
  class space    used 15772K, capacity 17048K, committed 17112K, reserved 1048576K
}
Event: 192.322 GC heap after
{Heap after GC invocations=42 (full 0):
 garbage-first heap   total 187392K, used 155178K [0x0000000080000000, 0x0000000100000000)
  region size 1024K, 1 young (1024K), 1 survivors (1024K)
 Metaspace       used 121806K, capacity 125145K, committed 125352K, reserved 1157120K
  class space    used 15772K, capacity 17048K, committed 17112K, reserved 1048576K
}
Event: 192.519 GC heap before
{Heap before GC invocations=43 (full 0):
 garbage-first heap   total 187392K, used 164394K [0x0000000080000000, 0x0000000100000000)
  region size 1024K, 9 young (9216K), 1 survivors (1024K)
 Metaspace       used 122808K, capacity 126094K, committed 126248K, reserved 1159168K
  class space    used 15863K, capacity 17150K, committed 17240K, reserved 1048576K
}
Event: 192.522 GC heap after
{Heap after GC invocations=44 (full 0):
 garbage-first heap   total 187392K, used 155866K [0x0000000080000000, 0x0000000100000000)
  region size 1024K, 2 young (2048K), 2 survivors (2048K)
 Metaspace       used 122808K, capacity 126094K, committed 126248K, reserved 1159168K
  class space    used 15863K, capacity 17150K, committed 17240K, reserved 1048576K
}
Event: 192.609 GC heap before
{Heap before GC invocations=44 (full 0):
 garbage-first heap   total 187392K, used 162010K [0x0000000080000000, 0x0000000100000000)
  region size 1024K, 9 young (9216K), 2 survivors (2048K)
 Metaspace       used 122955K, capacity 126231K, committed 126504K, reserved 1159168K
  class space    used 15870K, capacity 17152K, committed 17240K, reserved 1048576K
}
Event: 192.614 GC heap after
{Heap after GC invocations=45 (full 0):
 garbage-first heap   total 187392K, used 160725K [0x0000000080000000, 0x0000000100000000)
  region size 1024K, 2 young (2048K), 2 survivors (2048K)
 Metaspace       used 122955K, capacity 126231K, committed 126504K, reserved 1159168K
  class space    used 15870K, capacity 17152K, committed 17240K, reserved 1048576K
}
Event: 192.649 GC heap before
{Heap before GC invocations=45 (full 0):
 garbage-first heap   total 187392K, used 167893K [0x0000000080000000, 0x0000000100000000)
  region size 1024K, 9 young (9216K), 2 survivors (2048K)
 Metaspace       used 122955K, capacity 126231K, committed 126504K, reserved 1159168K
  class space    used 15870K, capacity 17152K, committed 17240K, reserved 1048576K
}
Event: 192.656 GC heap after
{Heap after GC invocations=46 (full 0):
 garbage-first heap   total 285696K, used 168010K [0x0000000080000000, 0x0000000100000000)
  region size 1024K, 2 young (2048K), 2 survivors (2048K)
 Metaspace       used 122955K, capacity 126231K, committed 126504K, reserved 1159168K
  class space    used 15870K, capacity 17152K, committed 17240K, reserved 1048576K
}
Event: 192.813 GC heap before
{Heap before GC invocations=46 (full 0):
 garbage-first heap   total 285696K, used 199754K [0x0000000080000000, 0x0000000100000000)
  region size 1024K, 33 young (33792K), 2 survivors (2048K)
 Metaspace       used 122955K, capacity 126231K, committed 126504K, reserved 1159168K
  class space    used 15870K, capacity 17152K, committed 17240K, reserved 1048576K
}
Event: 192.849 GC heap after
{Heap after GC invocations=47 (full 0):
 garbage-first heap   total 285696K, used 198656K [0x0000000080000000, 0x0000000100000000)
  region size 1024K, 5 young (5120K), 5 survivors (5120K)
 Metaspace       used 122955K, capacity 126231K, committed 126504K, reserved 1159168K
  class space    used 15870K, capacity 17152K, committed 17240K, reserved 1048576K
}
Event: 192.933 GC heap before
{Heap before GC invocations=48 (full 0):
 garbage-first heap   total 285696K, used 218112K [0x0000000080000000, 0x0000000100000000)
  region size 1024K, 24 young (24576K), 5 survivors (5120K)
 Metaspace       used 123020K, capacity 126360K, committed 126504K, reserved 1159168K
  class space    used 15870K, capacity 17152K, committed 17240K, reserved 1048576K
}
Event: 192.945 GC heap after
{Heap after GC invocations=49 (full 0):
 garbage-first heap   total 285696K, used 212992K [0x0000000080000000, 0x0000000100000000)
  region size 1024K, 3 young (3072K), 3 survivors (3072K)
 Metaspace       used 123020K, capacity 126360K, committed 126504K, reserved 1159168K
  class space    used 15870K, capacity 17152K, committed 17240K, reserved 1048576K
}
Event: 192.980 GC heap before
{Heap before GC invocations=49 (full 0):
 garbage-first heap   total 285696K, used 227328K [0x0000000080000000, 0x0000000100000000)
  region size 1024K, 18 young (18432K), 3 survivors (3072K)
 Metaspace       used 123020K, capacity 126360K, committed 126504K, reserved 1159168K
  class space    used 15870K, capacity 17152K, committed 17240K, reserved 1048576K
}
Event: 192.990 GC heap after
{Heap after GC invocations=50 (full 0):
 garbage-first heap   total 285696K, used 229704K [0x0000000080000000, 0x0000000100000000)
  region size 1024K, 3 young (3072K), 3 survivors (3072K)
 Metaspace       used 123020K, capacity 126360K, committed 126504K, reserved 1159168K
  class space    used 15870K, capacity 17152K, committed 17240K, reserved 1048576K
}
Event: 193.015 GC heap before
{Heap before GC invocations=50 (full 0):
 garbage-first heap   total 285696K, used 239944K [0x0000000080000000, 0x0000000100000000)
  region size 1024K, 13 young (13312K), 3 survivors (3072K)
 Metaspace       used 123020K, capacity 126360K, committed 126504K, reserved 1159168K
  class space    used 15870K, capacity 17152K, committed 17240K, reserved 1048576K
}

