# JRE version: OpenJDK Runtime Environment (11.0.13) (build 11.0.13+0-b1751.21-8125866)
# Java VM: OpenJDK 64-Bit Server VM (11.0.13+0-b1751.21-8125866, mixed mode, tiered, compressed oops, g1 gc, windows-amd64)
Heap:
 garbage-first heap   total 335872K, used 235520K [0x0000000080000000, 0x0000000100000000)
  region size 1024K, 2 young (2048K), 2 survivors (2048K)
 Metaspace       used 101638K, capacity 104002K, committed 104912K, reserved 1140736K
  class space    used 12917K, capacity 13836K, committed 14156K, reserved 1048576K
GC Heap History (20 events):
Event: 13.178 GC heap after
{Heap after GC invocations=25 (full 0):
 garbage-first heap   total 204800K, used 141281K [0x0000000080000000, 0x0000000100000000)
  region size 1024K, 3 young (3072K), 3 survivors (3072K)
 Metaspace       used 100505K, capacity 102812K, committed 103760K, reserved 1138688K
  class space    used 12821K, capacity 13701K, committed 14028K, reserved 1048576K
}
Event: 13.484 GC heap before
{Heap before GC invocations=26 (full 0):
 garbage-first heap   total 204800K, used 165857K [0x0000000080000000, 0x0000000100000000)
  region size 1024K, 26 young (26624K), 3 survivors (3072K)
 Metaspace       used 101550K, capacity 103929K, committed 104912K, reserved 1140736K
  class space    used 12917K, capacity 13836K, committed 14156K, reserved 1048576K
}
Event: 13.491 GC heap after
{Heap after GC invocations=27 (full 0):
 garbage-first heap   total 204800K, used 153455K [0x0000000080000000, 0x0000000100000000)
  region size 1024K, 4 young (4096K), 4 survivors (4096K)
 Metaspace       used 101550K, capacity 103929K, committed 104912K, reserved 1140736K
  class space    used 12917K, capacity 13836K, committed 14156K, reserved 1048576K
}
Event: 13.532 GC heap before
{Heap before GC invocations=27 (full 0):
 garbage-first heap   total 204800K, used 167791K [0x0000000080000000, 0x0000000100000000)
  region size 1024K, 18 young (18432K), 4 survivors (4096K)
 Metaspace       used 101550K, capacity 103929K, committed 104912K, reserved 1140736K
  class space    used 12917K, capacity 13836K, committed 14156K, reserved 1048576K
}
Event: 13.541 GC heap after
{Heap after GC invocations=28 (full 0):
 garbage-first heap   total 204800K, used 168113K [0x0000000080000000, 0x0000000100000000)
  region size 1024K, 3 young (3072K), 3 survivors (3072K)
 Metaspace       used 101550K, capacity 103929K, committed 104912K, reserved 1140736K
  class space    used 12917K, capacity 13836K, committed 14156K, reserved 1048576K
}
Event: 13.555 GC heap before
{Heap before GC invocations=28 (full 0):
 garbage-first heap   total 204800K, used 175281K [0x0000000080000000, 0x0000000100000000)
  region size 1024K, 10 young (10240K), 3 survivors (3072K)
 Metaspace       used 101550K, capacity 103929K, committed 104912K, reserved 1140736K
  class space    used 12917K, capacity 13836K, committed 14156K, reserved 1048576K
}
Event: 13.561 GC heap after
{Heap after GC invocations=29 (full 0):
 garbage-first heap   total 204800K, used 176654K [0x0000000080000000, 0x0000000100000000)
  region size 1024K, 2 young (2048K), 2 survivors (2048K)
 Metaspace       used 101550K, capacity 103929K, committed 104912K, reserved 1140736K
  class space    used 12917K, capacity 13836K, committed 14156K, reserved 1048576K
}
Event: 13.576 GC heap before
{Heap before GC invocations=29 (full 0):
 garbage-first heap   total 204800K, used 184846K [0x0000000080000000, 0x0000000100000000)
  region size 1024K, 10 young (10240K), 2 survivors (2048K)
 Metaspace       used 101550K, capacity 103929K, committed 104912K, reserved 1140736K
  class space    used 12917K, capacity 13836K, committed 14156K, reserved 1048576K
}
Event: 13.582 GC heap after
{Heap after GC invocations=30 (full 0):
 garbage-first heap   total 204800K, used 185532K [0x0000000080000000, 0x0000000100000000)
  region size 1024K, 2 young (2048K), 2 survivors (2048K)
 Metaspace       used 101550K, capacity 103929K, committed 104912K, reserved 1140736K
  class space    used 12917K, capacity 13836K, committed 14156K, reserved 1048576K
}
Event: 13.599 GC heap before
{Heap before GC invocations=30 (full 0):
 garbage-first heap   total 204800K, used 193724K [0x0000000080000000, 0x0000000100000000)
  region size 1024K, 10 young (10240K), 2 survivors (2048K)
 Metaspace       used 101551K, capacity 103929K, committed 104912K, reserved 1140736K
  class space    used 12917K, capacity 13836K, committed 14156K, reserved 1048576K
}
Event: 13.607 GC heap after
{Heap after GC invocations=31 (full 0):
 garbage-first heap   total 245760K, used 193705K [0x0000000080000000, 0x0000000100000000)
  region size 1024K, 2 young (2048K), 2 survivors (2048K)
 Metaspace       used 101551K, capacity 103929K, committed 104912K, reserved 1140736K
  class space    used 12917K, capacity 13836K, committed 14156K, reserved 1048576K
}
Event: 13.676 GC heap before
{Heap before GC invocations=31 (full 0):
 garbage-first heap   total 245760K, used 203945K [0x0000000080000000, 0x0000000100000000)
  region size 1024K, 12 young (12288K), 2 survivors (2048K)
 Metaspace       used 101634K, capacity 104000K, committed 104912K, reserved 1140736K
  class space    used 12917K, capacity 13836K, committed 14156K, reserved 1048576K
}
Event: 13.680 GC heap after
{Heap after GC invocations=32 (full 0):
 garbage-first heap   total 245760K, used 197064K [0x0000000080000000, 0x0000000100000000)
  region size 1024K, 2 young (2048K), 2 survivors (2048K)
 Metaspace       used 101634K, capacity 104000K, committed 104912K, reserved 1140736K
  class space    used 12917K, capacity 13836K, committed 14156K, reserved 1048576K
}
Event: 13.726 GC heap before
{Heap before GC invocations=32 (full 0):
 garbage-first heap   total 245760K, used 207304K [0x0000000080000000, 0x0000000100000000)
  region size 1024K, 12 young (12288K), 2 survivors (2048K)
 Metaspace       used 101638K, capacity 104002K, committed 104912K, reserved 1140736K
  class space    used 12917K, capacity 13836K, committed 14156K, reserved 1048576K
}
Event: 13.732 GC heap after
{Heap after GC invocations=33 (full 0):
 garbage-first heap   total 245760K, used 207480K [0x0000000080000000, 0x0000000100000000)
  region size 1024K, 2 young (2048K), 2 survivors (2048K)
 Metaspace       used 101638K, capacity 104002K, committed 104912K, reserved 1140736K
  class space    used 12917K, capacity 13836K, committed 14156K, reserved 1048576K
}
Event: 13.774 GC heap before
{Heap before GC invocations=34 (full 0):
 garbage-first heap   total 245760K, used 216696K [0x0000000080000000, 0x0000000100000000)
  region size 1024K, 12 young (12288K), 2 survivors (2048K)
 Metaspace       used 101638K, capacity 104002K, committed 104912K, reserved 1140736K
  class space    used 12917K, capacity 13836K, committed 14156K, reserved 1048576K
}
Event: 13.780 GC heap after
{Heap after GC invocations=35 (full 0):
 garbage-first heap   total 245760K, used 218251K [0x0000000080000000, 0x0000000100000000)
  region size 1024K, 2 young (2048K), 2 survivors (2048K)
 Metaspace       used 101638K, capacity 104002K, committed 104912K, reserved 1140736K
  class space    used 12917K, capacity 13836K, committed 14156K, reserved 1048576K
}
Event: 13.791 GC heap before
{Heap before GC invocations=35 (full 0):
 garbage-first heap   total 245760K, used 228491K [0x0000000080000000, 0x0000000100000000)
  region size 1024K, 12 young (12288K), 2 survivors (2048K)
 Metaspace       used 101638K, capacity 104002K, committed 104912K, reserved 1140736K
  class space    used 12917K, capacity 13836K, committed 14156K, reserved 1048576K
}
Event: 13.798 GC heap after
{Heap after GC invocations=36 (full 0):
 garbage-first heap   total 245760K, used 227035K [0x0000000080000000, 0x0000000100000000)
  region size 1024K, 2 young (2048K), 2 survivors (2048K)
 Metaspace       used 101638K, capacity 104002K, committed 104912K, reserved 1140736K
  class space    used 12917K, capacity 13836K, committed 14156K, reserved 1048576K
}
Event: 13.819 GC heap before
{Heap before GC invocations=36 (full 0):
 garbage-first heap   total 245760K, used 237275K [0x0000000080000000, 0x0000000100000000)
  region size 1024K, 12 young (12288K), 2 survivors (2048K)
 Metaspace       used 101638K, capacity 104002K, committed 104912K, reserved 1140736K
  class space    used 12917K, capacity 13836K, committed 14156K, reserved 1048576K
}

