# JRE version: OpenJDK Runtime Environment (11.0.13) (build 11.0.13+0-b1751.21-8125866)
# Java VM: OpenJDK 64-Bit Server VM (11.0.13+0-b1751.21-8125866, mixed mode, tiered, compressed oops, g1 gc, windows-amd64)
Heap:
 garbage-first heap   total 401408K, used 154334K [0x0000000080000000, 0x0000000100000000)
  region size 1024K, 50 young (51200K), 11 survivors (11264K)
 Metaspace       used 121968K, capacity 125222K, committed 125352K, reserved 1157120K
  class space    used 15781K, capacity 17053K, committed 17152K, reserved 1048576K
GC Heap History (20 events):
Event: 13.263 GC heap before
{Heap before GC invocations=31 (full 0):
 garbage-first heap   total 244736K, used 203776K [0x0000000080000000, 0x0000000100000000)
  region size 1024K, 14 young (14336K), 3 survivors (3072K)
 Metaspace       used 101632K, capacity 104047K, committed 105000K, reserved 1140736K
  class space    used 12922K, capacity 13835K, committed 14208K, reserved 1048576K
}
Event: 13.268 GC heap after
{Heap after GC invocations=32 (full 0):
 garbage-first heap   total 244736K, used 202752K [0x0000000080000000, 0x0000000100000000)
  region size 1024K, 2 young (2048K), 2 survivors (2048K)
 Metaspace       used 101632K, capacity 104047K, committed 105000K, reserved 1140736K
  class space    used 12922K, capacity 13835K, committed 14208K, reserved 1048576K
}
Event: 13.290 GC heap before
{Heap before GC invocations=32 (full 0):
 garbage-first heap   total 244736K, used 211968K [0x0000000080000000, 0x0000000100000000)
  region size 1024K, 11 young (11264K), 2 survivors (2048K)
 Metaspace       used 101632K, capacity 104047K, committed 105000K, reserved 1140736K
  class space    used 12922K, capacity 13835K, committed 14208K, reserved 1048576K
}
Event: 13.295 GC heap after
{Heap after GC invocations=33 (full 0):
 garbage-first heap   total 244736K, used 212974K [0x0000000080000000, 0x0000000100000000)
  region size 1024K, 2 young (2048K), 2 survivors (2048K)
 Metaspace       used 101632K, capacity 104047K, committed 105000K, reserved 1140736K
  class space    used 12922K, capacity 13835K, committed 14208K, reserved 1048576K
}
Event: 13.309 GC heap before
{Heap before GC invocations=33 (full 0):
 garbage-first heap   total 244736K, used 222190K [0x0000000080000000, 0x0000000100000000)
  region size 1024K, 11 young (11264K), 2 survivors (2048K)
 Metaspace       used 101632K, capacity 104047K, committed 105000K, reserved 1140736K
  class space    used 12922K, capacity 13835K, committed 14208K, reserved 1048576K
}
Event: 13.314 GC heap after
{Heap after GC invocations=34 (full 0):
 garbage-first heap   total 244736K, used 222946K [0x0000000080000000, 0x0000000100000000)
  region size 1024K, 2 young (2048K), 2 survivors (2048K)
 Metaspace       used 101632K, capacity 104047K, committed 105000K, reserved 1140736K
  class space    used 12922K, capacity 13835K, committed 14208K, reserved 1048576K
}
Event: 13.324 GC heap before
{Heap before GC invocations=34 (full 0):
 garbage-first heap   total 244736K, used 232162K [0x0000000080000000, 0x0000000100000000)
  region size 1024K, 11 young (11264K), 2 survivors (2048K)
 Metaspace       used 101632K, capacity 104047K, committed 105000K, reserved 1140736K
  class space    used 12922K, capacity 13835K, committed 14208K, reserved 1048576K
}
Event: 13.332 GC heap after
{Heap after GC invocations=35 (full 0):
 garbage-first heap   total 293888K, used 233159K [0x0000000080000000, 0x0000000100000000)
  region size 1024K, 2 young (2048K), 2 survivors (2048K)
 Metaspace       used 101632K, capacity 104047K, committed 105000K, reserved 1140736K
  class space    used 12922K, capacity 13835K, committed 14208K, reserved 1048576K
}
Event: 13.357 GC heap before
{Heap before GC invocations=36 (full 0):
 garbage-first heap   total 293888K, used 245447K [0x0000000080000000, 0x0000000100000000)
  region size 1024K, 14 young (14336K), 2 survivors (2048K)
 Metaspace       used 101636K, capacity 104047K, committed 105000K, reserved 1140736K
  class space    used 12922K, capacity 13835K, committed 14208K, reserved 1048576K
}
Event: 13.365 GC heap after
{Heap after GC invocations=37 (full 0):
 garbage-first heap   total 293888K, used 245100K [0x0000000080000000, 0x0000000100000000)
  region size 1024K, 2 young (2048K), 2 survivors (2048K)
 Metaspace       used 101636K, capacity 104047K, committed 105000K, reserved 1140736K
  class space    used 12922K, capacity 13835K, committed 14208K, reserved 1048576K
}
Event: 13.517 GC heap before
{Heap before GC invocations=37 (full 0):
 garbage-first heap   total 293888K, used 257388K [0x0000000080000000, 0x0000000100000000)
  region size 1024K, 14 young (14336K), 2 survivors (2048K)
 Metaspace       used 102637K, capacity 105033K, committed 105768K, reserved 1140736K
  class space    used 13040K, capacity 13970K, committed 14208K, reserved 1048576K
}
Event: 13.521 GC heap after
{Heap after GC invocations=38 (full 0):
 garbage-first heap   total 293888K, used 246905K [0x0000000080000000, 0x0000000100000000)
  region size 1024K, 1 young (1024K), 1 survivors (1024K)
 Metaspace       used 102637K, capacity 105033K, committed 105768K, reserved 1140736K
  class space    used 13040K, capacity 13970K, committed 14208K, reserved 1048576K
}
Event: 13.697 GC heap before
{Heap before GC invocations=39 (full 0):
 garbage-first heap   total 293888K, used 142244K [0x0000000080000000, 0x0000000100000000)
  region size 1024K, 14 young (14336K), 1 survivors (1024K)
 Metaspace       used 102919K, capacity 105322K, committed 106024K, reserved 1140736K
  class space    used 13053K, capacity 13980K, committed 14208K, reserved 1048576K
}
Event: 13.700 GC heap after
{Heap after GC invocations=40 (full 0):
 garbage-first heap   total 293888K, used 129878K [0x0000000080000000, 0x0000000100000000)
  region size 1024K, 2 young (2048K), 2 survivors (2048K)
 Metaspace       used 102919K, capacity 105322K, committed 106024K, reserved 1140736K
  class space    used 13053K, capacity 13980K, committed 14208K, reserved 1048576K
}
Event: 13.819 GC heap before
{Heap before GC invocations=40 (full 0):
 garbage-first heap   total 293888K, used 142166K [0x0000000080000000, 0x0000000100000000)
  region size 1024K, 14 young (14336K), 2 survivors (2048K)
 Metaspace       used 103346K, capacity 105775K, committed 106664K, reserved 1142784K
  class space    used 13086K, capacity 14024K, committed 14336K, reserved 1048576K
}
Event: 13.824 GC heap after
{Heap after GC invocations=41 (full 0):
 garbage-first heap   total 401408K, used 106035K [0x0000000080000000, 0x0000000100000000)
  region size 1024K, 1 young (1024K), 1 survivors (1024K)
 Metaspace       used 103346K, capacity 105775K, committed 106664K, reserved 1142784K
  class space    used 13086K, capacity 14024K, committed 14336K, reserved 1048576K
}
Event: 14.462 GC heap before
{Heap before GC invocations=41 (full 0):
 garbage-first heap   total 401408K, used 195123K [0x0000000080000000, 0x0000000100000000)
  region size 1024K, 89 young (91136K), 1 survivors (1024K)
 Metaspace       used 104998K, capacity 107538K, committed 108072K, reserved 1142784K
  class space    used 13301K, capacity 14271K, committed 14464K, reserved 1048576K
}
Event: 14.472 GC heap after
{Heap after GC invocations=42 (full 0):
 garbage-first heap   total 401408K, used 113117K [0x0000000080000000, 0x0000000100000000)
  region size 1024K, 8 young (8192K), 8 survivors (8192K)
 Metaspace       used 104998K, capacity 107538K, committed 108072K, reserved 1142784K
  class space    used 13301K, capacity 14271K, committed 14464K, reserved 1048576K
}
Event: 15.870 GC heap before
{Heap before GC invocations=42 (full 0):
 garbage-first heap   total 401408K, used 214493K [0x0000000080000000, 0x0000000100000000)
  region size 1024K, 108 young (110592K), 8 survivors (8192K)
 Metaspace       used 119337K, capacity 122597K, committed 122664K, reserved 1155072K
  class space    used 15471K, capacity 16746K, committed 16768K, reserved 1048576K
}
Event: 15.879 GC heap after
{Heap after GC invocations=43 (full 0):
 garbage-first heap   total 401408K, used 116446K [0x0000000080000000, 0x0000000100000000)
  region size 1024K, 11 young (11264K), 11 survivors (11264K)
 Metaspace       used 119337K, capacity 122597K, committed 122664K, reserved 1155072K
  class space    used 15471K, capacity 16746K, committed 16768K, reserved 1048576K
}

