# JRE version: OpenJDK Runtime Environment (11.0.13) (build 11.0.13+0-b1751.21-8125866)
# Java VM: OpenJDK 64-Bit Server VM (11.0.13+0-b1751.21-8125866, mixed mode, tiered, compressed oops, g1 gc, windows-amd64)
Heap:
 garbage-first heap   total 736256K, used 164811K [0x0000000080000000, 0x0000000100000000)
  region size 1024K, 2 young (2048K), 2 survivors (2048K)
 Metaspace       used 124148K, capacity 127490K, committed 127656K, reserved 1159168K
  class space    used 16000K, capacity 17284K, committed 17368K, reserved 1048576K
GC Heap History (20 events):
Event: 304.620 GC heap after
{Heap after GC invocations=42 (full 0):
 garbage-first heap   total 188416K, used 155051K [0x0000000080000000, 0x0000000100000000)
  region size 1024K, 1 young (1024K), 1 survivors (1024K)
 Metaspace       used 121191K, capacity 124548K, committed 124840K, reserved 1157120K
  class space    used 15739K, capacity 17004K, committed 17112K, reserved 1048576K
}
Event: 304.817 GC heap before
{Heap before GC invocations=43 (full 0):
 garbage-first heap   total 188416K, used 164267K [0x0000000080000000, 0x0000000100000000)
  region size 1024K, 9 young (9216K), 1 survivors (1024K)
 Metaspace       used 122218K, capacity 125497K, committed 125736K, reserved 1157120K
  class space    used 15830K, capacity 17106K, committed 17240K, reserved 1048576K
}
Event: 304.819 GC heap after
{Heap after GC invocations=44 (full 0):
 garbage-first heap   total 188416K, used 155609K [0x0000000080000000, 0x0000000100000000)
  region size 1024K, 2 young (2048K), 2 survivors (2048K)
 Metaspace       used 122218K, capacity 125497K, committed 125736K, reserved 1157120K
  class space    used 15830K, capacity 17106K, committed 17240K, reserved 1048576K
}
Event: 304.898 GC heap before
{Heap before GC invocations=44 (full 0):
 garbage-first heap   total 188416K, used 162777K [0x0000000080000000, 0x0000000100000000)
  region size 1024K, 9 young (9216K), 2 survivors (2048K)
 Metaspace       used 122356K, capacity 125634K, committed 125992K, reserved 1159168K
  class space    used 15837K, capacity 17108K, committed 17240K, reserved 1048576K
}
Event: 304.904 GC heap after
{Heap after GC invocations=45 (full 0):
 garbage-first heap   total 226304K, used 160455K [0x0000000080000000, 0x0000000100000000)
  region size 1024K, 2 young (2048K), 2 survivors (2048K)
 Metaspace       used 122356K, capacity 125634K, committed 125992K, reserved 1159168K
  class space    used 15837K, capacity 17108K, committed 17240K, reserved 1048576K
}
Event: 304.955 GC heap before
{Heap before GC invocations=45 (full 0):
 garbage-first heap   total 226304K, used 178887K [0x0000000080000000, 0x0000000100000000)
  region size 1024K, 20 young (20480K), 2 survivors (2048K)
 Metaspace       used 122356K, capacity 125634K, committed 125992K, reserved 1159168K
  class space    used 15837K, capacity 17108K, committed 17240K, reserved 1048576K
}
Event: 304.963 GC heap after
{Heap after GC invocations=46 (full 0):
 garbage-first heap   total 226304K, used 178591K [0x0000000080000000, 0x0000000100000000)
  region size 1024K, 3 young (3072K), 3 survivors (3072K)
 Metaspace       used 122356K, capacity 125634K, committed 125992K, reserved 1159168K
  class space    used 15837K, capacity 17108K, committed 17240K, reserved 1048576K
}
Event: 304.979 GC heap before
{Heap before GC invocations=46 (full 0):
 garbage-first heap   total 226304K, used 186783K [0x0000000080000000, 0x0000000100000000)
  region size 1024K, 11 young (11264K), 3 survivors (3072K)
 Metaspace       used 122356K, capacity 125634K, committed 125992K, reserved 1159168K
  class space    used 15837K, capacity 17108K, committed 17240K, reserved 1048576K
}
Event: 304.984 GC heap after
{Heap after GC invocations=47 (full 0):
 garbage-first heap   total 226304K, used 185540K [0x0000000080000000, 0x0000000100000000)
  region size 1024K, 2 young (2048K), 2 survivors (2048K)
 Metaspace       used 122356K, capacity 125634K, committed 125992K, reserved 1159168K
  class space    used 15837K, capacity 17108K, committed 17240K, reserved 1048576K
}
Event: 305.005 GC heap before
{Heap before GC invocations=47 (full 0):
 garbage-first heap   total 226304K, used 194756K [0x0000000080000000, 0x0000000100000000)
  region size 1024K, 11 young (11264K), 2 survivors (2048K)
 Metaspace       used 122356K, capacity 125634K, committed 125992K, reserved 1159168K
  class space    used 15837K, capacity 17108K, committed 17240K, reserved 1048576K
}
Event: 305.010 GC heap after
{Heap after GC invocations=48 (full 0):
 garbage-first heap   total 226304K, used 193115K [0x0000000080000000, 0x0000000100000000)
  region size 1024K, 2 young (2048K), 2 survivors (2048K)
 Metaspace       used 122356K, capacity 125634K, committed 125992K, reserved 1159168K
  class space    used 15837K, capacity 17108K, committed 17240K, reserved 1048576K
}
Event: 305.039 GC heap before
{Heap before GC invocations=48 (full 0):
 garbage-first heap   total 226304K, used 202331K [0x0000000080000000, 0x0000000100000000)
  region size 1024K, 11 young (11264K), 2 survivors (2048K)
 Metaspace       used 122356K, capacity 125634K, committed 125992K, reserved 1159168K
  class space    used 15837K, capacity 17108K, committed 17240K, reserved 1048576K
}
Event: 305.052 GC heap after
{Heap after GC invocations=49 (full 0):
 garbage-first heap   total 360448K, used 200370K [0x0000000080000000, 0x0000000100000000)
  region size 1024K, 2 young (2048K), 2 survivors (2048K)
 Metaspace       used 122356K, capacity 125634K, committed 125992K, reserved 1159168K
  class space    used 15837K, capacity 17108K, committed 17240K, reserved 1048576K
}
Event: 305.221 GC heap before
{Heap before GC invocations=50 (full 0):
 garbage-first heap   total 360448K, used 246450K [0x0000000080000000, 0x0000000100000000)
  region size 1024K, 47 young (48128K), 2 survivors (2048K)
 Metaspace       used 122416K, capacity 125699K, committed 125992K, reserved 1159168K
  class space    used 15837K, capacity 17108K, committed 17240K, reserved 1048576K
}
Event: 305.240 GC heap after
{Heap after GC invocations=51 (full 0):
 garbage-first heap   total 360448K, used 237341K [0x0000000080000000, 0x0000000100000000)
  region size 1024K, 6 young (6144K), 6 survivors (6144K)
 Metaspace       used 122416K, capacity 125699K, committed 125992K, reserved 1159168K
  class space    used 15837K, capacity 17108K, committed 17240K, reserved 1048576K
}
Event: 305.438 GC heap before
{Heap before GC invocations=51 (full 0):
 garbage-first heap   total 360448K, used 267037K [0x0000000080000000, 0x0000000100000000)
  region size 1024K, 35 young (35840K), 6 survivors (6144K)
 Metaspace       used 123130K, capacity 126507K, committed 126760K, reserved 1159168K
  class space    used 15915K, capacity 17204K, committed 17240K, reserved 1048576K
}
Event: 305.458 GC heap after
{Heap after GC invocations=52 (full 0):
 garbage-first heap   total 360448K, used 257017K [0x0000000080000000, 0x0000000100000000)
  region size 1024K, 5 young (5120K), 5 survivors (5120K)
 Metaspace       used 123130K, capacity 126507K, committed 126760K, reserved 1159168K
  class space    used 15915K, capacity 17204K, committed 17240K, reserved 1048576K
}
Event: 305.823 GC heap before
{Heap before GC invocations=53 (full 0):
 garbage-first heap   total 360448K, used 215033K [0x0000000080000000, 0x0000000100000000)
  region size 1024K, 28 young (28672K), 5 survivors (5120K)
 Metaspace       used 124026K, capacity 127350K, committed 127656K, reserved 1159168K
  class space    used 15999K, capacity 17283K, committed 17368K, reserved 1048576K
}
Event: 305.830 GC heap after
{Heap after GC invocations=54 (full 0):
 garbage-first heap   total 360448K, used 196600K [0x0000000080000000, 0x0000000100000000)
  region size 1024K, 3 young (3072K), 3 survivors (3072K)
 Metaspace       used 124026K, capacity 127350K, committed 127656K, reserved 1159168K
  class space    used 15999K, capacity 17283K, committed 17368K, reserved 1048576K
}
Event: 305.895 GC heap before
{Heap before GC invocations=54 (full 0):
 garbage-first heap   total 360448K, used 210936K [0x0000000080000000, 0x0000000100000000)
  region size 1024K, 17 young (17408K), 3 survivors (3072K)
 Metaspace       used 124148K, capacity 127490K, committed 127656K, reserved 1159168K
  class space    used 16000K, capacity 17284K, committed 17368K, reserved 1048576K
}

