# JRE version: OpenJDK Runtime Environment (11.0.13) (build 11.0.13+0-b1751.21-8125866)
# Java VM: OpenJDK 64-Bit Server VM (11.0.13+0-b1751.21-8125866, mixed mode, tiered, compressed oops, g1 gc, windows-amd64)
Heap:
 garbage-first heap   total 302080K, used 194052K [0x0000000080000000, 0x0000000100000000)
  region size 1024K, 30 young (30720K), 7 survivors (7168K)
 Metaspace       used 96509K, capacity 98871K, committed 99060K, reserved 1134592K
  class space    used 12698K, capacity 13605K, committed 13720K, reserved 1048576K
GC Heap History (20 events):
Event: 11.939 GC heap before
{Heap before GC invocations=24 (full 0):
 garbage-first heap   total 187392K, used 135577K [0x0000000080000000, 0x0000000100000000)
  region size 1024K, 44 young (45056K), 3 survivors (3072K)
 Metaspace       used 85846K, capacity 88214K, committed 88564K, reserved 1126400K
  class space    used 11202K, capacity 12085K, committed 12184K, reserved 1048576K
}
Event: 11.945 GC heap after
{Heap after GC invocations=25 (full 0):
 garbage-first heap   total 187392K, used 96665K [0x0000000080000000, 0x0000000100000000)
  region size 1024K, 5 young (5120K), 5 survivors (5120K)
 Metaspace       used 85846K, capacity 88214K, committed 88564K, reserved 1126400K
  class space    used 11202K, capacity 12085K, committed 12184K, reserved 1048576K
}
Event: 12.274 GC heap before
{Heap before GC invocations=26 (full 0):
 garbage-first heap   total 187392K, used 138240K [0x0000000080000000, 0x0000000100000000)
  region size 1024K, 47 young (48128K), 5 survivors (5120K)
 Metaspace       used 86733K, capacity 88828K, committed 89716K, reserved 1126400K
  class space    used 11214K, capacity 11982K, committed 12312K, reserved 1048576K
}
Event: 12.282 GC heap after
{Heap after GC invocations=27 (full 0):
 garbage-first heap   total 187392K, used 98562K [0x0000000080000000, 0x0000000100000000)
  region size 1024K, 6 young (6144K), 6 survivors (6144K)
 Metaspace       used 86733K, capacity 88828K, committed 89716K, reserved 1126400K
  class space    used 11214K, capacity 11982K, committed 12312K, reserved 1048576K
}
Event: 12.292 GC heap before
{Heap before GC invocations=27 (full 0):
 garbage-first heap   total 187392K, used 104706K [0x0000000080000000, 0x0000000100000000)
  region size 1024K, 9 young (9216K), 6 survivors (6144K)
 Metaspace       used 86818K, capacity 88924K, committed 89716K, reserved 1126400K
  class space    used 11226K, capacity 12014K, committed 12312K, reserved 1048576K
}
Event: 12.300 GC heap after
{Heap after GC invocations=28 (full 0):
 garbage-first heap   total 187392K, used 97858K [0x0000000080000000, 0x0000000100000000)
  region size 1024K, 2 young (2048K), 2 survivors (2048K)
 Metaspace       used 86818K, capacity 88924K, committed 89716K, reserved 1126400K
  class space    used 11226K, capacity 12014K, committed 12312K, reserved 1048576K
}
Event: 12.302 GC heap before
{Heap before GC invocations=28 (full 0):
 garbage-first heap   total 187392K, used 97858K [0x0000000080000000, 0x0000000100000000)
  region size 1024K, 3 young (3072K), 2 survivors (2048K)
 Metaspace       used 86841K, capacity 88924K, committed 89716K, reserved 1126400K
  class space    used 11230K, capacity 12014K, committed 12312K, reserved 1048576K
}
Event: 12.306 GC heap after
{Heap after GC invocations=29 (full 0):
 garbage-first heap   total 225280K, used 97665K [0x0000000080000000, 0x0000000100000000)
  region size 1024K, 2 young (2048K), 2 survivors (2048K)
 Metaspace       used 86841K, capacity 88924K, committed 89716K, reserved 1126400K
  class space    used 11230K, capacity 12014K, committed 12312K, reserved 1048576K
}
Event: 12.585 GC heap before
{Heap before GC invocations=30 (full 0):
 garbage-first heap   total 225280K, used 135553K [0x0000000080000000, 0x0000000100000000)
  region size 1024K, 36 young (36864K), 2 survivors (2048K)
 Metaspace       used 91412K, capacity 93527K, committed 94196K, reserved 1130496K
  class space    used 11857K, capacity 12656K, committed 12952K, reserved 1048576K
}
Event: 12.591 GC heap after
{Heap after GC invocations=31 (full 0):
 garbage-first heap   total 225280K, used 101739K [0x0000000080000000, 0x0000000100000000)
  region size 1024K, 4 young (4096K), 4 survivors (4096K)
 Metaspace       used 91412K, capacity 93527K, committed 94196K, reserved 1130496K
  class space    used 11857K, capacity 12656K, committed 12952K, reserved 1048576K
}
Event: 12.793 GC heap before
{Heap before GC invocations=32 (full 0):
 garbage-first heap   total 225280K, used 169323K [0x0000000080000000, 0x0000000100000000)
  region size 1024K, 49 young (50176K), 4 survivors (4096K)
 Metaspace       used 92734K, capacity 94847K, committed 95604K, reserved 1132544K
  class space    used 12025K, capacity 12818K, committed 13080K, reserved 1048576K
}
Event: 12.805 GC heap after
{Heap after GC invocations=33 (full 0):
 garbage-first heap   total 225280K, used 122730K [0x0000000080000000, 0x0000000100000000)
  region size 1024K, 7 young (7168K), 7 survivors (7168K)
 Metaspace       used 92734K, capacity 94847K, committed 95604K, reserved 1132544K
  class space    used 12025K, capacity 12818K, committed 13080K, reserved 1048576K
}
Event: 12.842 GC heap before
{Heap before GC invocations=33 (full 0):
 garbage-first heap   total 225280K, used 136042K [0x0000000080000000, 0x0000000100000000)
  region size 1024K, 21 young (21504K), 7 survivors (7168K)
 Metaspace       used 92818K, capacity 94975K, committed 95604K, reserved 1132544K
  class space    used 12025K, capacity 12818K, committed 13080K, reserved 1048576K
}
Event: 12.852 GC heap after
{Heap after GC invocations=34 (full 0):
 garbage-first heap   total 225280K, used 127617K [0x0000000080000000, 0x0000000100000000)
  region size 1024K, 5 young (5120K), 5 survivors (5120K)
 Metaspace       used 92818K, capacity 94975K, committed 95604K, reserved 1132544K
  class space    used 12025K, capacity 12818K, committed 13080K, reserved 1048576K
}
Event: 13.131 GC heap before
{Heap before GC invocations=35 (full 0):
 garbage-first heap   total 225280K, used 162433K [0x0000000080000000, 0x0000000100000000)
  region size 1024K, 37 young (37888K), 5 survivors (5120K)
 Metaspace       used 95810K, capacity 98129K, committed 98420K, reserved 1134592K
  class space    used 12601K, capacity 13489K, committed 13592K, reserved 1048576K
}
Event: 13.146 GC heap after
{Heap after GC invocations=36 (full 0):
 garbage-first heap   total 225280K, used 140759K [0x0000000080000000, 0x0000000100000000)
  region size 1024K, 5 young (5120K), 5 survivors (5120K)
 Metaspace       used 95810K, capacity 98129K, committed 98420K, reserved 1134592K
  class space    used 12601K, capacity 13489K, committed 13592K, reserved 1048576K
}
Event: 13.168 GC heap before
{Heap before GC invocations=36 (full 0):
 garbage-first heap   total 225280K, used 146903K [0x0000000080000000, 0x0000000100000000)
  region size 1024K, 11 young (11264K), 5 survivors (5120K)
 Metaspace       used 95830K, capacity 98130K, committed 98420K, reserved 1134592K
  class space    used 12601K, capacity 13489K, committed 13592K, reserved 1048576K
}
Event: 13.181 GC heap after
{Heap after GC invocations=37 (full 0):
 garbage-first heap   total 302080K, used 143360K [0x0000000080000000, 0x0000000100000000)
  region size 1024K, 2 young (2048K), 2 survivors (2048K)
 Metaspace       used 95830K, capacity 98130K, committed 98420K, reserved 1134592K
  class space    used 12601K, capacity 13489K, committed 13592K, reserved 1048576K
}
Event: 13.297 GC heap before
{Heap before GC invocations=37 (full 0):
 garbage-first heap   total 302080K, used 197632K [0x0000000080000000, 0x0000000100000000)
  region size 1024K, 56 young (57344K), 2 survivors (2048K)
 Metaspace       used 95896K, capacity 98266K, committed 98420K, reserved 1134592K
  class space    used 12601K, capacity 13489K, committed 13592K, reserved 1048576K
}
Event: 13.318 GC heap after
{Heap after GC invocations=38 (full 0):
 garbage-first heap   total 302080K, used 171524K [0x0000000080000000, 0x0000000100000000)
  region size 1024K, 7 young (7168K), 7 survivors (7168K)
 Metaspace       used 95896K, capacity 98266K, committed 98420K, reserved 1134592K
  class space    used 12601K, capacity 13489K, committed 13592K, reserved 1048576K
}

