# JRE version: OpenJDK Runtime Environment (11.0.13) (build 11.0.13+0-b1751.21-8125866)
# Java VM: OpenJDK 64-Bit Server VM (11.0.13+0-b1751.21-8125866, mixed mode, tiered, compressed oops, g1 gc, windows-amd64)
Heap:
 garbage-first heap   total 424960K, used 246564K [0x0000000080000000, 0x0000000100000000)
  region size 1024K, 2 young (2048K), 2 survivors (2048K)
 Metaspace       used 113907K, capacity 116439K, committed 116776K, reserved 1150976K
  class space    used 14362K, capacity 15317K, committed 15488K, reserved 1048576K
GC Heap History (20 events):
Event: 22.871 GC heap after
{Heap after GC invocations=43 (full 0):
 garbage-first heap   total 225280K, used 158783K [0x0000000080000000, 0x0000000100000000)
  region size 1024K, 3 young (3072K), 3 survivors (3072K)
 Metaspace       used 112619K, capacity 115218K, committed 115368K, reserved 1148928K
  class space    used 14248K, capacity 15213K, committed 15360K, reserved 1048576K
}
Event: 23.258 GC heap before
{Heap before GC invocations=44 (full 0):
 garbage-first heap   total 225280K, used 180287K [0x0000000080000000, 0x0000000100000000)
  region size 1024K, 23 young (23552K), 3 survivors (3072K)
 Metaspace       used 113829K, capacity 116366K, committed 116776K, reserved 1150976K
  class space    used 14362K, capacity 15317K, committed 15488K, reserved 1048576K
}
Event: 23.265 GC heap after
{Heap after GC invocations=45 (full 0):
 garbage-first heap   total 225280K, used 166757K [0x0000000080000000, 0x0000000100000000)
  region size 1024K, 3 young (3072K), 3 survivors (3072K)
 Metaspace       used 113829K, capacity 116366K, committed 116776K, reserved 1150976K
  class space    used 14362K, capacity 15317K, committed 15488K, reserved 1048576K
}
Event: 23.285 GC heap before
{Heap before GC invocations=45 (full 0):
 garbage-first heap   total 225280K, used 174949K [0x0000000080000000, 0x0000000100000000)
  region size 1024K, 11 young (11264K), 3 survivors (3072K)
 Metaspace       used 113829K, capacity 116366K, committed 116776K, reserved 1150976K
  class space    used 14362K, capacity 15317K, committed 15488K, reserved 1048576K
}
Event: 23.291 GC heap after
{Heap after GC invocations=46 (full 0):
 garbage-first heap   total 225280K, used 171684K [0x0000000080000000, 0x0000000100000000)
  region size 1024K, 2 young (2048K), 2 survivors (2048K)
 Metaspace       used 113829K, capacity 116366K, committed 116776K, reserved 1150976K
  class space    used 14362K, capacity 15317K, committed 15488K, reserved 1048576K
}
Event: 23.323 GC heap before
{Heap before GC invocations=46 (full 0):
 garbage-first heap   total 225280K, used 182948K [0x0000000080000000, 0x0000000100000000)
  region size 1024K, 14 young (14336K), 2 survivors (2048K)
 Metaspace       used 113829K, capacity 116366K, committed 116776K, reserved 1150976K
  class space    used 14362K, capacity 15317K, committed 15488K, reserved 1048576K
}
Event: 23.330 GC heap after
{Heap after GC invocations=47 (full 0):
 garbage-first heap   total 225280K, used 183296K [0x0000000080000000, 0x0000000100000000)
  region size 1024K, 2 young (2048K), 2 survivors (2048K)
 Metaspace       used 113829K, capacity 116366K, committed 116776K, reserved 1150976K
  class space    used 14362K, capacity 15317K, committed 15488K, reserved 1048576K
}
Event: 23.364 GC heap before
{Heap before GC invocations=47 (full 0):
 garbage-first heap   total 225280K, used 192512K [0x0000000080000000, 0x0000000100000000)
  region size 1024K, 11 young (11264K), 2 survivors (2048K)
 Metaspace       used 113829K, capacity 116366K, committed 116776K, reserved 1150976K
  class space    used 14362K, capacity 15317K, committed 15488K, reserved 1048576K
}
Event: 23.371 GC heap after
{Heap after GC invocations=48 (full 0):
 garbage-first heap   total 225280K, used 190879K [0x0000000080000000, 0x0000000100000000)
  region size 1024K, 2 young (2048K), 2 survivors (2048K)
 Metaspace       used 113829K, capacity 116366K, committed 116776K, reserved 1150976K
  class space    used 14362K, capacity 15317K, committed 15488K, reserved 1048576K
}
Event: 23.392 GC heap before
{Heap before GC invocations=48 (full 0):
 garbage-first heap   total 225280K, used 200095K [0x0000000080000000, 0x0000000100000000)
  region size 1024K, 11 young (11264K), 2 survivors (2048K)
 Metaspace       used 113829K, capacity 116366K, committed 116776K, reserved 1150976K
  class space    used 14362K, capacity 15317K, committed 15488K, reserved 1048576K
}
Event: 23.399 GC heap after
{Heap after GC invocations=49 (full 0):
 garbage-first heap   total 225280K, used 198367K [0x0000000080000000, 0x0000000100000000)
  region size 1024K, 2 young (2048K), 2 survivors (2048K)
 Metaspace       used 113829K, capacity 116366K, committed 116776K, reserved 1150976K
  class space    used 14362K, capacity 15317K, committed 15488K, reserved 1048576K
}
Event: 23.422 GC heap before
{Heap before GC invocations=49 (full 0):
 garbage-first heap   total 225280K, used 207583K [0x0000000080000000, 0x0000000100000000)
  region size 1024K, 11 young (11264K), 2 survivors (2048K)
 Metaspace       used 113829K, capacity 116366K, committed 116776K, reserved 1150976K
  class space    used 14362K, capacity 15317K, committed 15488K, reserved 1048576K
}
Event: 23.429 GC heap after
{Heap after GC invocations=50 (full 0):
 garbage-first heap   total 277504K, used 205353K [0x0000000080000000, 0x0000000100000000)
  region size 1024K, 2 young (2048K), 2 survivors (2048K)
 Metaspace       used 113829K, capacity 116366K, committed 116776K, reserved 1150976K
  class space    used 14362K, capacity 15317K, committed 15488K, reserved 1048576K
}
Event: 23.528 GC heap before
{Heap before GC invocations=50 (full 0):
 garbage-first heap   total 277504K, used 220713K [0x0000000080000000, 0x0000000100000000)
  region size 1024K, 18 young (18432K), 2 survivors (2048K)
 Metaspace       used 113907K, capacity 116439K, committed 116776K, reserved 1150976K
  class space    used 14362K, capacity 15317K, committed 15488K, reserved 1048576K
}
Event: 23.535 GC heap after
{Heap after GC invocations=51 (full 0):
 garbage-first heap   total 277504K, used 213508K [0x0000000080000000, 0x0000000100000000)
  region size 1024K, 3 young (3072K), 3 survivors (3072K)
 Metaspace       used 113907K, capacity 116439K, committed 116776K, reserved 1150976K
  class space    used 14362K, capacity 15317K, committed 15488K, reserved 1048576K
}
Event: 23.566 GC heap before
{Heap before GC invocations=52 (full 0):
 garbage-first heap   total 277504K, used 226820K [0x0000000080000000, 0x0000000100000000)
  region size 1024K, 16 young (16384K), 3 survivors (3072K)
 Metaspace       used 113907K, capacity 116439K, committed 116776K, reserved 1150976K
  class space    used 14362K, capacity 15317K, committed 15488K, reserved 1048576K
}
Event: 23.574 GC heap after
{Heap after GC invocations=53 (full 0):
 garbage-first heap   total 277504K, used 227076K [0x0000000080000000, 0x0000000100000000)
  region size 1024K, 2 young (2048K), 2 survivors (2048K)
 Metaspace       used 113907K, capacity 116439K, committed 116776K, reserved 1150976K
  class space    used 14362K, capacity 15317K, committed 15488K, reserved 1048576K
}
Event: 23.589 GC heap before
{Heap before GC invocations=53 (full 0):
 garbage-first heap   total 277504K, used 238340K [0x0000000080000000, 0x0000000100000000)
  region size 1024K, 13 young (13312K), 2 survivors (2048K)
 Metaspace       used 113907K, capacity 116439K, committed 116776K, reserved 1150976K
  class space    used 14362K, capacity 15317K, committed 15488K, reserved 1048576K
}
Event: 23.595 GC heap after
{Heap after GC invocations=54 (full 0):
 garbage-first heap   total 277504K, used 237568K [0x0000000080000000, 0x0000000100000000)
  region size 1024K, 2 young (2048K), 2 survivors (2048K)
 Metaspace       used 113907K, capacity 116439K, committed 116776K, reserved 1150976K
  class space    used 14362K, capacity 15317K, committed 15488K, reserved 1048576K
}
Event: 23.608 GC heap before
{Heap before GC invocations=54 (full 0):
 garbage-first heap   total 277504K, used 248832K [0x0000000080000000, 0x0000000100000000)
  region size 1024K, 13 young (13312K), 2 survivors (2048K)
 Metaspace       used 113907K, capacity 116439K, committed 116776K, reserved 1150976K
  class space    used 14362K, capacity 15317K, committed 15488K, reserved 1048576K
}

