# JRE version: OpenJDK Runtime Environment (11.0.13) (build 11.0.13+0-b1751.21-8125866)
# Java VM: OpenJDK 64-Bit Server VM (11.0.13+0-b1751.21-8125866, mixed mode, tiered, compressed oops, g1 gc, windows-amd64)
Heap:
 garbage-first heap   total 484352K, used 180408K [0x0000000080000000, 0x0000000100000000)
  region size 1024K, 2 young (2048K), 2 survivors (2048K)
 Metaspace       used 97236K, capacity 99781K, committed 100392K, reserved 1136640K
  class space    used 12787K, capacity 13734K, committed 13912K, reserved 1048576K
GC Heap History (20 events):
Event: 11.329 GC heap after
{Heap after GC invocations=24 (full 0):
 garbage-first heap   total 187392K, used 92287K [0x0000000080000000, 0x0000000100000000)
  region size 1024K, 10 young (10240K), 10 survivors (10240K)
 Metaspace       used 88177K, capacity 90520K, committed 90792K, reserved 1128448K
  class space    used 11526K, capacity 12415K, committed 12504K, reserved 1048576K
}
Event: 11.397 GC heap before
{Heap before GC invocations=24 (full 0):
 garbage-first heap   total 187392K, used 106623K [0x0000000080000000, 0x0000000100000000)
  region size 1024K, 25 young (25600K), 10 survivors (10240K)
 Metaspace       used 90177K, capacity 92558K, committed 92840K, reserved 1130496K
  class space    used 11797K, capacity 12692K, committed 12760K, reserved 1048576K
}
Event: 11.404 GC heap after
{Heap after GC invocations=25 (full 0):
 garbage-first heap   total 187392K, used 95260K [0x0000000080000000, 0x0000000100000000)
  region size 1024K, 3 young (3072K), 3 survivors (3072K)
 Metaspace       used 90177K, capacity 92558K, committed 92840K, reserved 1130496K
  class space    used 11797K, capacity 12692K, committed 12760K, reserved 1048576K
}
Event: 11.608 GC heap before
{Heap before GC invocations=26 (full 0):
 garbage-first heap   total 187392K, used 168988K [0x0000000080000000, 0x0000000100000000)
  region size 1024K, 49 young (50176K), 3 survivors (3072K)
 Metaspace       used 90697K, capacity 92734K, committed 93736K, reserved 1130496K
  class space    used 11769K, capacity 12548K, committed 12888K, reserved 1048576K
}
Event: 11.621 GC heap after
{Heap after GC invocations=27 (full 0):
 garbage-first heap   total 225280K, used 118572K [0x0000000080000000, 0x0000000100000000)
  region size 1024K, 7 young (7168K), 7 survivors (7168K)
 Metaspace       used 90697K, capacity 92734K, committed 93736K, reserved 1130496K
  class space    used 11769K, capacity 12548K, committed 12888K, reserved 1048576K
}
Event: 11.667 GC heap before
{Heap before GC invocations=27 (full 0):
 garbage-first heap   total 225280K, used 129836K [0x0000000080000000, 0x0000000100000000)
  region size 1024K, 19 young (19456K), 7 survivors (7168K)
 Metaspace       used 90924K, capacity 93022K, committed 93992K, reserved 1130496K
  class space    used 11788K, capacity 12580K, committed 12888K, reserved 1048576K
}
Event: 11.677 GC heap after
{Heap after GC invocations=28 (full 0):
 garbage-first heap   total 225280K, used 122922K [0x0000000080000000, 0x0000000100000000)
  region size 1024K, 4 young (4096K), 4 survivors (4096K)
 Metaspace       used 90924K, capacity 93022K, committed 93992K, reserved 1130496K
  class space    used 11788K, capacity 12580K, committed 12888K, reserved 1048576K
}
Event: 11.989 GC heap before
{Heap before GC invocations=29 (full 0):
 garbage-first heap   total 225280K, used 160810K [0x0000000080000000, 0x0000000100000000)
  region size 1024K, 40 young (40960K), 4 survivors (4096K)
 Metaspace       used 93760K, capacity 96006K, committed 96552K, reserved 1132544K
  class space    used 12351K, capacity 13254K, committed 13400K, reserved 1048576K
}
Event: 12.004 GC heap after
{Heap after GC invocations=30 (full 0):
 garbage-first heap   total 225280K, used 138200K [0x0000000080000000, 0x0000000100000000)
  region size 1024K, 5 young (5120K), 5 survivors (5120K)
 Metaspace       used 93760K, capacity 96006K, committed 96552K, reserved 1132544K
  class space    used 12351K, capacity 13254K, committed 13400K, reserved 1048576K
}
Event: 12.087 GC heap before
{Heap before GC invocations=30 (full 0):
 garbage-first heap   total 225280K, used 167896K [0x0000000080000000, 0x0000000100000000)
  region size 1024K, 35 young (35840K), 5 survivors (5120K)
 Metaspace       used 93833K, capacity 96199K, committed 96552K, reserved 1132544K
  class space    used 12359K, capacity 13254K, committed 13400K, reserved 1048576K
}
Event: 12.109 GC heap after
{Heap after GC invocations=31 (full 0):
 garbage-first heap   total 225280K, used 154577K [0x0000000080000000, 0x0000000100000000)
  region size 1024K, 5 young (5120K), 5 survivors (5120K)
 Metaspace       used 93833K, capacity 96199K, committed 96552K, reserved 1132544K
  class space    used 12359K, capacity 13254K, committed 13400K, reserved 1048576K
}
Event: 12.176 GC heap before
{Heap before GC invocations=31 (full 0):
 garbage-first heap   total 225280K, used 177105K [0x0000000080000000, 0x0000000100000000)
  region size 1024K, 27 young (27648K), 5 survivors (5120K)
 Metaspace       used 93865K, capacity 96203K, committed 96552K, reserved 1132544K
  class space    used 12359K, capacity 13254K, committed 13400K, reserved 1048576K
}
Event: 12.192 GC heap after
{Heap after GC invocations=32 (full 0):
 garbage-first heap   total 296960K, used 166912K [0x0000000080000000, 0x0000000100000000)
  region size 1024K, 4 young (4096K), 4 survivors (4096K)
 Metaspace       used 93865K, capacity 96203K, committed 96552K, reserved 1132544K
  class space    used 12359K, capacity 13254K, committed 13400K, reserved 1048576K
}
Event: 12.584 GC heap before
{Heap before GC invocations=33 (full 0):
 garbage-first heap   total 296960K, used 209920K [0x0000000080000000, 0x0000000100000000)
  region size 1024K, 46 young (47104K), 4 survivors (4096K)
 Metaspace       used 95976K, capacity 98367K, committed 98600K, reserved 1134592K
  class space    used 12659K, capacity 13587K, committed 13656K, reserved 1048576K
}
Event: 12.600 GC heap after
{Heap after GC invocations=34 (full 0):
 garbage-first heap   total 296960K, used 181500K [0x0000000080000000, 0x0000000100000000)
  region size 1024K, 6 young (6144K), 6 survivors (6144K)
 Metaspace       used 95976K, capacity 98367K, committed 98600K, reserved 1134592K
  class space    used 12659K, capacity 13587K, committed 13656K, reserved 1048576K
}
Event: 12.888 GC heap before
{Heap before GC invocations=34 (full 0):
 garbage-first heap   total 296960K, used 219388K [0x0000000080000000, 0x0000000100000000)
  region size 1024K, 44 young (45056K), 6 survivors (6144K)
 Metaspace       used 97118K, capacity 99786K, committed 99880K, reserved 1134592K
  class space    used 12828K, capacity 13848K, committed 13912K, reserved 1048576K
}
Event: 12.915 GC heap after
{Heap after GC invocations=35 (full 0):
 garbage-first heap   total 296960K, used 188668K [0x0000000080000000, 0x0000000100000000)
  region size 1024K, 6 young (6144K), 6 survivors (6144K)
 Metaspace       used 97118K, capacity 99786K, committed 99880K, reserved 1134592K
  class space    used 12828K, capacity 13848K, committed 13912K, reserved 1048576K
}
Event: 13.177 GC heap before
{Heap before GC invocations=36 (full 0):
 garbage-first heap   total 296960K, used 217340K [0x0000000080000000, 0x0000000100000000)
  region size 1024K, 44 young (45056K), 6 survivors (6144K)
 Metaspace       used 97232K, capacity 99781K, committed 100392K, reserved 1136640K
  class space    used 12787K, capacity 13734K, committed 13912K, reserved 1048576K
}
Event: 13.189 GC heap after
{Heap after GC invocations=37 (full 0):
 garbage-first heap   total 296960K, used 181788K [0x0000000080000000, 0x0000000100000000)
  region size 1024K, 3 young (3072K), 3 survivors (3072K)
 Metaspace       used 97232K, capacity 99781K, committed 100392K, reserved 1136640K
  class space    used 12787K, capacity 13734K, committed 13912K, reserved 1048576K
}
Event: 13.275 GC heap before
{Heap before GC invocations=37 (full 0):
 garbage-first heap   total 296960K, used 197148K [0x0000000080000000, 0x0000000100000000)
  region size 1024K, 14 young (14336K), 3 survivors (3072K)
 Metaspace       used 97236K, capacity 99781K, committed 100392K, reserved 1136640K
  class space    used 12787K, capacity 13734K, committed 13912K, reserved 1048576K
}

