# JRE version: OpenJDK Runtime Environment (11.0.13) (build 11.0.13+0-b1751.21-8125866)
# Java VM: OpenJDK 64-Bit Server VM (11.0.13+0-b1751.21-8125866, mixed mode, tiered, compressed oops, g1 gc, windows-amd64)
Heap:
 garbage-first heap   total 400384K, used 248256K [0x0000000080000000, 0x0000000100000000)
  region size 1024K, 2 young (2048K), 2 survivors (2048K)
 Metaspace       used 101616K, capacity 104112K, committed 105128K, reserved 1140736K
  class space    used 12917K, capacity 13836K, committed 14156K, reserved 1048576K
GC Heap History (20 events):
Event: 13.239 GC heap after
{Heap after GC invocations=26 (full 0):
 garbage-first heap   total 229376K, used 142049K [0x0000000080000000, 0x0000000100000000)
  region size 1024K, 1 young (1024K), 1 survivors (1024K)
 Metaspace       used 99339K, capacity 101736K, committed 102824K, reserved 1138688K
  class space    used 12675K, capacity 13562K, committed 13900K, reserved 1048576K
}
Event: 13.472 GC heap before
{Heap before GC invocations=27 (full 0):
 garbage-first heap   total 229376K, used 152289K [0x0000000080000000, 0x0000000100000000)
  region size 1024K, 13 young (13312K), 1 survivors (1024K)
 Metaspace       used 100492K, capacity 102924K, committed 103976K, reserved 1138688K
  class space    used 12821K, capacity 13701K, committed 14028K, reserved 1048576K
}
Event: 13.476 GC heap after
{Heap after GC invocations=28 (full 0):
 garbage-first heap   total 229376K, used 143753K [0x0000000080000000, 0x0000000100000000)
  region size 1024K, 3 young (3072K), 3 survivors (3072K)
 Metaspace       used 100492K, capacity 102924K, committed 103976K, reserved 1138688K
  class space    used 12821K, capacity 13701K, committed 14028K, reserved 1048576K
}
Event: 13.803 GC heap before
{Heap before GC invocations=29 (full 0):
 garbage-first heap   total 229376K, used 172425K [0x0000000080000000, 0x0000000100000000)
  region size 1024K, 30 young (30720K), 3 survivors (3072K)
 Metaspace       used 101554K, capacity 104044K, committed 104872K, reserved 1140736K
  class space    used 12917K, capacity 13836K, committed 14156K, reserved 1048576K
}
Event: 13.813 GC heap after
{Heap after GC invocations=30 (full 0):
 garbage-first heap   total 229376K, used 159715K [0x0000000080000000, 0x0000000100000000)
  region size 1024K, 4 young (4096K), 4 survivors (4096K)
 Metaspace       used 101554K, capacity 104044K, committed 104872K, reserved 1140736K
  class space    used 12917K, capacity 13836K, committed 14156K, reserved 1048576K
}
Event: 13.852 GC heap before
{Heap before GC invocations=30 (full 0):
 garbage-first heap   total 229376K, used 178147K [0x0000000080000000, 0x0000000100000000)
  region size 1024K, 22 young (22528K), 4 survivors (4096K)
 Metaspace       used 101554K, capacity 104044K, committed 104872K, reserved 1140736K
  class space    used 12917K, capacity 13836K, committed 14156K, reserved 1048576K
}
Event: 13.863 GC heap after
{Heap after GC invocations=31 (full 0):
 garbage-first heap   total 229376K, used 175253K [0x0000000080000000, 0x0000000100000000)
  region size 1024K, 3 young (3072K), 3 survivors (3072K)
 Metaspace       used 101554K, capacity 104044K, committed 104872K, reserved 1140736K
  class space    used 12917K, capacity 13836K, committed 14156K, reserved 1048576K
}
Event: 13.893 GC heap before
{Heap before GC invocations=31 (full 0):
 garbage-first heap   total 229376K, used 186517K [0x0000000080000000, 0x0000000100000000)
  region size 1024K, 14 young (14336K), 3 survivors (3072K)
 Metaspace       used 101554K, capacity 104044K, committed 104872K, reserved 1140736K
  class space    used 12917K, capacity 13836K, committed 14156K, reserved 1048576K
}
Event: 13.901 GC heap after
{Heap after GC invocations=32 (full 0):
 garbage-first heap   total 229376K, used 184595K [0x0000000080000000, 0x0000000100000000)
  region size 1024K, 2 young (2048K), 2 survivors (2048K)
 Metaspace       used 101554K, capacity 104044K, committed 104872K, reserved 1140736K
  class space    used 12917K, capacity 13836K, committed 14156K, reserved 1048576K
}
Event: 13.924 GC heap before
{Heap before GC invocations=32 (full 0):
 garbage-first heap   total 229376K, used 193811K [0x0000000080000000, 0x0000000100000000)
  region size 1024K, 11 young (11264K), 2 survivors (2048K)
 Metaspace       used 101554K, capacity 104044K, committed 104872K, reserved 1140736K
  class space    used 12917K, capacity 13836K, committed 14156K, reserved 1048576K
}
Event: 13.930 GC heap after
{Heap after GC invocations=33 (full 0):
 garbage-first heap   total 229376K, used 192110K [0x0000000080000000, 0x0000000100000000)
  region size 1024K, 2 young (2048K), 2 survivors (2048K)
 Metaspace       used 101554K, capacity 104044K, committed 104872K, reserved 1140736K
  class space    used 12917K, capacity 13836K, committed 14156K, reserved 1048576K
}
Event: 13.957 GC heap before
{Heap before GC invocations=33 (full 0):
 garbage-first heap   total 229376K, used 200302K [0x0000000080000000, 0x0000000100000000)
  region size 1024K, 11 young (11264K), 2 survivors (2048K)
 Metaspace       used 101568K, capacity 104108K, committed 105128K, reserved 1140736K
  class space    used 12917K, capacity 13836K, committed 14156K, reserved 1048576K
}
Event: 13.963 GC heap after
{Heap after GC invocations=34 (full 0):
 garbage-first heap   total 275456K, used 196463K [0x0000000080000000, 0x0000000100000000)
  region size 1024K, 2 young (2048K), 2 survivors (2048K)
 Metaspace       used 101568K, capacity 104108K, committed 105128K, reserved 1140736K
  class space    used 12917K, capacity 13836K, committed 14156K, reserved 1048576K
}
Event: 14.087 GC heap before
{Heap before GC invocations=35 (full 0):
 garbage-first heap   total 275456K, used 215919K [0x0000000080000000, 0x0000000100000000)
  region size 1024K, 21 young (21504K), 2 survivors (2048K)
 Metaspace       used 101616K, capacity 104112K, committed 105128K, reserved 1140736K
  class space    used 12917K, capacity 13836K, committed 14156K, reserved 1048576K
}
Event: 14.095 GC heap after
{Heap after GC invocations=36 (full 0):
 garbage-first heap   total 275456K, used 212243K [0x0000000080000000, 0x0000000100000000)
  region size 1024K, 3 young (3072K), 3 survivors (3072K)
 Metaspace       used 101616K, capacity 104112K, committed 105128K, reserved 1140736K
  class space    used 12917K, capacity 13836K, committed 14156K, reserved 1048576K
}
Event: 14.119 GC heap before
{Heap before GC invocations=36 (full 0):
 garbage-first heap   total 275456K, used 222483K [0x0000000080000000, 0x0000000100000000)
  region size 1024K, 14 young (14336K), 3 survivors (3072K)
 Metaspace       used 101616K, capacity 104112K, committed 105128K, reserved 1140736K
  class space    used 12917K, capacity 13836K, committed 14156K, reserved 1048576K
}
Event: 14.126 GC heap after
{Heap after GC invocations=37 (full 0):
 garbage-first heap   total 275456K, used 224491K [0x0000000080000000, 0x0000000100000000)
  region size 1024K, 2 young (2048K), 2 survivors (2048K)
 Metaspace       used 101616K, capacity 104112K, committed 105128K, reserved 1140736K
  class space    used 12917K, capacity 13836K, committed 14156K, reserved 1048576K
}
Event: 14.145 GC heap before
{Heap before GC invocations=37 (full 0):
 garbage-first heap   total 275456K, used 235755K [0x0000000080000000, 0x0000000100000000)
  region size 1024K, 13 young (13312K), 2 survivors (2048K)
 Metaspace       used 101616K, capacity 104112K, committed 105128K, reserved 1140736K
  class space    used 12917K, capacity 13836K, committed 14156K, reserved 1048576K
}
Event: 14.155 GC heap after
{Heap after GC invocations=38 (full 0):
 garbage-first heap   total 275456K, used 237020K [0x0000000080000000, 0x0000000100000000)
  region size 1024K, 2 young (2048K), 2 survivors (2048K)
 Metaspace       used 101616K, capacity 104112K, committed 105128K, reserved 1140736K
  class space    used 12917K, capacity 13836K, committed 14156K, reserved 1048576K
}
Event: 14.179 GC heap before
{Heap before GC invocations=38 (full 0):
 garbage-first heap   total 275456K, used 248284K [0x0000000080000000, 0x0000000100000000)
  region size 1024K, 13 young (13312K), 2 survivors (2048K)
 Metaspace       used 101616K, capacity 104112K, committed 105128K, reserved 1140736K
  class space    used 12917K, capacity 13836K, committed 14156K, reserved 1048576K
}

