# JRE version: OpenJDK Runtime Environment (11.0.13) (build 11.0.13+0-b1751.21-8125866)
# Java VM: OpenJDK 64-Bit Server VM (11.0.13+0-b1751.21-8125866, mixed mode, tiered, compressed oops, g1 gc, windows-amd64)
Heap:
 garbage-first heap   total 406528K, used 204697K [0x0000000080000000, 0x0000000100000000)
  region size 1024K, 4 young (4096K), 4 survivors (4096K)
 Metaspace       used 148042K, capacity 152866K, committed 153640K, reserved 1183744K
  class space    used 18034K, capacity 19827K, committed 20428K, reserved 1048576K
GC Heap History (20 events):
Event: 23939.468 GC heap after
{Heap after GC invocations=211 (full 0):
 garbage-first heap   total 187392K, used 100918K [0x0000000080000000, 0x0000000100000000)
  region size 1024K, 4 young (4096K), 4 survivors (4096K)
 Metaspace       used 145777K, capacity 150359K, committed 151464K, reserved 1181696K
  class space    used 17802K, capacity 19520K, committed 20300K, reserved 1048576K
}
Event: 23939.983 GC heap before
{Heap before GC invocations=212 (full 0):
 garbage-first heap   total 187392K, used 144950K [0x0000000080000000, 0x0000000100000000)
  region size 1024K, 48 young (49152K), 4 survivors (4096K)
 Metaspace       used 146864K, capacity 151527K, committed 152360K, reserved 1181696K
  class space    used 17925K, capacity 19671K, committed 20428K, reserved 1048576K
}
Event: 23939.991 GC heap after
{Heap after GC invocations=213 (full 0):
 garbage-first heap   total 225280K, used 104068K [0x0000000080000000, 0x0000000100000000)
  region size 1024K, 6 young (6144K), 6 survivors (6144K)
 Metaspace       used 146864K, capacity 151527K, committed 152360K, reserved 1181696K
  class space    used 17925K, capacity 19671K, committed 20428K, reserved 1048576K
}
Event: 23940.009 GC heap before
{Heap before GC invocations=213 (full 0):
 garbage-first heap   total 225280K, used 109188K [0x0000000080000000, 0x0000000100000000)
  region size 1024K, 11 young (11264K), 6 survivors (6144K)
 Metaspace       used 146887K, capacity 151533K, committed 152360K, reserved 1181696K
  class space    used 17933K, capacity 19673K, committed 20428K, reserved 1048576K
}
Event: 23940.016 GC heap after
{Heap after GC invocations=214 (full 0):
 garbage-first heap   total 225280K, used 101897K [0x0000000080000000, 0x0000000100000000)
  region size 1024K, 1 young (1024K), 1 survivors (1024K)
 Metaspace       used 146887K, capacity 151533K, committed 152360K, reserved 1181696K
  class space    used 17933K, capacity 19673K, committed 20428K, reserved 1048576K
}
Event: 23940.261 GC heap before
{Heap before GC invocations=214 (full 0):
 garbage-first heap   total 225280K, used 166409K [0x0000000080000000, 0x0000000100000000)
  region size 1024K, 64 young (65536K), 1 survivors (1024K)
 Metaspace       used 147184K, capacity 151807K, committed 152616K, reserved 1181696K
  class space    used 17935K, capacity 19676K, committed 20428K, reserved 1048576K
}
Event: 23940.265 GC heap after
{Heap after GC invocations=215 (full 0):
 garbage-first heap   total 225280K, used 101287K [0x0000000080000000, 0x0000000100000000)
  region size 1024K, 1 young (1024K), 1 survivors (1024K)
 Metaspace       used 147184K, capacity 151807K, committed 152616K, reserved 1181696K
  class space    used 17935K, capacity 19676K, committed 20428K, reserved 1048576K
}
Event: 23940.885 GC heap before
{Heap before GC invocations=216 (full 0):
 garbage-first heap   total 225280K, used 211879K [0x0000000080000000, 0x0000000100000000)
  region size 1024K, 69 young (70656K), 1 survivors (1024K)
 Metaspace       used 147326K, capacity 151966K, committed 152872K, reserved 1181696K
  class space    used 17938K, capacity 19681K, committed 20428K, reserved 1048576K
}
Event: 23940.903 GC heap after
{Heap after GC invocations=217 (full 0):
 garbage-first heap   total 236544K, used 147558K [0x0000000080000000, 0x0000000100000000)
  region size 1024K, 9 young (9216K), 9 survivors (9216K)
 Metaspace       used 147326K, capacity 151966K, committed 152872K, reserved 1181696K
  class space    used 17938K, capacity 19681K, committed 20428K, reserved 1048576K
}
Event: 23940.909 GC heap before
{Heap before GC invocations=217 (full 0):
 garbage-first heap   total 236544K, used 148582K [0x0000000080000000, 0x0000000100000000)
  region size 1024K, 11 young (11264K), 9 survivors (9216K)
 Metaspace       used 147328K, capacity 151967K, committed 152872K, reserved 1181696K
  class space    used 17938K, capacity 19681K, committed 20428K, reserved 1048576K
}
Event: 23940.920 GC heap after
{Heap after GC invocations=218 (full 0):
 garbage-first heap   total 236544K, used 148887K [0x0000000080000000, 0x0000000100000000)
  region size 1024K, 2 young (2048K), 2 survivors (2048K)
 Metaspace       used 147328K, capacity 151967K, committed 152872K, reserved 1181696K
  class space    used 17938K, capacity 19681K, committed 20428K, reserved 1048576K
}
Event: 23940.996 GC heap before
{Heap before GC invocations=218 (full 0):
 garbage-first heap   total 236544K, used 186775K [0x0000000080000000, 0x0000000100000000)
  region size 1024K, 40 young (40960K), 2 survivors (2048K)
 Metaspace       used 147492K, capacity 152181K, committed 153128K, reserved 1181696K
  class space    used 17955K, capacity 19711K, committed 20428K, reserved 1048576K
}
Event: 23941.013 GC heap after
{Heap after GC invocations=219 (full 0):
 garbage-first heap   total 284672K, used 168717K [0x0000000080000000, 0x0000000100000000)
  region size 1024K, 5 young (5120K), 5 survivors (5120K)
 Metaspace       used 147492K, capacity 152181K, committed 153128K, reserved 1181696K
  class space    used 17955K, capacity 19711K, committed 20428K, reserved 1048576K
}
Event: 23941.190 GC heap before
{Heap before GC invocations=219 (full 0):
 garbage-first heap   total 284672K, used 216845K [0x0000000080000000, 0x0000000100000000)
  region size 1024K, 53 young (54272K), 5 survivors (5120K)
 Metaspace       used 147541K, capacity 152184K, committed 153128K, reserved 1181696K
  class space    used 17955K, capacity 19711K, committed 20428K, reserved 1048576K
}
Event: 23941.218 GC heap after
{Heap after GC invocations=220 (full 0):
 garbage-first heap   total 284672K, used 195095K [0x0000000080000000, 0x0000000100000000)
  region size 1024K, 7 young (7168K), 7 survivors (7168K)
 Metaspace       used 147541K, capacity 152184K, committed 153128K, reserved 1181696K
  class space    used 17955K, capacity 19711K, committed 20428K, reserved 1048576K
}
Event: 23941.437 GC heap before
{Heap before GC invocations=221 (full 0):
 garbage-first heap   total 284672K, used 224791K [0x0000000080000000, 0x0000000100000000)
  region size 1024K, 37 young (37888K), 7 survivors (7168K)
 Metaspace       used 147904K, capacity 152734K, committed 153384K, reserved 1181696K
  class space    used 18023K, capacity 19809K, committed 20428K, reserved 1048576K
}
Event: 23941.452 GC heap after
{Heap after GC invocations=222 (full 0):
 garbage-first heap   total 284672K, used 200958K [0x0000000080000000, 0x0000000100000000)
  region size 1024K, 5 young (5120K), 5 survivors (5120K)
 Metaspace       used 147904K, capacity 152734K, committed 153384K, reserved 1181696K
  class space    used 18023K, capacity 19809K, committed 20428K, reserved 1048576K
}
Event: 23941.491 GC heap before
{Heap before GC invocations=222 (full 0):
 garbage-first heap   total 284672K, used 209150K [0x0000000080000000, 0x0000000100000000)
  region size 1024K, 13 young (13312K), 5 survivors (5120K)
 Metaspace       used 147960K, capacity 152776K, committed 153384K, reserved 1181696K
  class space    used 18031K, capacity 19822K, committed 20428K, reserved 1048576K
}
Event: 23941.499 GC heap after
{Heap after GC invocations=223 (full 0):
 garbage-first heap   total 284672K, used 201737K [0x0000000080000000, 0x0000000100000000)
  region size 1024K, 2 young (2048K), 2 survivors (2048K)
 Metaspace       used 147960K, capacity 152776K, committed 153384K, reserved 1181696K
  class space    used 18031K, capacity 19822K, committed 20428K, reserved 1048576K
}
Event: 23941.603 GC heap before
{Heap before GC invocations=223 (full 0):
 garbage-first heap   total 284672K, used 230409K [0x0000000080000000, 0x0000000100000000)
  region size 1024K, 31 young (31744K), 2 survivors (2048K)
 Metaspace       used 148042K, capacity 152866K, committed 153640K, reserved 1183744K
  class space    used 18034K, capacity 19827K, committed 20428K, reserved 1048576K
}

