# JRE version: OpenJDK Runtime Environment (11.0.13) (build 11.0.13+0-b1751.21-8125866)
# Java VM: OpenJDK 64-Bit Server VM (11.0.13+0-b1751.21-8125866, mixed mode, tiered, compressed oops, g1 gc, windows-amd64)
Heap:
 garbage-first heap   total 649216K, used 203031K [0x0000000080000000, 0x0000000100000000)
  region size 1024K, 1 young (1024K), 1 survivors (1024K)
 Metaspace       used 103001K, capacity 105518K, committed 106228K, reserved 1140736K
  class space    used 13047K, capacity 13979K, committed 14208K, reserved 1048576K
GC Heap History (20 events):
Event: 15.426 GC heap after
{Heap after GC invocations=33 (full 0):
 garbage-first heap   total 187392K, used 157401K [0x0000000080000000, 0x0000000100000000)
  region size 1024K, 2 young (2048K), 2 survivors (2048K)
 Metaspace       used 101590K, capacity 104041K, committed 104820K, reserved 1140736K
  class space    used 12916K, capacity 13834K, committed 14080K, reserved 1048576K
}
Event: 15.452 GC heap before
{Heap before GC invocations=33 (full 0):
 garbage-first heap   total 187392K, used 163545K [0x0000000080000000, 0x0000000100000000)
  region size 1024K, 9 young (9216K), 2 survivors (2048K)
 Metaspace       used 101590K, capacity 104041K, committed 104820K, reserved 1140736K
  class space    used 12916K, capacity 13834K, committed 14080K, reserved 1048576K
}
Event: 15.456 GC heap after
{Heap after GC invocations=34 (full 0):
 garbage-first heap   total 225280K, used 165274K [0x0000000080000000, 0x0000000100000000)
  region size 1024K, 2 young (2048K), 2 survivors (2048K)
 Metaspace       used 101590K, capacity 104041K, committed 104820K, reserved 1140736K
  class space    used 12916K, capacity 13834K, committed 14080K, reserved 1048576K
}
Event: 15.495 GC heap before
{Heap before GC invocations=34 (full 0):
 garbage-first heap   total 225280K, used 179610K [0x0000000080000000, 0x0000000100000000)
  region size 1024K, 16 young (16384K), 2 survivors (2048K)
 Metaspace       used 101592K, capacity 104042K, committed 104820K, reserved 1140736K
  class space    used 12916K, capacity 13834K, committed 14080K, reserved 1048576K
}
Event: 15.502 GC heap after
{Heap after GC invocations=35 (full 0):
 garbage-first heap   total 225280K, used 177152K [0x0000000080000000, 0x0000000100000000)
  region size 1024K, 2 young (2048K), 2 survivors (2048K)
 Metaspace       used 101592K, capacity 104042K, committed 104820K, reserved 1140736K
  class space    used 12916K, capacity 13834K, committed 14080K, reserved 1048576K
}
Event: 15.525 GC heap before
{Heap before GC invocations=35 (full 0):
 garbage-first heap   total 225280K, used 186368K [0x0000000080000000, 0x0000000100000000)
  region size 1024K, 11 young (11264K), 2 survivors (2048K)
 Metaspace       used 101592K, capacity 104042K, committed 104820K, reserved 1140736K
  class space    used 12916K, capacity 13834K, committed 14080K, reserved 1048576K
}
Event: 15.534 GC heap after
{Heap after GC invocations=36 (full 0):
 garbage-first heap   total 225280K, used 184714K [0x0000000080000000, 0x0000000100000000)
  region size 1024K, 2 young (2048K), 2 survivors (2048K)
 Metaspace       used 101592K, capacity 104042K, committed 104820K, reserved 1140736K
  class space    used 12916K, capacity 13834K, committed 14080K, reserved 1048576K
}
Event: 15.546 GC heap before
{Heap before GC invocations=36 (full 0):
 garbage-first heap   total 225280K, used 193930K [0x0000000080000000, 0x0000000100000000)
  region size 1024K, 11 young (11264K), 2 survivors (2048K)
 Metaspace       used 101592K, capacity 104042K, committed 104820K, reserved 1140736K
  class space    used 12916K, capacity 13834K, committed 14080K, reserved 1048576K
}
Event: 15.551 GC heap after
{Heap after GC invocations=37 (full 0):
 garbage-first heap   total 225280K, used 191789K [0x0000000080000000, 0x0000000100000000)
  region size 1024K, 2 young (2048K), 2 survivors (2048K)
 Metaspace       used 101592K, capacity 104042K, committed 104820K, reserved 1140736K
  class space    used 12916K, capacity 13834K, committed 14080K, reserved 1048576K
}
Event: 15.582 GC heap before
{Heap before GC invocations=37 (full 0):
 garbage-first heap   total 225280K, used 201005K [0x0000000080000000, 0x0000000100000000)
  region size 1024K, 11 young (11264K), 2 survivors (2048K)
 Metaspace       used 101593K, capacity 104042K, committed 104820K, reserved 1140736K
  class space    used 12916K, capacity 13834K, committed 14080K, reserved 1048576K
}
Event: 15.587 GC heap after
{Heap after GC invocations=38 (full 0):
 garbage-first heap   total 225280K, used 197009K [0x0000000080000000, 0x0000000100000000)
  region size 1024K, 2 young (2048K), 2 survivors (2048K)
 Metaspace       used 101593K, capacity 104042K, committed 104820K, reserved 1140736K
  class space    used 12916K, capacity 13834K, committed 14080K, reserved 1048576K
}
Event: 15.645 GC heap before
{Heap before GC invocations=39 (full 0):
 garbage-first heap   total 225280K, used 205201K [0x0000000080000000, 0x0000000100000000)
  region size 1024K, 11 young (11264K), 2 survivors (2048K)
 Metaspace       used 101669K, capacity 104115K, committed 104820K, reserved 1140736K
  class space    used 12916K, capacity 13834K, committed 14080K, reserved 1048576K
}
Event: 15.653 GC heap after
{Heap after GC invocations=40 (full 0):
 garbage-first heap   total 324608K, used 201119K [0x0000000080000000, 0x0000000100000000)
  region size 1024K, 2 young (2048K), 2 survivors (2048K)
 Metaspace       used 101669K, capacity 104115K, committed 104820K, reserved 1140736K
  class space    used 12916K, capacity 13834K, committed 14080K, reserved 1048576K
}
Event: 15.732 GC heap before
{Heap before GC invocations=40 (full 0):
 garbage-first heap   total 324608K, used 232863K [0x0000000080000000, 0x0000000100000000)
  region size 1024K, 33 young (33792K), 2 survivors (2048K)
 Metaspace       used 101669K, capacity 104115K, committed 104820K, reserved 1140736K
  class space    used 12916K, capacity 13834K, committed 14080K, reserved 1048576K
}
Event: 15.749 GC heap after
{Heap after GC invocations=41 (full 0):
 garbage-first heap   total 324608K, used 228511K [0x0000000080000000, 0x0000000100000000)
  region size 1024K, 5 young (5120K), 5 survivors (5120K)
 Metaspace       used 101669K, capacity 104115K, committed 104820K, reserved 1140736K
  class space    used 12916K, capacity 13834K, committed 14080K, reserved 1048576K
}
Event: 15.783 GC heap before
{Heap before GC invocations=41 (full 0):
 garbage-first heap   total 324608K, used 250015K [0x0000000080000000, 0x0000000100000000)
  region size 1024K, 26 young (26624K), 5 survivors (5120K)
 Metaspace       used 101669K, capacity 104115K, committed 104820K, reserved 1140736K
  class space    used 12916K, capacity 13834K, committed 14080K, reserved 1048576K
}
Event: 15.796 GC heap after
{Heap after GC invocations=42 (full 0):
 garbage-first heap   total 324608K, used 244693K [0x0000000080000000, 0x0000000100000000)
  region size 1024K, 4 young (4096K), 4 survivors (4096K)
 Metaspace       used 101669K, capacity 104115K, committed 104820K, reserved 1140736K
  class space    used 12916K, capacity 13834K, committed 14080K, reserved 1048576K
}
Event: 16.059 GC heap before
{Heap before GC invocations=43 (full 0):
 garbage-first heap   total 324608K, used 222165K [0x0000000080000000, 0x0000000100000000)
  region size 1024K, 20 young (20480K), 4 survivors (4096K)
 Metaspace       used 102744K, capacity 105242K, committed 105972K, reserved 1140736K
  class space    used 13039K, capacity 13974K, committed 14208K, reserved 1048576K
}
Event: 16.065 GC heap after
{Heap after GC invocations=44 (full 0):
 garbage-first heap   total 324608K, used 209688K [0x0000000080000000, 0x0000000100000000)
  region size 1024K, 2 young (2048K), 2 survivors (2048K)
 Metaspace       used 102744K, capacity 105242K, committed 105972K, reserved 1140736K
  class space    used 13039K, capacity 13974K, committed 14208K, reserved 1048576K
}
Event: 16.224 GC heap before
{Heap before GC invocations=44 (full 0):
 garbage-first heap   total 324608K, used 223000K [0x0000000080000000, 0x0000000100000000)
  region size 1024K, 15 young (15360K), 2 survivors (2048K)
 Metaspace       used 103001K, capacity 105518K, committed 106228K, reserved 1140736K
  class space    used 13047K, capacity 13979K, committed 14208K, reserved 1048576K
}

