# JRE version: OpenJDK Runtime Environment (11.0.13) (build 11.0.13+0-b1751.21-8125866)
# Java VM: OpenJDK 64-Bit Server VM (11.0.13+0-b1751.21-8125866, mixed mode, tiered, compressed oops, g1 gc, windows-amd64)
Heap:
 garbage-first heap   total 273408K, used 118034K [0x0000000080000000, 0x0000000100000000)
  region size 1024K, 9 young (9216K), 9 survivors (9216K)
 Metaspace       used 103450K, capacity 105812K, committed 106280K, reserved 1146880K
  class space    used 12986K, capacity 13910K, committed 14168K, reserved 1048576K
GC Heap History (20 events):
Event: 20.544 GC heap before
{Heap before GC invocations=30 (full 0):
 garbage-first heap   total 155648K, used 91674K [0x0000000080000000, 0x0000000100000000)
  region size 1024K, 7 young (7168K), 1 survivors (1024K)
 Metaspace       used 93750K, capacity 95957K, committed 96936K, reserved 1132544K
  class space    used 11878K, capacity 12710K, committed 13016K, reserved 1048576K
}
Event: 20.548 GC heap after
{Heap after GC invocations=31 (full 0):
 garbage-first heap   total 155648K, used 84343K [0x0000000080000000, 0x0000000100000000)
  region size 1024K, 1 young (1024K), 1 survivors (1024K)
 Metaspace       used 93750K, capacity 95957K, committed 96936K, reserved 1132544K
  class space    used 11878K, capacity 12710K, committed 13016K, reserved 1048576K
}
Event: 20.715 GC heap before
{Heap before GC invocations=31 (full 0):
 garbage-first heap   total 155648K, used 115063K [0x0000000080000000, 0x0000000100000000)
  region size 1024K, 31 young (31744K), 1 survivors (1024K)
 Metaspace       used 93998K, capacity 96245K, committed 97320K, reserved 1134592K
  class space    used 11883K, capacity 12742K, committed 13144K, reserved 1048576K
}
Event: 20.721 GC heap after
{Heap after GC invocations=32 (full 0):
 garbage-first heap   total 155648K, used 85289K [0x0000000080000000, 0x0000000100000000)
  region size 1024K, 2 young (2048K), 2 survivors (2048K)
 Metaspace       used 93998K, capacity 96245K, committed 97320K, reserved 1134592K
  class space    used 11883K, capacity 12742K, committed 13144K, reserved 1048576K
}
Event: 20.925 GC heap before
{Heap before GC invocations=33 (full 0):
 garbage-first heap   total 155648K, used 116009K [0x0000000080000000, 0x0000000100000000)
  region size 1024K, 33 young (33792K), 2 survivors (2048K)
 Metaspace       used 94909K, capacity 97077K, committed 98088K, reserved 1134592K
  class space    used 11966K, capacity 12807K, committed 13144K, reserved 1048576K
}
Event: 20.931 GC heap after
{Heap after GC invocations=34 (full 0):
 garbage-first heap   total 187392K, used 87286K [0x0000000080000000, 0x0000000100000000)
  region size 1024K, 4 young (4096K), 4 survivors (4096K)
 Metaspace       used 94909K, capacity 97077K, committed 98088K, reserved 1134592K
  class space    used 11966K, capacity 12807K, committed 13144K, reserved 1048576K
}
Event: 20.953 GC heap before
{Heap before GC invocations=34 (full 0):
 garbage-first heap   total 187392K, used 92406K [0x0000000080000000, 0x0000000100000000)
  region size 1024K, 9 young (9216K), 4 survivors (4096K)
 Metaspace       used 95048K, capacity 97249K, committed 98088K, reserved 1134592K
  class space    used 11987K, capacity 12841K, committed 13144K, reserved 1048576K
}
Event: 20.956 GC heap after
{Heap after GC invocations=35 (full 0):
 garbage-first heap   total 187392K, used 87540K [0x0000000080000000, 0x0000000100000000)
  region size 1024K, 1 young (1024K), 1 survivors (1024K)
 Metaspace       used 95048K, capacity 97249K, committed 98088K, reserved 1134592K
  class space    used 11987K, capacity 12841K, committed 13144K, reserved 1048576K
}
Event: 21.171 GC heap before
{Heap before GC invocations=35 (full 0):
 garbage-first heap   total 187392K, used 130548K [0x0000000080000000, 0x0000000100000000)
  region size 1024K, 44 young (45056K), 1 survivors (1024K)
 Metaspace       used 95956K, capacity 98166K, committed 99240K, reserved 1134592K
  class space    used 12073K, capacity 12908K, committed 13272K, reserved 1048576K
}
Event: 21.177 GC heap after
{Heap after GC invocations=36 (full 0):
 garbage-first heap   total 187392K, used 88970K [0x0000000080000000, 0x0000000100000000)
  region size 1024K, 3 young (3072K), 3 survivors (3072K)
 Metaspace       used 95956K, capacity 98166K, committed 99240K, reserved 1134592K
  class space    used 12073K, capacity 12908K, committed 13272K, reserved 1048576K
}
Event: 21.684 GC heap before
{Heap before GC invocations=37 (full 0):
 garbage-first heap   total 187392K, used 134026K [0x0000000080000000, 0x0000000100000000)
  region size 1024K, 48 young (49152K), 3 survivors (3072K)
 Metaspace       used 97949K, capacity 100206K, committed 101032K, reserved 1136640K
  class space    used 12313K, capacity 13177K, committed 13528K, reserved 1048576K
}
Event: 21.689 GC heap after
{Heap after GC invocations=38 (full 0):
 garbage-first heap   total 187392K, used 90010K [0x0000000080000000, 0x0000000100000000)
  region size 1024K, 4 young (4096K), 4 survivors (4096K)
 Metaspace       used 97949K, capacity 100206K, committed 101032K, reserved 1136640K
  class space    used 12313K, capacity 13177K, committed 13528K, reserved 1048576K
}
Event: 21.736 GC heap before
{Heap before GC invocations=38 (full 0):
 garbage-first heap   total 187392K, used 95130K [0x0000000080000000, 0x0000000100000000)
  region size 1024K, 9 young (9216K), 4 survivors (4096K)
 Metaspace       used 98317K, capacity 100558K, committed 101544K, reserved 1136640K
  class space    used 12358K, capacity 13209K, committed 13528K, reserved 1048576K
}
Event: 21.741 GC heap after
{Heap after GC invocations=39 (full 0):
 garbage-first heap   total 225280K, used 87128K [0x0000000080000000, 0x0000000100000000)
  region size 1024K, 1 young (1024K), 1 survivors (1024K)
 Metaspace       used 98317K, capacity 100558K, committed 101544K, reserved 1136640K
  class space    used 12358K, capacity 13209K, committed 13528K, reserved 1048576K
}
Event: 22.410 GC heap before
{Heap before GC invocations=39 (full 0):
 garbage-first heap   total 225280K, used 152664K [0x0000000080000000, 0x0000000100000000)
  region size 1024K, 66 young (67584K), 1 survivors (1024K)
 Metaspace       used 100670K, capacity 102827K, committed 103592K, reserved 1138688K
  class space    used 12625K, capacity 13470K, committed 13784K, reserved 1048576K
}
Event: 22.416 GC heap after
{Heap after GC invocations=40 (full 0):
 garbage-first heap   total 225280K, used 91845K [0x0000000080000000, 0x0000000100000000)
  region size 1024K, 6 young (6144K), 6 survivors (6144K)
 Metaspace       used 100670K, capacity 102827K, committed 103592K, reserved 1138688K
  class space    used 12625K, capacity 13470K, committed 13784K, reserved 1048576K
}
Event: 22.789 GC heap before
{Heap before GC invocations=40 (full 0):
 garbage-first heap   total 225280K, used 175813K [0x0000000080000000, 0x0000000100000000)
  region size 1024K, 72 young (73728K), 6 survivors (6144K)
 Metaspace       used 102087K, capacity 104386K, committed 105000K, reserved 1140736K
  class space    used 12795K, capacity 13665K, committed 13912K, reserved 1048576K
}
Event: 22.797 GC heap after
{Heap after GC invocations=41 (full 0):
 garbage-first heap   total 225280K, used 98897K [0x0000000080000000, 0x0000000100000000)
  region size 1024K, 5 young (5120K), 5 survivors (5120K)
 Metaspace       used 102087K, capacity 104386K, committed 105000K, reserved 1140736K
  class space    used 12795K, capacity 13665K, committed 13912K, reserved 1048576K
}
Event: 22.860 GC heap before
{Heap before GC invocations=41 (full 0):
 garbage-first heap   total 225280K, used 166481K [0x0000000080000000, 0x0000000100000000)
  region size 1024K, 72 young (73728K), 5 survivors (5120K)
 Metaspace       used 102230K, capacity 104533K, committed 105384K, reserved 1140736K
  class space    used 12816K, capacity 13716K, committed 14040K, reserved 1048576K
}
Event: 22.869 GC heap after
{Heap after GC invocations=42 (full 0):
 garbage-first heap   total 225280K, used 108226K [0x0000000080000000, 0x0000000100000000)
  region size 1024K, 9 young (9216K), 9 survivors (9216K)
 Metaspace       used 102230K, capacity 104533K, committed 105384K, reserved 1140736K
  class space    used 12816K, capacity 13716K, committed 14040K, reserved 1048576K
}

