# JRE version: OpenJDK Runtime Environment (11.0.13) (build 11.0.13+0-b1751.21-8125866)
# Java VM: OpenJDK 64-Bit Server VM (11.0.13+0-b1751.21-8125866, mixed mode, tiered, compressed oops, g1 gc, windows-amd64)
Heap:
 garbage-first heap   total 610304K, used 213948K [0x0000000080000000, 0x0000000100000000)
  region size 1024K, 2 young (2048K), 2 survivors (2048K)
 Metaspace       used 102833K, capacity 105353K, committed 106024K, reserved 1140736K
  class space    used 13059K, capacity 13986K, committed 14208K, reserved 1048576K
GC Heap History (20 events):
Event: 13.327 GC heap after
{Heap after GC invocations=37 (full 0):
 garbage-first heap   total 187392K, used 145230K [0x0000000080000000, 0x0000000100000000)
  region size 1024K, 2 young (2048K), 2 survivors (2048K)
 Metaspace       used 101587K, capacity 104015K, committed 104872K, reserved 1140736K
  class space    used 12932K, capacity 13843K, committed 14080K, reserved 1048576K
}
Event: 13.401 GC heap before
{Heap before GC invocations=37 (full 0):
 garbage-first heap   total 187392K, used 157518K [0x0000000080000000, 0x0000000100000000)
  region size 1024K, 14 young (14336K), 2 survivors (2048K)
 Metaspace       used 101598K, capacity 104019K, committed 104872K, reserved 1140736K
  class space    used 12932K, capacity 13843K, committed 14080K, reserved 1048576K
}
Event: 13.407 GC heap after
{Heap after GC invocations=38 (full 0):
 garbage-first heap   total 187392K, used 156143K [0x0000000080000000, 0x0000000100000000)
  region size 1024K, 2 young (2048K), 2 survivors (2048K)
 Metaspace       used 101598K, capacity 104019K, committed 104872K, reserved 1140736K
  class space    used 12932K, capacity 13843K, committed 14080K, reserved 1048576K
}
Event: 13.428 GC heap before
{Heap before GC invocations=38 (full 0):
 garbage-first heap   total 187392K, used 162287K [0x0000000080000000, 0x0000000100000000)
  region size 1024K, 9 young (9216K), 2 survivors (2048K)
 Metaspace       used 101607K, capacity 104083K, committed 104872K, reserved 1140736K
  class space    used 12932K, capacity 13843K, committed 14080K, reserved 1048576K
}
Event: 13.433 GC heap after
{Heap after GC invocations=39 (full 0):
 garbage-first heap   total 225280K, used 163840K [0x0000000080000000, 0x0000000100000000)
  region size 1024K, 2 young (2048K), 2 survivors (2048K)
 Metaspace       used 101607K, capacity 104083K, committed 104872K, reserved 1140736K
  class space    used 12932K, capacity 13843K, committed 14080K, reserved 1048576K
}
Event: 13.469 GC heap before
{Heap before GC invocations=39 (full 0):
 garbage-first heap   total 225280K, used 178176K [0x0000000080000000, 0x0000000100000000)
  region size 1024K, 17 young (17408K), 2 survivors (2048K)
 Metaspace       used 101607K, capacity 104083K, committed 104872K, reserved 1140736K
  class space    used 12932K, capacity 13843K, committed 14080K, reserved 1048576K
}
Event: 13.476 GC heap after
{Heap after GC invocations=40 (full 0):
 garbage-first heap   total 225280K, used 176666K [0x0000000080000000, 0x0000000100000000)
  region size 1024K, 3 young (3072K), 3 survivors (3072K)
 Metaspace       used 101607K, capacity 104083K, committed 104872K, reserved 1140736K
  class space    used 12932K, capacity 13843K, committed 14080K, reserved 1048576K
}
Event: 13.491 GC heap before
{Heap before GC invocations=40 (full 0):
 garbage-first heap   total 225280K, used 185882K [0x0000000080000000, 0x0000000100000000)
  region size 1024K, 12 young (12288K), 3 survivors (3072K)
 Metaspace       used 101607K, capacity 104083K, committed 104872K, reserved 1140736K
  class space    used 12932K, capacity 13843K, committed 14080K, reserved 1048576K
}
Event: 13.498 GC heap after
{Heap after GC invocations=41 (full 0):
 garbage-first heap   total 225280K, used 184320K [0x0000000080000000, 0x0000000100000000)
  region size 1024K, 2 young (2048K), 2 survivors (2048K)
 Metaspace       used 101607K, capacity 104083K, committed 104872K, reserved 1140736K
  class space    used 12932K, capacity 13843K, committed 14080K, reserved 1048576K
}
Event: 13.536 GC heap before
{Heap before GC invocations=41 (full 0):
 garbage-first heap   total 225280K, used 193536K [0x0000000080000000, 0x0000000100000000)
  region size 1024K, 11 young (11264K), 2 survivors (2048K)
 Metaspace       used 101607K, capacity 104083K, committed 104872K, reserved 1140736K
  class space    used 12932K, capacity 13843K, committed 14080K, reserved 1048576K
}
Event: 13.542 GC heap after
{Heap after GC invocations=42 (full 0):
 garbage-first heap   total 225280K, used 191813K [0x0000000080000000, 0x0000000100000000)
  region size 1024K, 2 young (2048K), 2 survivors (2048K)
 Metaspace       used 101607K, capacity 104083K, committed 104872K, reserved 1140736K
  class space    used 12932K, capacity 13843K, committed 14080K, reserved 1048576K
}
Event: 13.570 GC heap before
{Heap before GC invocations=42 (full 0):
 garbage-first heap   total 225280K, used 201029K [0x0000000080000000, 0x0000000100000000)
  region size 1024K, 11 young (11264K), 2 survivors (2048K)
 Metaspace       used 101607K, capacity 104083K, committed 104872K, reserved 1140736K
  class space    used 12932K, capacity 13843K, committed 14080K, reserved 1048576K
}
Event: 13.578 GC heap after
{Heap after GC invocations=43 (full 0):
 garbage-first heap   total 305152K, used 197427K [0x0000000080000000, 0x0000000100000000)
  region size 1024K, 2 young (2048K), 2 survivors (2048K)
 Metaspace       used 101607K, capacity 104083K, committed 104872K, reserved 1140736K
  class space    used 12932K, capacity 13843K, committed 14080K, reserved 1048576K
}
Event: 13.675 GC heap before
{Heap before GC invocations=44 (full 0):
 garbage-first heap   total 305152K, used 229171K [0x0000000080000000, 0x0000000100000000)
  region size 1024K, 33 young (33792K), 2 survivors (2048K)
 Metaspace       used 101705K, capacity 104154K, committed 104872K, reserved 1140736K
  class space    used 12932K, capacity 13843K, committed 14080K, reserved 1048576K
}
Event: 13.687 GC heap after
{Heap after GC invocations=45 (full 0):
 garbage-first heap   total 305152K, used 223337K [0x0000000080000000, 0x0000000100000000)
  region size 1024K, 5 young (5120K), 5 survivors (5120K)
 Metaspace       used 101705K, capacity 104154K, committed 104872K, reserved 1140736K
  class space    used 12932K, capacity 13843K, committed 14080K, reserved 1048576K
}
Event: 13.705 GC heap before
{Heap before GC invocations=45 (full 0):
 garbage-first heap   total 305152K, used 240745K [0x0000000080000000, 0x0000000100000000)
  region size 1024K, 22 young (22528K), 5 survivors (5120K)
 Metaspace       used 101705K, capacity 104154K, committed 104872K, reserved 1140736K
  class space    used 12932K, capacity 13843K, committed 14080K, reserved 1048576K
}
Event: 13.716 GC heap after
{Heap after GC invocations=46 (full 0):
 garbage-first heap   total 305152K, used 242018K [0x0000000080000000, 0x0000000100000000)
  region size 1024K, 3 young (3072K), 3 survivors (3072K)
 Metaspace       used 101705K, capacity 104154K, committed 104872K, reserved 1140736K
  class space    used 12932K, capacity 13843K, committed 14080K, reserved 1048576K
}
Event: 13.749 GC heap before
{Heap before GC invocations=46 (full 0):
 garbage-first heap   total 305152K, used 253282K [0x0000000080000000, 0x0000000100000000)
  region size 1024K, 14 young (14336K), 3 survivors (3072K)
 Metaspace       used 101743K, capacity 104225K, committed 104872K, reserved 1140736K
  class space    used 12933K, capacity 13843K, committed 14080K, reserved 1048576K
}
Event: 13.755 GC heap after
{Heap after GC invocations=47 (full 0):
 garbage-first heap   total 305152K, used 248552K [0x0000000080000000, 0x0000000100000000)
  region size 1024K, 2 young (2048K), 2 survivors (2048K)
 Metaspace       used 101743K, capacity 104225K, committed 104872K, reserved 1140736K
  class space    used 12933K, capacity 13843K, committed 14080K, reserved 1048576K
}
Event: 13.988 GC heap before
{Heap before GC invocations=48 (full 0):
 garbage-first heap   total 305152K, used 222952K [0x0000000080000000, 0x0000000100000000)
  region size 1024K, 14 young (14336K), 2 survivors (2048K)
 Metaspace       used 102833K, capacity 105353K, committed 106024K, reserved 1140736K
  class space    used 13059K, capacity 13986K, committed 14208K, reserved 1048576K
}

