# JRE version: OpenJDK Runtime Environment (11.0.13) (build 11.0.13+0-b1751.21-8125866)
# Java VM: OpenJDK 64-Bit Server VM (11.0.13+0-b1751.21-8125866, mixed mode, tiered, compressed oops, g1 gc, windows-amd64)
Heap:
 garbage-first heap   total 388096K, used 261120K [0x0000000080000000, 0x0000000100000000)
  region size 1024K, 11 young (11264K), 6 survivors (6144K)
 Metaspace       used 124164K, capacity 127428K, committed 128168K, reserved 1161216K
  class space    used 15995K, capacity 17274K, committed 17536K, reserved 1048576K
GC Heap History (20 events):
Event: 550.947 GC heap after
{Heap after GC invocations=41 (full 0):
 garbage-first heap   total 187392K, used 153695K [0x0000000080000000, 0x0000000100000000)
  region size 1024K, 2 young (2048K), 2 survivors (2048K)
 Metaspace       used 121365K, capacity 124530K, committed 125480K, reserved 1157120K
  class space    used 15732K, capacity 17016K, committed 17408K, reserved 1048576K
}
Event: 551.058 GC heap before
{Heap before GC invocations=41 (full 0):
 garbage-first heap   total 187392K, used 159839K [0x0000000080000000, 0x0000000100000000)
  region size 1024K, 9 young (9216K), 2 survivors (2048K)
 Metaspace       used 121665K, capacity 125002K, committed 125992K, reserved 1159168K
  class space    used 15767K, capacity 17024K, committed 17408K, reserved 1048576K
}
Event: 551.062 GC heap after
{Heap after GC invocations=42 (full 0):
 garbage-first heap   total 187392K, used 155166K [0x0000000080000000, 0x0000000100000000)
  region size 1024K, 2 young (2048K), 2 survivors (2048K)
 Metaspace       used 121665K, capacity 125002K, committed 125992K, reserved 1159168K
  class space    used 15767K, capacity 17024K, committed 17408K, reserved 1048576K
}
Event: 551.274 GC heap before
{Heap before GC invocations=43 (full 0):
 garbage-first heap   total 187392K, used 163358K [0x0000000080000000, 0x0000000100000000)
  region size 1024K, 9 young (9216K), 2 survivors (2048K)
 Metaspace       used 122591K, capacity 125881K, committed 126888K, reserved 1159168K
  class space    used 15853K, capacity 17124K, committed 17536K, reserved 1048576K
}
Event: 551.277 GC heap after
{Heap after GC invocations=44 (full 0):
 garbage-first heap   total 187392K, used 156169K [0x0000000080000000, 0x0000000100000000)
  region size 1024K, 2 young (2048K), 2 survivors (2048K)
 Metaspace       used 122591K, capacity 125881K, committed 126888K, reserved 1159168K
  class space    used 15853K, capacity 17124K, committed 17536K, reserved 1048576K
}
Event: 551.366 GC heap before
{Heap before GC invocations=44 (full 0):
 garbage-first heap   total 187392K, used 162313K [0x0000000080000000, 0x0000000100000000)
  region size 1024K, 9 young (9216K), 2 survivors (2048K)
 Metaspace       used 122750K, capacity 126016K, committed 127144K, reserved 1159168K
  class space    used 15858K, capacity 17126K, committed 17536K, reserved 1048576K
}
Event: 551.370 GC heap after
{Heap after GC invocations=45 (full 0):
 garbage-first heap   total 187392K, used 159873K [0x0000000080000000, 0x0000000100000000)
  region size 1024K, 2 young (2048K), 2 survivors (2048K)
 Metaspace       used 122750K, capacity 126016K, committed 127144K, reserved 1159168K
  class space    used 15858K, capacity 17126K, committed 17536K, reserved 1048576K
}
Event: 551.387 GC heap before
{Heap before GC invocations=45 (full 0):
 garbage-first heap   total 187392K, used 166017K [0x0000000080000000, 0x0000000100000000)
  region size 1024K, 9 young (9216K), 2 survivors (2048K)
 Metaspace       used 122750K, capacity 126016K, committed 127144K, reserved 1159168K
  class space    used 15858K, capacity 17126K, committed 17536K, reserved 1048576K
}
Event: 551.394 GC heap after
{Heap after GC invocations=46 (full 0):
 garbage-first heap   total 238592K, used 167234K [0x0000000080000000, 0x0000000100000000)
  region size 1024K, 2 young (2048K), 2 survivors (2048K)
 Metaspace       used 122750K, capacity 126016K, committed 127144K, reserved 1159168K
  class space    used 15858K, capacity 17126K, committed 17536K, reserved 1048576K
}
Event: 551.452 GC heap before
{Heap before GC invocations=46 (full 0):
 garbage-first heap   total 238592K, used 182594K [0x0000000080000000, 0x0000000100000000)
  region size 1024K, 18 young (18432K), 2 survivors (2048K)
 Metaspace       used 122750K, capacity 126016K, committed 127144K, reserved 1159168K
  class space    used 15858K, capacity 17126K, committed 17536K, reserved 1048576K
}
Event: 551.461 GC heap after
{Heap after GC invocations=47 (full 0):
 garbage-first heap   total 238592K, used 182682K [0x0000000080000000, 0x0000000100000000)
  region size 1024K, 3 young (3072K), 3 survivors (3072K)
 Metaspace       used 122750K, capacity 126016K, committed 127144K, reserved 1159168K
  class space    used 15858K, capacity 17126K, committed 17536K, reserved 1048576K
}
Event: 551.479 GC heap before
{Heap before GC invocations=47 (full 0):
 garbage-first heap   total 238592K, used 192922K [0x0000000080000000, 0x0000000100000000)
  region size 1024K, 13 young (13312K), 3 survivors (3072K)
 Metaspace       used 122750K, capacity 126016K, committed 127144K, reserved 1159168K
  class space    used 15858K, capacity 17126K, committed 17536K, reserved 1048576K
}
Event: 551.485 GC heap after
{Heap after GC invocations=48 (full 0):
 garbage-first heap   total 238592K, used 191383K [0x0000000080000000, 0x0000000100000000)
  region size 1024K, 2 young (2048K), 2 survivors (2048K)
 Metaspace       used 122750K, capacity 126016K, committed 127144K, reserved 1159168K
  class space    used 15858K, capacity 17126K, committed 17536K, reserved 1048576K
}
Event: 551.499 GC heap before
{Heap before GC invocations=48 (full 0):
 garbage-first heap   total 238592K, used 200599K [0x0000000080000000, 0x0000000100000000)
  region size 1024K, 11 young (11264K), 2 survivors (2048K)
 Metaspace       used 122750K, capacity 126016K, committed 127144K, reserved 1159168K
  class space    used 15858K, capacity 17126K, committed 17536K, reserved 1048576K
}
Event: 551.505 GC heap after
{Heap after GC invocations=49 (full 0):
 garbage-first heap   total 238592K, used 198836K [0x0000000080000000, 0x0000000100000000)
  region size 1024K, 2 young (2048K), 2 survivors (2048K)
 Metaspace       used 122750K, capacity 126016K, committed 127144K, reserved 1159168K
  class space    used 15858K, capacity 17126K, committed 17536K, reserved 1048576K
}
Event: 551.532 GC heap before
{Heap before GC invocations=49 (full 0):
 garbage-first heap   total 238592K, used 208052K [0x0000000080000000, 0x0000000100000000)
  region size 1024K, 11 young (11264K), 2 survivors (2048K)
 Metaspace       used 122750K, capacity 126016K, committed 127144K, reserved 1159168K
  class space    used 15858K, capacity 17126K, committed 17536K, reserved 1048576K
}
Event: 551.543 GC heap after
{Heap after GC invocations=50 (full 0):
 garbage-first heap   total 388096K, used 205809K [0x0000000080000000, 0x0000000100000000)
  region size 1024K, 2 young (2048K), 2 survivors (2048K)
 Metaspace       used 122750K, capacity 126016K, committed 127144K, reserved 1159168K
  class space    used 15858K, capacity 17126K, committed 17536K, reserved 1048576K
}
Event: 551.688 GC heap before
{Heap before GC invocations=51 (full 0):
 garbage-first heap   total 388096K, used 253937K [0x0000000080000000, 0x0000000100000000)
  region size 1024K, 49 young (50176K), 2 survivors (2048K)
 Metaspace       used 122805K, capacity 126081K, committed 127144K, reserved 1159168K
  class space    used 15858K, capacity 17126K, committed 17536K, reserved 1048576K
}
Event: 551.709 GC heap after
{Heap after GC invocations=52 (full 0):
 garbage-first heap   total 388096K, used 241927K [0x0000000080000000, 0x0000000100000000)
  region size 1024K, 7 young (7168K), 7 survivors (7168K)
 Metaspace       used 122805K, capacity 126081K, committed 127144K, reserved 1159168K
  class space    used 15858K, capacity 17126K, committed 17536K, reserved 1048576K
}
Event: 551.949 GC heap before
{Heap before GC invocations=52 (full 0):
 garbage-first heap   total 388096K, used 277767K [0x0000000080000000, 0x0000000100000000)
  region size 1024K, 42 young (43008K), 7 survivors (7168K)
 Metaspace       used 123949K, capacity 127222K, committed 127912K, reserved 1159168K
  class space    used 15985K, capacity 17270K, committed 17536K, reserved 1048576K
}

